[1.870s] Invoking command in '/home/littled3092/Documents/turbo-turret/src/target_recognize': PYTHONPATH=/home/littled3092/Documents/turbo-turret/build/target_recognize/prefix_override:/home/littled3092/Documents/turbo-turret/install/target_recognize/lib/python3.10/site-packages:${PYTHONPATH} /usr/bin/python3 setup.py egg_info --egg-base ../../build/target_recognize build --build-base /home/littled3092/Documents/turbo-turret/build/target_recognize/build install --record /home/littled3092/Documents/turbo-turret/build/target_recognize/install.log --single-version-externally-managed
[2.314s] running egg_info
[2.316s] writing ../../build/target_recognize/target_recognize.egg-info/PKG-INFO
[2.317s] writing dependency_links to ../../build/target_recognize/target_recognize.egg-info/dependency_links.txt
[2.317s] writing entry points to ../../build/target_recognize/target_recognize.egg-info/entry_points.txt
[2.317s] writing requirements to ../../build/target_recognize/target_recognize.egg-info/requires.txt
[2.317s] writing top-level names to ../../build/target_recognize/target_recognize.egg-info/top_level.txt
[2.320s] reading manifest file '../../build/target_recognize/target_recognize.egg-info/SOURCES.txt'
[2.322s] writing manifest file '../../build/target_recognize/target_recognize.egg-info/SOURCES.txt'
[2.322s] running build
[2.322s] running build_py
[2.322s] running install
[2.323s] running install_lib
[2.325s] running install_data
[2.326s] running install_egg_info
[2.331s] removing '/home/littled3092/Documents/turbo-turret/install/target_recognize/lib/python3.10/site-packages/target_recognize-0.0.0-py3.10.egg-info' (and everything under it)
[2.331s] Copying ../../build/target_recognize/target_recognize.egg-info to /home/littled3092/Documents/turbo-turret/install/target_recognize/lib/python3.10/site-packages/target_recognize-0.0.0-py3.10.egg-info
[2.332s] running install_scripts
[2.374s] Installing target_recognize script to /home/littled3092/Documents/turbo-turret/install/target_recognize/lib/target_recognize
[2.375s] writing list of installed files to '/home/littled3092/Documents/turbo-turret/build/target_recognize/install.log'
[2.507s] Invoked command in '/home/littled3092/Documents/turbo-turret/src/target_recognize' returned '0': PYTHONPATH=/home/littled3092/Documents/turbo-turret/build/target_recognize/prefix_override:/home/littled3092/Documents/turbo-turret/install/target_recognize/lib/python3.10/site-packages:${PYTHONPATH} /usr/bin/python3 setup.py egg_info --egg-base ../../build/target_recognize build --build-base /home/littled3092/Documents/turbo-turret/build/target_recognize/build install --record /home/littled3092/Documents/turbo-turret/build/target_recognize/install.log --single-version-externally-managed
