[2.214s] Invoking command in '/home/littled3092/Documents/turbo-turret/src/main_control': PYTHONPATH=/home/littled3092/Documents/turbo-turret/build/main_control/prefix_override:/home/littled3092/Documents/turbo-turret/install/main_control/lib/python3.10/site-packages:${PYTHONPATH} /usr/bin/python3 setup.py egg_info --egg-base ../../build/main_control build --build-base /home/littled3092/Documents/turbo-turret/build/main_control/build install --record /home/littled3092/Documents/turbo-turret/build/main_control/install.log --single-version-externally-managed
[2.705s] running egg_info
[2.707s] writing ../../build/main_control/main_control.egg-info/PKG-INFO
[2.707s] writing dependency_links to ../../build/main_control/main_control.egg-info/dependency_links.txt
[2.707s] writing entry points to ../../build/main_control/main_control.egg-info/entry_points.txt
[2.708s] writing requirements to ../../build/main_control/main_control.egg-info/requires.txt
[2.708s] writing top-level names to ../../build/main_control/main_control.egg-info/top_level.txt
[2.712s] reading manifest file '../../build/main_control/main_control.egg-info/SOURCES.txt'
[2.714s] writing manifest file '../../build/main_control/main_control.egg-info/SOURCES.txt'
[2.714s] running build
[2.714s] running build_py
[2.714s] copying main_control/main_control.py -> /home/littled3092/Documents/turbo-turret/build/main_control/build/lib/main_control
[2.714s] running install
[2.715s] running install_lib
[2.718s] copying /home/littled3092/Documents/turbo-turret/build/main_control/build/lib/main_control/main_control.py -> /home/littled3092/Documents/turbo-turret/install/main_control/lib/python3.10/site-packages/main_control
[2.719s] byte-compiling /home/littled3092/Documents/turbo-turret/install/main_control/lib/python3.10/site-packages/main_control/main_control.py to main_control.cpython-310.pyc
[2.721s] running install_data
[2.727s] running install_egg_info
[2.727s] removing '/home/littled3092/Documents/turbo-turret/install/main_control/lib/python3.10/site-packages/main_control-0.0.0-py3.10.egg-info' (and everything under it)
[2.727s] Copying ../../build/main_control/main_control.egg-info to /home/littled3092/Documents/turbo-turret/install/main_control/lib/python3.10/site-packages/main_control-0.0.0-py3.10.egg-info
[2.729s] running install_scripts
[2.771s] Installing client script to /home/littled3092/Documents/turbo-turret/install/main_control/lib/main_control
[2.771s] Installing main_control script to /home/littled3092/Documents/turbo-turret/install/main_control/lib/main_control
[2.772s] writing list of installed files to '/home/littled3092/Documents/turbo-turret/build/main_control/install.log'
[2.845s] Invoked command in '/home/littled3092/Documents/turbo-turret/src/main_control' returned '0': PYTHONPATH=/home/littled3092/Documents/turbo-turret/build/main_control/prefix_override:/home/littled3092/Documents/turbo-turret/install/main_control/lib/python3.10/site-packages:${PYTHONPATH} /usr/bin/python3 setup.py egg_info --egg-base ../../build/main_control build --build-base /home/littled3092/Documents/turbo-turret/build/main_control/build install --record /home/littled3092/Documents/turbo-turret/build/main_control/install.log --single-version-externally-managed
