[1.700s] Invoking command in '/home/littled3092/Documents/turbo-turret/src/main_control': PYTHONPATH=/home/littled3092/Documents/turbo-turret/build/main_control/prefix_override:/home/littled3092/Documents/turbo-turret/install/main_control/lib/python3.10/site-packages:${PYTHONPATH} /usr/bin/python3 setup.py egg_info --egg-base ../../build/main_control build --build-base /home/littled3092/Documents/turbo-turret/build/main_control/build install --record /home/littled3092/Documents/turbo-turret/build/main_control/install.log --single-version-externally-managed
[2.133s] running egg_info
[2.134s] writing ../../build/main_control/main_control.egg-info/PKG-INFO
[2.135s] writing dependency_links to ../../build/main_control/main_control.egg-info/dependency_links.txt
[2.135s] writing entry points to ../../build/main_control/main_control.egg-info/entry_points.txt
[2.135s] writing requirements to ../../build/main_control/main_control.egg-info/requires.txt
[2.136s] writing top-level names to ../../build/main_control/main_control.egg-info/top_level.txt
[2.142s] reading manifest file '../../build/main_control/main_control.egg-info/SOURCES.txt'
[2.147s] writing manifest file '../../build/main_control/main_control.egg-info/SOURCES.txt'
[2.147s] running build
[2.147s] running build_py
[2.147s] running install
[2.148s] running install_lib
[2.149s] running install_data
[2.150s] running install_egg_info
[2.154s] removing '/home/littled3092/Documents/turbo-turret/install/main_control/lib/python3.10/site-packages/main_control-0.0.0-py3.10.egg-info' (and everything under it)
[2.155s] Copying ../../build/main_control/main_control.egg-info to /home/littled3092/Documents/turbo-turret/install/main_control/lib/python3.10/site-packages/main_control-0.0.0-py3.10.egg-info
[2.157s] running install_scripts
[2.220s] Installing main_control script to /home/littled3092/Documents/turbo-turret/install/main_control/lib/main_control
[2.225s] writing list of installed files to '/home/littled3092/Documents/turbo-turret/build/main_control/install.log'
[2.339s] Invoked command in '/home/littled3092/Documents/turbo-turret/src/main_control' returned '0': PYTHONPATH=/home/littled3092/Documents/turbo-turret/build/main_control/prefix_override:/home/littled3092/Documents/turbo-turret/install/main_control/lib/python3.10/site-packages:${PYTHONPATH} /usr/bin/python3 setup.py egg_info --egg-base ../../build/main_control build --build-base /home/littled3092/Documents/turbo-turret/build/main_control/build install --record /home/littled3092/Documents/turbo-turret/build/main_control/install.log --single-version-externally-managed
