[1.701s] Invoking command in '/home/littled3092/Documents/turbo-turret/src/controller_input': PYTHONPATH=/home/littled3092/Documents/turbo-turret/build/controller_input/prefix_override:/home/littled3092/Documents/turbo-turret/install/controller_input/lib/python3.10/site-packages:${PYTHONPATH} /usr/bin/python3 setup.py egg_info --egg-base ../../build/controller_input build --build-base /home/littled3092/Documents/turbo-turret/build/controller_input/build install --record /home/littled3092/Documents/turbo-turret/build/controller_input/install.log --single-version-externally-managed
[2.110s] running egg_info
[2.112s] writing ../../build/controller_input/controller_input.egg-info/PKG-INFO
[2.113s] writing dependency_links to ../../build/controller_input/controller_input.egg-info/dependency_links.txt
[2.113s] writing entry points to ../../build/controller_input/controller_input.egg-info/entry_points.txt
[2.113s] writing requirements to ../../build/controller_input/controller_input.egg-info/requires.txt
[2.113s] writing top-level names to ../../build/controller_input/controller_input.egg-info/top_level.txt
[2.118s] reading manifest file '../../build/controller_input/controller_input.egg-info/SOURCES.txt'
[2.120s] writing manifest file '../../build/controller_input/controller_input.egg-info/SOURCES.txt'
[2.120s] running build
[2.120s] running build_py
[2.120s] running install
[2.124s] running install_lib
[2.125s] running install_data
[2.126s] copying package.xml -> /home/littled3092/Documents/turbo-turret/install/controller_input/share/controller_input
[2.132s] running install_egg_info
[2.132s] removing '/home/littled3092/Documents/turbo-turret/install/controller_input/lib/python3.10/site-packages/controller_input-0.0.0-py3.10.egg-info' (and everything under it)
[2.133s] Copying ../../build/controller_input/controller_input.egg-info to /home/littled3092/Documents/turbo-turret/install/controller_input/lib/python3.10/site-packages/controller_input-0.0.0-py3.10.egg-info
[2.136s] running install_scripts
[2.181s] Installing controller_input script to /home/littled3092/Documents/turbo-turret/install/controller_input/lib/controller_input
[2.182s] writing list of installed files to '/home/littled3092/Documents/turbo-turret/build/controller_input/install.log'
[2.269s] Invoked command in '/home/littled3092/Documents/turbo-turret/src/controller_input' returned '0': PYTHONPATH=/home/littled3092/Documents/turbo-turret/build/controller_input/prefix_override:/home/littled3092/Documents/turbo-turret/install/controller_input/lib/python3.10/site-packages:${PYTHONPATH} /usr/bin/python3 setup.py egg_info --egg-base ../../build/controller_input build --build-base /home/littled3092/Documents/turbo-turret/build/controller_input/build install --record /home/littled3092/Documents/turbo-turret/build/controller_input/install.log --single-version-externally-managed
