[35m[1mConsolidate compiler generated dependencies of target controller_input_srv__rosidl_generator_c[0m
[  3%] Built target controller_input_srv__cpp
[ 12%] Built target controller_input_srv__rosidl_generator_c
[ 12%] Built target ament_cmake_python_copy_controller_input_srv
[35m[1mConsolidate compiler generated dependencies of target controller_input_srv__rosidl_typesupport_introspection_cpp[0m
[35m[1mConsolidate compiler generated dependencies of target controller_input_srv__rosidl_typesupport_fastrtps_cpp[0m
[35m[1mConsolidate compiler generated dependencies of target controller_input_srv__rosidl_typesupport_cpp[0m
[35m[1mConsolidate compiler generated dependencies of target controller_input_srv__rosidl_typesupport_introspection_c[0m
[35m[1mConsolidate compiler generated dependencies of target controller_input_srv__rosidl_typesupport_c[0m
[35m[1mConsolidate compiler generated dependencies of target controller_input_srv__rosidl_typesupport_fastrtps_c[0m
[ 22%] Built target controller_input_srv__rosidl_typesupport_introspection_c
[ 32%] Built target controller_input_srv__rosidl_typesupport_c
[ 41%] Built target controller_input_srv__rosidl_typesupport_cpp
[ 51%] Built target controller_input_srv__rosidl_typesupport_fastrtps_cpp
[ 61%] Built target controller_input_srv__rosidl_typesupport_fastrtps_c
[ 70%] Built target controller_input_srv__rosidl_typesupport_introspection_cpp
[ 70%] Built target controller_input_srv
[ 74%] Built target controller_input_srv__py
[35m[1mConsolidate compiler generated dependencies of target controller_input_srv__rosidl_generator_py[0m
[ 80%] Built target controller_input_srv__rosidl_generator_py
[35m[1mConsolidate compiler generated dependencies of target controller_input_srv__rosidl_typesupport_fastrtps_c__pyext[0m
[35m[1mConsolidate compiler generated dependencies of target controller_input_srv__rosidl_typesupport_introspection_c__pyext[0m
[35m[1mConsolidate compiler generated dependencies of target controller_input_srv__rosidl_typesupport_c__pyext[0m
[ 93%] Built target controller_input_srv__rosidl_typesupport_introspection_c__pyext
[ 93%] Built target controller_input_srv__rosidl_typesupport_fastrtps_c__pyext
[100%] Built target controller_input_srv__rosidl_typesupport_c__pyext
running egg_info
writing controller_input_srv.egg-info/PKG-INFO
writing dependency_links to controller_input_srv.egg-info/dependency_links.txt
writing top-level names to controller_input_srv.egg-info/top_level.txt
reading manifest file 'controller_input_srv.egg-info/SOURCES.txt'
writing manifest file 'controller_input_srv.egg-info/SOURCES.txt'
[100%] Built target ament_cmake_python_build_controller_input_srv_egg
-- Install configuration: ""
-- Up-to-date: /home/littled3092/Documents/turbo-turret/install/controller_input_srv/share/ament_index/resource_index/rosidl_interfaces/controller_input_srv
-- Up-to-date: /home/littled3092/Documents/turbo-turret/install/controller_input_srv/include/controller_input_srv/controller_input_srv
-- Up-to-date: /home/littled3092/Documents/turbo-turret/install/controller_input_srv/include/controller_input_srv/controller_input_srv/srv
-- Up-to-date: /home/littled3092/Documents/turbo-turret/install/controller_input_srv/include/controller_input_srv/controller_input_srv/srv/controller.h
-- Up-to-date: /home/littled3092/Documents/turbo-turret/install/controller_input_srv/include/controller_input_srv/controller_input_srv/srv/detail
-- Up-to-date: /home/littled3092/Documents/turbo-turret/install/controller_input_srv/include/controller_input_srv/controller_input_srv/srv/detail/controller__functions.h
-- Up-to-date: /home/littled3092/Documents/turbo-turret/install/controller_input_srv/include/controller_input_srv/controller_input_srv/srv/detail/controller__struct.h
-- Up-to-date: /home/littled3092/Documents/turbo-turret/install/controller_input_srv/include/controller_input_srv/controller_input_srv/srv/detail/controller__type_support.h
-- Up-to-date: /home/littled3092/Documents/turbo-turret/install/controller_input_srv/include/controller_input_srv/controller_input_srv/srv/detail/controller__functions.c
-- Up-to-date: /home/littled3092/Documents/turbo-turret/install/controller_input_srv/include/controller_input_srv/controller_input_srv/msg
-- Up-to-date: /home/littled3092/Documents/turbo-turret/install/controller_input_srv/include/controller_input_srv/controller_input_srv/msg/rosidl_generator_c__visibility_control.h
-- Up-to-date: /home/littled3092/Documents/turbo-turret/install/controller_input_srv/share/controller_input_srv/environment/library_path.sh
-- Up-to-date: /home/littled3092/Documents/turbo-turret/install/controller_input_srv/share/controller_input_srv/environment/library_path.dsv
-- Up-to-date: /home/littled3092/Documents/turbo-turret/install/controller_input_srv/lib/libcontroller_input_srv__rosidl_generator_c.so
-- Up-to-date: /home/littled3092/Documents/turbo-turret/install/controller_input_srv/include/controller_input_srv/controller_input_srv
-- Up-to-date: /home/littled3092/Documents/turbo-turret/install/controller_input_srv/include/controller_input_srv/controller_input_srv/srv
-- Up-to-date: /home/littled3092/Documents/turbo-turret/install/controller_input_srv/include/controller_input_srv/controller_input_srv/srv/detail
-- Up-to-date: /home/littled3092/Documents/turbo-turret/install/controller_input_srv/include/controller_input_srv/controller_input_srv/srv/detail/controller__rosidl_typesupport_fastrtps_c.h
-- Up-to-date: /home/littled3092/Documents/turbo-turret/install/controller_input_srv/include/controller_input_srv/controller_input_srv/msg
-- Up-to-date: /home/littled3092/Documents/turbo-turret/install/controller_input_srv/include/controller_input_srv/controller_input_srv/msg/rosidl_typesupport_fastrtps_c__visibility_control.h
-- Up-to-date: /home/littled3092/Documents/turbo-turret/install/controller_input_srv/lib/libcontroller_input_srv__rosidl_typesupport_fastrtps_c.so
-- Up-to-date: /home/littled3092/Documents/turbo-turret/install/controller_input_srv/include/controller_input_srv/controller_input_srv
-- Up-to-date: /home/littled3092/Documents/turbo-turret/install/controller_input_srv/include/controller_input_srv/controller_input_srv/srv
-- Up-to-date: /home/littled3092/Documents/turbo-turret/install/controller_input_srv/include/controller_input_srv/controller_input_srv/srv/detail
-- Up-to-date: /home/littled3092/Documents/turbo-turret/install/controller_input_srv/include/controller_input_srv/controller_input_srv/srv/detail/controller__type_support.c
-- Up-to-date: /home/littled3092/Documents/turbo-turret/install/controller_input_srv/include/controller_input_srv/controller_input_srv/srv/detail/controller__rosidl_typesupport_introspection_c.h
-- Up-to-date: /home/littled3092/Documents/turbo-turret/install/controller_input_srv/include/controller_input_srv/controller_input_srv/msg
-- Up-to-date: /home/littled3092/Documents/turbo-turret/install/controller_input_srv/include/controller_input_srv/controller_input_srv/msg/rosidl_typesupport_introspection_c__visibility_control.h
-- Up-to-date: /home/littled3092/Documents/turbo-turret/install/controller_input_srv/lib/libcontroller_input_srv__rosidl_typesupport_introspection_c.so
-- Up-to-date: /home/littled3092/Documents/turbo-turret/install/controller_input_srv/lib/libcontroller_input_srv__rosidl_typesupport_c.so
-- Up-to-date: /home/littled3092/Documents/turbo-turret/install/controller_input_srv/include/controller_input_srv/controller_input_srv
-- Up-to-date: /home/littled3092/Documents/turbo-turret/install/controller_input_srv/include/controller_input_srv/controller_input_srv/srv
-- Up-to-date: /home/littled3092/Documents/turbo-turret/install/controller_input_srv/include/controller_input_srv/controller_input_srv/srv/controller.hpp
-- Up-to-date: /home/littled3092/Documents/turbo-turret/install/controller_input_srv/include/controller_input_srv/controller_input_srv/srv/detail
-- Up-to-date: /home/littled3092/Documents/turbo-turret/install/controller_input_srv/include/controller_input_srv/controller_input_srv/srv/detail/controller__builder.hpp
-- Up-to-date: /home/littled3092/Documents/turbo-turret/install/controller_input_srv/include/controller_input_srv/controller_input_srv/srv/detail/controller__traits.hpp
-- Up-to-date: /home/littled3092/Documents/turbo-turret/install/controller_input_srv/include/controller_input_srv/controller_input_srv/srv/detail/controller__struct.hpp
-- Up-to-date: /home/littled3092/Documents/turbo-turret/install/controller_input_srv/include/controller_input_srv/controller_input_srv
-- Up-to-date: /home/littled3092/Documents/turbo-turret/install/controller_input_srv/include/controller_input_srv/controller_input_srv/srv
-- Up-to-date: /home/littled3092/Documents/turbo-turret/install/controller_input_srv/include/controller_input_srv/controller_input_srv/srv/detail
-- Up-to-date: /home/littled3092/Documents/turbo-turret/install/controller_input_srv/include/controller_input_srv/controller_input_srv/srv/detail/controller__rosidl_typesupport_fastrtps_cpp.hpp
-- Up-to-date: /home/littled3092/Documents/turbo-turret/install/controller_input_srv/include/controller_input_srv/controller_input_srv/srv/detail/dds_fastrtps
-- Up-to-date: /home/littled3092/Documents/turbo-turret/install/controller_input_srv/include/controller_input_srv/controller_input_srv/msg
-- Up-to-date: /home/littled3092/Documents/turbo-turret/install/controller_input_srv/include/controller_input_srv/controller_input_srv/msg/rosidl_typesupport_fastrtps_cpp__visibility_control.h
-- Up-to-date: /home/littled3092/Documents/turbo-turret/install/controller_input_srv/lib/libcontroller_input_srv__rosidl_typesupport_fastrtps_cpp.so
-- Up-to-date: /home/littled3092/Documents/turbo-turret/install/controller_input_srv/include/controller_input_srv/controller_input_srv
-- Up-to-date: /home/littled3092/Documents/turbo-turret/install/controller_input_srv/include/controller_input_srv/controller_input_srv/srv
-- Up-to-date: /home/littled3092/Documents/turbo-turret/install/controller_input_srv/include/controller_input_srv/controller_input_srv/srv/detail
-- Up-to-date: /home/littled3092/Documents/turbo-turret/install/controller_input_srv/include/controller_input_srv/controller_input_srv/srv/detail/controller__type_support.cpp
-- Up-to-date: /home/littled3092/Documents/turbo-turret/install/controller_input_srv/include/controller_input_srv/controller_input_srv/srv/detail/controller__rosidl_typesupport_introspection_cpp.hpp
-- Up-to-date: /home/littled3092/Documents/turbo-turret/install/controller_input_srv/lib/libcontroller_input_srv__rosidl_typesupport_introspection_cpp.so
-- Up-to-date: /home/littled3092/Documents/turbo-turret/install/controller_input_srv/lib/libcontroller_input_srv__rosidl_typesupport_cpp.so
-- Up-to-date: /home/littled3092/Documents/turbo-turret/install/controller_input_srv/share/controller_input_srv/environment/pythonpath.sh
-- Up-to-date: /home/littled3092/Documents/turbo-turret/install/controller_input_srv/share/controller_input_srv/environment/pythonpath.dsv
-- Up-to-date: /home/littled3092/Documents/turbo-turret/install/controller_input_srv/local/lib/python3.10/dist-packages/controller_input_srv-0.0.0-py3.10.egg-info
-- Installing: /home/littled3092/Documents/turbo-turret/install/controller_input_srv/local/lib/python3.10/dist-packages/controller_input_srv-0.0.0-py3.10.egg-info/top_level.txt
-- Installing: /home/littled3092/Documents/turbo-turret/install/controller_input_srv/local/lib/python3.10/dist-packages/controller_input_srv-0.0.0-py3.10.egg-info/PKG-INFO
-- Installing: /home/littled3092/Documents/turbo-turret/install/controller_input_srv/local/lib/python3.10/dist-packages/controller_input_srv-0.0.0-py3.10.egg-info/dependency_links.txt
-- Installing: /home/littled3092/Documents/turbo-turret/install/controller_input_srv/local/lib/python3.10/dist-packages/controller_input_srv-0.0.0-py3.10.egg-info/SOURCES.txt
-- Up-to-date: /home/littled3092/Documents/turbo-turret/install/controller_input_srv/local/lib/python3.10/dist-packages/controller_input_srv
-- Up-to-date: /home/littled3092/Documents/turbo-turret/install/controller_input_srv/local/lib/python3.10/dist-packages/controller_input_srv/_controller_input_srv_s.ep.rosidl_typesupport_fastrtps_c.c
-- Up-to-date: /home/littled3092/Documents/turbo-turret/install/controller_input_srv/local/lib/python3.10/dist-packages/controller_input_srv/_controller_input_srv_s.ep.rosidl_typesupport_introspection_c.c
-- Up-to-date: /home/littled3092/Documents/turbo-turret/install/controller_input_srv/local/lib/python3.10/dist-packages/controller_input_srv/__init__.py
-- Up-to-date: /home/littled3092/Documents/turbo-turret/install/controller_input_srv/local/lib/python3.10/dist-packages/controller_input_srv/srv
-- Up-to-date: /home/littled3092/Documents/turbo-turret/install/controller_input_srv/local/lib/python3.10/dist-packages/controller_input_srv/srv/_controller_s.c
-- Up-to-date: /home/littled3092/Documents/turbo-turret/install/controller_input_srv/local/lib/python3.10/dist-packages/controller_input_srv/srv/__init__.py
-- Up-to-date: /home/littled3092/Documents/turbo-turret/install/controller_input_srv/local/lib/python3.10/dist-packages/controller_input_srv/srv/_controller.py
-- Up-to-date: /home/littled3092/Documents/turbo-turret/install/controller_input_srv/local/lib/python3.10/dist-packages/controller_input_srv/_controller_input_srv_s.ep.rosidl_typesupport_c.c
-- Up-to-date: /home/littled3092/Documents/turbo-turret/install/controller_input_srv/local/lib/python3.10/dist-packages/controller_input_srv/controller_input_srv_s__rosidl_typesupport_fastrtps_c.cpython-310-x86_64-linux-gnu.so
-- Up-to-date: /home/littled3092/Documents/turbo-turret/install/controller_input_srv/local/lib/python3.10/dist-packages/controller_input_srv/controller_input_srv_s__rosidl_typesupport_c.cpython-310-x86_64-linux-gnu.so
-- Up-to-date: /home/littled3092/Documents/turbo-turret/install/controller_input_srv/local/lib/python3.10/dist-packages/controller_input_srv/controller_input_srv_s__rosidl_typesupport_introspection_c.cpython-310-x86_64-linux-gnu.so
-- Up-to-date: /home/littled3092/Documents/turbo-turret/install/controller_input_srv/local/lib/python3.10/dist-packages/controller_input_srv/libcontroller_input_srv__rosidl_generator_py.so
Listing '/home/littled3092/Documents/turbo-turret/install/controller_input_srv/local/lib/python3.10/dist-packages/controller_input_srv'...
Listing '/home/littled3092/Documents/turbo-turret/install/controller_input_srv/local/lib/python3.10/dist-packages/controller_input_srv/srv'...
-- Up-to-date: /home/littled3092/Documents/turbo-turret/install/controller_input_srv/local/lib/python3.10/dist-packages/controller_input_srv/controller_input_srv_s__rosidl_typesupport_fastrtps_c.cpython-310-x86_64-linux-gnu.so
-- Up-to-date: /home/littled3092/Documents/turbo-turret/install/controller_input_srv/local/lib/python3.10/dist-packages/controller_input_srv/controller_input_srv_s__rosidl_typesupport_introspection_c.cpython-310-x86_64-linux-gnu.so
-- Up-to-date: /home/littled3092/Documents/turbo-turret/install/controller_input_srv/local/lib/python3.10/dist-packages/controller_input_srv/controller_input_srv_s__rosidl_typesupport_c.cpython-310-x86_64-linux-gnu.so
-- Up-to-date: /home/littled3092/Documents/turbo-turret/install/controller_input_srv/lib/libcontroller_input_srv__rosidl_generator_py.so
-- Up-to-date: /home/littled3092/Documents/turbo-turret/install/controller_input_srv/share/controller_input_srv/srv/Controller.idl
-- Up-to-date: /home/littled3092/Documents/turbo-turret/install/controller_input_srv/share/controller_input_srv/srv/Controller.srv
-- Up-to-date: /home/littled3092/Documents/turbo-turret/install/controller_input_srv/share/controller_input_srv/srv/Controller_Request.msg
-- Up-to-date: /home/littled3092/Documents/turbo-turret/install/controller_input_srv/share/controller_input_srv/srv/Controller_Response.msg
-- Up-to-date: /home/littled3092/Documents/turbo-turret/install/controller_input_srv/share/ament_index/resource_index/package_run_dependencies/controller_input_srv
-- Up-to-date: /home/littled3092/Documents/turbo-turret/install/controller_input_srv/share/ament_index/resource_index/parent_prefix_path/controller_input_srv
-- Up-to-date: /home/littled3092/Documents/turbo-turret/install/controller_input_srv/share/controller_input_srv/environment/ament_prefix_path.sh
-- Up-to-date: /home/littled3092/Documents/turbo-turret/install/controller_input_srv/share/controller_input_srv/environment/ament_prefix_path.dsv
-- Up-to-date: /home/littled3092/Documents/turbo-turret/install/controller_input_srv/share/controller_input_srv/environment/path.sh
-- Up-to-date: /home/littled3092/Documents/turbo-turret/install/controller_input_srv/share/controller_input_srv/environment/path.dsv
-- Up-to-date: /home/littled3092/Documents/turbo-turret/install/controller_input_srv/share/controller_input_srv/local_setup.bash
-- Up-to-date: /home/littled3092/Documents/turbo-turret/install/controller_input_srv/share/controller_input_srv/local_setup.sh
-- Up-to-date: /home/littled3092/Documents/turbo-turret/install/controller_input_srv/share/controller_input_srv/local_setup.zsh
-- Up-to-date: /home/littled3092/Documents/turbo-turret/install/controller_input_srv/share/controller_input_srv/local_setup.dsv
-- Installing: /home/littled3092/Documents/turbo-turret/install/controller_input_srv/share/controller_input_srv/package.dsv
-- Up-to-date: /home/littled3092/Documents/turbo-turret/install/controller_input_srv/share/ament_index/resource_index/packages/controller_input_srv
-- Up-to-date: /home/littled3092/Documents/turbo-turret/install/controller_input_srv/share/controller_input_srv/cmake/export_controller_input_srv__rosidl_generator_cExport.cmake
-- Up-to-date: /home/littled3092/Documents/turbo-turret/install/controller_input_srv/share/controller_input_srv/cmake/export_controller_input_srv__rosidl_generator_cExport-noconfig.cmake
-- Up-to-date: /home/littled3092/Documents/turbo-turret/install/controller_input_srv/share/controller_input_srv/cmake/export_controller_input_srv__rosidl_typesupport_fastrtps_cExport.cmake
-- Up-to-date: /home/littled3092/Documents/turbo-turret/install/controller_input_srv/share/controller_input_srv/cmake/export_controller_input_srv__rosidl_typesupport_fastrtps_cExport-noconfig.cmake
-- Up-to-date: /home/littled3092/Documents/turbo-turret/install/controller_input_srv/share/controller_input_srv/cmake/controller_input_srv__rosidl_typesupport_introspection_cExport.cmake
-- Up-to-date: /home/littled3092/Documents/turbo-turret/install/controller_input_srv/share/controller_input_srv/cmake/controller_input_srv__rosidl_typesupport_introspection_cExport-noconfig.cmake
-- Up-to-date: /home/littled3092/Documents/turbo-turret/install/controller_input_srv/share/controller_input_srv/cmake/controller_input_srv__rosidl_typesupport_cExport.cmake
-- Up-to-date: /home/littled3092/Documents/turbo-turret/install/controller_input_srv/share/controller_input_srv/cmake/controller_input_srv__rosidl_typesupport_cExport-noconfig.cmake
-- Up-to-date: /home/littled3092/Documents/turbo-turret/install/controller_input_srv/share/controller_input_srv/cmake/export_controller_input_srv__rosidl_generator_cppExport.cmake
-- Up-to-date: /home/littled3092/Documents/turbo-turret/install/controller_input_srv/share/controller_input_srv/cmake/export_controller_input_srv__rosidl_typesupport_fastrtps_cppExport.cmake
-- Up-to-date: /home/littled3092/Documents/turbo-turret/install/controller_input_srv/share/controller_input_srv/cmake/export_controller_input_srv__rosidl_typesupport_fastrtps_cppExport-noconfig.cmake
-- Up-to-date: /home/littled3092/Documents/turbo-turret/install/controller_input_srv/share/controller_input_srv/cmake/controller_input_srv__rosidl_typesupport_introspection_cppExport.cmake
-- Up-to-date: /home/littled3092/Documents/turbo-turret/install/controller_input_srv/share/controller_input_srv/cmake/controller_input_srv__rosidl_typesupport_introspection_cppExport-noconfig.cmake
-- Up-to-date: /home/littled3092/Documents/turbo-turret/install/controller_input_srv/share/controller_input_srv/cmake/controller_input_srv__rosidl_typesupport_cppExport.cmake
-- Up-to-date: /home/littled3092/Documents/turbo-turret/install/controller_input_srv/share/controller_input_srv/cmake/controller_input_srv__rosidl_typesupport_cppExport-noconfig.cmake
-- Up-to-date: /home/littled3092/Documents/turbo-turret/install/controller_input_srv/share/controller_input_srv/cmake/export_controller_input_srv__rosidl_generator_pyExport.cmake
-- Up-to-date: /home/littled3092/Documents/turbo-turret/install/controller_input_srv/share/controller_input_srv/cmake/export_controller_input_srv__rosidl_generator_pyExport-noconfig.cmake
-- Up-to-date: /home/littled3092/Documents/turbo-turret/install/controller_input_srv/share/controller_input_srv/cmake/rosidl_cmake-extras.cmake
-- Up-to-date: /home/littled3092/Documents/turbo-turret/install/controller_input_srv/share/controller_input_srv/cmake/ament_cmake_export_include_directories-extras.cmake
-- Up-to-date: /home/littled3092/Documents/turbo-turret/install/controller_input_srv/share/controller_input_srv/cmake/ament_cmake_export_libraries-extras.cmake
-- Up-to-date: /home/littled3092/Documents/turbo-turret/install/controller_input_srv/share/controller_input_srv/cmake/ament_cmake_export_targets-extras.cmake
-- Up-to-date: /home/littled3092/Documents/turbo-turret/install/controller_input_srv/share/controller_input_srv/cmake/rosidl_cmake_export_typesupport_targets-extras.cmake
-- Up-to-date: /home/littled3092/Documents/turbo-turret/install/controller_input_srv/share/controller_input_srv/cmake/ament_cmake_export_dependencies-extras.cmake
-- Up-to-date: /home/littled3092/Documents/turbo-turret/install/controller_input_srv/share/controller_input_srv/cmake/rosidl_cmake_export_typesupport_libraries-extras.cmake
-- Up-to-date: /home/littled3092/Documents/turbo-turret/install/controller_input_srv/share/controller_input_srv/cmake/controller_input_srvConfig.cmake
-- Up-to-date: /home/littled3092/Documents/turbo-turret/install/controller_input_srv/share/controller_input_srv/cmake/controller_input_srvConfig-version.cmake
-- Up-to-date: /home/littled3092/Documents/turbo-turret/install/controller_input_srv/share/controller_input_srv/package.xml
