[0.435s] Invoking command in '/home/littled3092/Documents/turbo-turret/build/controller_input_srv': CMAKE_PREFIX_PATH=${CMAKE_PREFIX_PATH}:/home/littled3092/Documents/turbo-turret/install/target_recognize:/home/littled3092/Documents/turbo-turret/install/main_control:/opt/ros/humble /usr/bin/cmake --build /home/littled3092/Documents/turbo-turret/build/controller_input_srv -- -j8 -l8
[0.982s] [35m[1mConsolidate compiler generated dependencies of target controller_input_srv__rosidl_generator_c[0m
[0.982s] [  3%] Built target controller_input_srv__cpp
[0.983s] [ 12%] Built target controller_input_srv__rosidl_generator_c
[0.983s] [ 12%] Built target ament_cmake_python_copy_controller_input_srv
[0.983s] [35m[1mConsolidate compiler generated dependencies of target controller_input_srv__rosidl_typesupport_introspection_cpp[0m
[0.984s] [35m[1mConsolidate compiler generated dependencies of target controller_input_srv__rosidl_typesupport_fastrtps_cpp[0m
[0.984s] [35m[1mConsolidate compiler generated dependencies of target controller_input_srv__rosidl_typesupport_cpp[0m
[0.984s] [35m[1mConsolidate compiler generated dependencies of target controller_input_srv__rosidl_typesupport_introspection_c[0m
[0.984s] [35m[1mConsolidate compiler generated dependencies of target controller_input_srv__rosidl_typesupport_c[0m
[0.984s] [35m[1mConsolidate compiler generated dependencies of target controller_input_srv__rosidl_typesupport_fastrtps_c[0m
[0.984s] [ 22%] Built target controller_input_srv__rosidl_typesupport_introspection_c
[0.984s] [ 32%] Built target controller_input_srv__rosidl_typesupport_c
[0.985s] [ 41%] Built target controller_input_srv__rosidl_typesupport_cpp
[0.985s] [ 51%] Built target controller_input_srv__rosidl_typesupport_fastrtps_cpp
[0.985s] [ 61%] Built target controller_input_srv__rosidl_typesupport_fastrtps_c
[0.985s] [ 70%] Built target controller_input_srv__rosidl_typesupport_introspection_cpp
[0.985s] [ 70%] Built target controller_input_srv
[0.986s] [ 74%] Built target controller_input_srv__py
[0.986s] [35m[1mConsolidate compiler generated dependencies of target controller_input_srv__rosidl_generator_py[0m
[0.986s] [ 80%] Built target controller_input_srv__rosidl_generator_py
[0.987s] [35m[1mConsolidate compiler generated dependencies of target controller_input_srv__rosidl_typesupport_fastrtps_c__pyext[0m
[0.991s] [35m[1mConsolidate compiler generated dependencies of target controller_input_srv__rosidl_typesupport_introspection_c__pyext[0m
[0.991s] [35m[1mConsolidate compiler generated dependencies of target controller_input_srv__rosidl_typesupport_c__pyext[0m
[0.992s] [ 93%] Built target controller_input_srv__rosidl_typesupport_introspection_c__pyext
[0.992s] [ 93%] Built target controller_input_srv__rosidl_typesupport_fastrtps_c__pyext
[0.992s] [100%] Built target controller_input_srv__rosidl_typesupport_c__pyext
[1.053s] running egg_info
[1.055s] writing controller_input_srv.egg-info/PKG-INFO
[1.055s] writing dependency_links to controller_input_srv.egg-info/dependency_links.txt
[1.055s] writing top-level names to controller_input_srv.egg-info/top_level.txt
[1.058s] reading manifest file 'controller_input_srv.egg-info/SOURCES.txt'
[1.059s] writing manifest file 'controller_input_srv.egg-info/SOURCES.txt'
[1.120s] [100%] Built target ament_cmake_python_build_controller_input_srv_egg
[1.484s] Invoked command in '/home/littled3092/Documents/turbo-turret/build/controller_input_srv' returned '0': CMAKE_PREFIX_PATH=${CMAKE_PREFIX_PATH}:/home/littled3092/Documents/turbo-turret/install/target_recognize:/home/littled3092/Documents/turbo-turret/install/main_control:/opt/ros/humble /usr/bin/cmake --build /home/littled3092/Documents/turbo-turret/build/controller_input_srv -- -j8 -l8
[1.620s] Invoking command in '/home/littled3092/Documents/turbo-turret/build/controller_input_srv': CMAKE_PREFIX_PATH=${CMAKE_PREFIX_PATH}:/home/littled3092/Documents/turbo-turret/install/target_recognize:/home/littled3092/Documents/turbo-turret/install/main_control:/opt/ros/humble /usr/bin/cmake --install /home/littled3092/Documents/turbo-turret/build/controller_input_srv
[1.643s] -- Install configuration: ""
[1.643s] -- Up-to-date: /home/littled3092/Documents/turbo-turret/install/controller_input_srv/share/ament_index/resource_index/rosidl_interfaces/controller_input_srv
[1.643s] -- Up-to-date: /home/littled3092/Documents/turbo-turret/install/controller_input_srv/include/controller_input_srv/controller_input_srv
[1.643s] -- Up-to-date: /home/littled3092/Documents/turbo-turret/install/controller_input_srv/include/controller_input_srv/controller_input_srv/srv
[1.643s] -- Up-to-date: /home/littled3092/Documents/turbo-turret/install/controller_input_srv/include/controller_input_srv/controller_input_srv/srv/controller.h
[1.644s] -- Up-to-date: /home/littled3092/Documents/turbo-turret/install/controller_input_srv/include/controller_input_srv/controller_input_srv/srv/detail
[1.644s] -- Up-to-date: /home/littled3092/Documents/turbo-turret/install/controller_input_srv/include/controller_input_srv/controller_input_srv/srv/detail/controller__functions.h
[1.644s] -- Up-to-date: /home/littled3092/Documents/turbo-turret/install/controller_input_srv/include/controller_input_srv/controller_input_srv/srv/detail/controller__struct.h
[1.644s] -- Up-to-date: /home/littled3092/Documents/turbo-turret/install/controller_input_srv/include/controller_input_srv/controller_input_srv/srv/detail/controller__type_support.h
[1.644s] -- Up-to-date: /home/littled3092/Documents/turbo-turret/install/controller_input_srv/include/controller_input_srv/controller_input_srv/srv/detail/controller__functions.c
[1.644s] -- Up-to-date: /home/littled3092/Documents/turbo-turret/install/controller_input_srv/include/controller_input_srv/controller_input_srv/msg
[1.645s] -- Up-to-date: /home/littled3092/Documents/turbo-turret/install/controller_input_srv/include/controller_input_srv/controller_input_srv/msg/rosidl_generator_c__visibility_control.h
[1.645s] -- Up-to-date: /home/littled3092/Documents/turbo-turret/install/controller_input_srv/share/controller_input_srv/environment/library_path.sh
[1.645s] -- Up-to-date: /home/littled3092/Documents/turbo-turret/install/controller_input_srv/share/controller_input_srv/environment/library_path.dsv
[1.645s] -- Up-to-date: /home/littled3092/Documents/turbo-turret/install/controller_input_srv/lib/libcontroller_input_srv__rosidl_generator_c.so
[1.645s] -- Up-to-date: /home/littled3092/Documents/turbo-turret/install/controller_input_srv/include/controller_input_srv/controller_input_srv
[1.645s] -- Up-to-date: /home/littled3092/Documents/turbo-turret/install/controller_input_srv/include/controller_input_srv/controller_input_srv/srv
[1.645s] -- Up-to-date: /home/littled3092/Documents/turbo-turret/install/controller_input_srv/include/controller_input_srv/controller_input_srv/srv/detail
[1.646s] -- Up-to-date: /home/littled3092/Documents/turbo-turret/install/controller_input_srv/include/controller_input_srv/controller_input_srv/srv/detail/controller__rosidl_typesupport_fastrtps_c.h
[1.651s] -- Up-to-date: /home/littled3092/Documents/turbo-turret/install/controller_input_srv/include/controller_input_srv/controller_input_srv/msg
[1.655s] -- Up-to-date: /home/littled3092/Documents/turbo-turret/install/controller_input_srv/include/controller_input_srv/controller_input_srv/msg/rosidl_typesupport_fastrtps_c__visibility_control.h
[1.655s] -- Up-to-date: /home/littled3092/Documents/turbo-turret/install/controller_input_srv/lib/libcontroller_input_srv__rosidl_typesupport_fastrtps_c.so
[1.655s] -- Up-to-date: /home/littled3092/Documents/turbo-turret/install/controller_input_srv/include/controller_input_srv/controller_input_srv
[1.655s] -- Up-to-date: /home/littled3092/Documents/turbo-turret/install/controller_input_srv/include/controller_input_srv/controller_input_srv/srv
[1.655s] -- Up-to-date: /home/littled3092/Documents/turbo-turret/install/controller_input_srv/include/controller_input_srv/controller_input_srv/srv/detail
[1.655s] -- Up-to-date: /home/littled3092/Documents/turbo-turret/install/controller_input_srv/include/controller_input_srv/controller_input_srv/srv/detail/controller__type_support.c
[1.656s] -- Up-to-date: /home/littled3092/Documents/turbo-turret/install/controller_input_srv/include/controller_input_srv/controller_input_srv/srv/detail/controller__rosidl_typesupport_introspection_c.h
[1.656s] -- Up-to-date: /home/littled3092/Documents/turbo-turret/install/controller_input_srv/include/controller_input_srv/controller_input_srv/msg
[1.656s] -- Up-to-date: /home/littled3092/Documents/turbo-turret/install/controller_input_srv/include/controller_input_srv/controller_input_srv/msg/rosidl_typesupport_introspection_c__visibility_control.h
[1.656s] -- Up-to-date: /home/littled3092/Documents/turbo-turret/install/controller_input_srv/lib/libcontroller_input_srv__rosidl_typesupport_introspection_c.so
[1.656s] -- Up-to-date: /home/littled3092/Documents/turbo-turret/install/controller_input_srv/lib/libcontroller_input_srv__rosidl_typesupport_c.so
[1.656s] -- Up-to-date: /home/littled3092/Documents/turbo-turret/install/controller_input_srv/include/controller_input_srv/controller_input_srv
[1.656s] -- Up-to-date: /home/littled3092/Documents/turbo-turret/install/controller_input_srv/include/controller_input_srv/controller_input_srv/srv
[1.656s] -- Up-to-date: /home/littled3092/Documents/turbo-turret/install/controller_input_srv/include/controller_input_srv/controller_input_srv/srv/controller.hpp
[1.657s] -- Up-to-date: /home/littled3092/Documents/turbo-turret/install/controller_input_srv/include/controller_input_srv/controller_input_srv/srv/detail
[1.657s] -- Up-to-date: /home/littled3092/Documents/turbo-turret/install/controller_input_srv/include/controller_input_srv/controller_input_srv/srv/detail/controller__builder.hpp
[1.657s] -- Up-to-date: /home/littled3092/Documents/turbo-turret/install/controller_input_srv/include/controller_input_srv/controller_input_srv/srv/detail/controller__traits.hpp
[1.657s] -- Up-to-date: /home/littled3092/Documents/turbo-turret/install/controller_input_srv/include/controller_input_srv/controller_input_srv/srv/detail/controller__struct.hpp
[1.657s] -- Up-to-date: /home/littled3092/Documents/turbo-turret/install/controller_input_srv/include/controller_input_srv/controller_input_srv
[1.657s] -- Up-to-date: /home/littled3092/Documents/turbo-turret/install/controller_input_srv/include/controller_input_srv/controller_input_srv/srv
[1.657s] -- Up-to-date: /home/littled3092/Documents/turbo-turret/install/controller_input_srv/include/controller_input_srv/controller_input_srv/srv/detail
[1.657s] -- Up-to-date: /home/littled3092/Documents/turbo-turret/install/controller_input_srv/include/controller_input_srv/controller_input_srv/srv/detail/controller__rosidl_typesupport_fastrtps_cpp.hpp
[1.657s] -- Up-to-date: /home/littled3092/Documents/turbo-turret/install/controller_input_srv/include/controller_input_srv/controller_input_srv/srv/detail/dds_fastrtps
[1.658s] -- Up-to-date: /home/littled3092/Documents/turbo-turret/install/controller_input_srv/include/controller_input_srv/controller_input_srv/msg
[1.658s] -- Up-to-date: /home/littled3092/Documents/turbo-turret/install/controller_input_srv/include/controller_input_srv/controller_input_srv/msg/rosidl_typesupport_fastrtps_cpp__visibility_control.h
[1.658s] -- Up-to-date: /home/littled3092/Documents/turbo-turret/install/controller_input_srv/lib/libcontroller_input_srv__rosidl_typesupport_fastrtps_cpp.so
[1.658s] -- Up-to-date: /home/littled3092/Documents/turbo-turret/install/controller_input_srv/include/controller_input_srv/controller_input_srv
[1.658s] -- Up-to-date: /home/littled3092/Documents/turbo-turret/install/controller_input_srv/include/controller_input_srv/controller_input_srv/srv
[1.658s] -- Up-to-date: /home/littled3092/Documents/turbo-turret/install/controller_input_srv/include/controller_input_srv/controller_input_srv/srv/detail
[1.658s] -- Up-to-date: /home/littled3092/Documents/turbo-turret/install/controller_input_srv/include/controller_input_srv/controller_input_srv/srv/detail/controller__type_support.cpp
[1.658s] -- Up-to-date: /home/littled3092/Documents/turbo-turret/install/controller_input_srv/include/controller_input_srv/controller_input_srv/srv/detail/controller__rosidl_typesupport_introspection_cpp.hpp
[1.659s] -- Up-to-date: /home/littled3092/Documents/turbo-turret/install/controller_input_srv/lib/libcontroller_input_srv__rosidl_typesupport_introspection_cpp.so
[1.659s] -- Up-to-date: /home/littled3092/Documents/turbo-turret/install/controller_input_srv/lib/libcontroller_input_srv__rosidl_typesupport_cpp.so
[1.659s] -- Up-to-date: /home/littled3092/Documents/turbo-turret/install/controller_input_srv/share/controller_input_srv/environment/pythonpath.sh
[1.659s] -- Up-to-date: /home/littled3092/Documents/turbo-turret/install/controller_input_srv/share/controller_input_srv/environment/pythonpath.dsv
[1.659s] -- Up-to-date: /home/littled3092/Documents/turbo-turret/install/controller_input_srv/local/lib/python3.10/dist-packages/controller_input_srv-0.0.0-py3.10.egg-info
[1.659s] -- Installing: /home/littled3092/Documents/turbo-turret/install/controller_input_srv/local/lib/python3.10/dist-packages/controller_input_srv-0.0.0-py3.10.egg-info/top_level.txt
[1.659s] -- Installing: /home/littled3092/Documents/turbo-turret/install/controller_input_srv/local/lib/python3.10/dist-packages/controller_input_srv-0.0.0-py3.10.egg-info/PKG-INFO
[1.659s] -- Installing: /home/littled3092/Documents/turbo-turret/install/controller_input_srv/local/lib/python3.10/dist-packages/controller_input_srv-0.0.0-py3.10.egg-info/dependency_links.txt
[1.660s] -- Installing: /home/littled3092/Documents/turbo-turret/install/controller_input_srv/local/lib/python3.10/dist-packages/controller_input_srv-0.0.0-py3.10.egg-info/SOURCES.txt
[1.660s] -- Up-to-date: /home/littled3092/Documents/turbo-turret/install/controller_input_srv/local/lib/python3.10/dist-packages/controller_input_srv
[1.660s] -- Up-to-date: /home/littled3092/Documents/turbo-turret/install/controller_input_srv/local/lib/python3.10/dist-packages/controller_input_srv/_controller_input_srv_s.ep.rosidl_typesupport_fastrtps_c.c
[1.660s] -- Up-to-date: /home/littled3092/Documents/turbo-turret/install/controller_input_srv/local/lib/python3.10/dist-packages/controller_input_srv/_controller_input_srv_s.ep.rosidl_typesupport_introspection_c.c
[1.660s] -- Up-to-date: /home/littled3092/Documents/turbo-turret/install/controller_input_srv/local/lib/python3.10/dist-packages/controller_input_srv/__init__.py
[1.660s] -- Up-to-date: /home/littled3092/Documents/turbo-turret/install/controller_input_srv/local/lib/python3.10/dist-packages/controller_input_srv/srv
[1.660s] -- Up-to-date: /home/littled3092/Documents/turbo-turret/install/controller_input_srv/local/lib/python3.10/dist-packages/controller_input_srv/srv/_controller_s.c
[1.661s] -- Up-to-date: /home/littled3092/Documents/turbo-turret/install/controller_input_srv/local/lib/python3.10/dist-packages/controller_input_srv/srv/__init__.py
[1.661s] -- Up-to-date: /home/littled3092/Documents/turbo-turret/install/controller_input_srv/local/lib/python3.10/dist-packages/controller_input_srv/srv/_controller.py
[1.661s] -- Up-to-date: /home/littled3092/Documents/turbo-turret/install/controller_input_srv/local/lib/python3.10/dist-packages/controller_input_srv/_controller_input_srv_s.ep.rosidl_typesupport_c.c
[1.661s] -- Up-to-date: /home/littled3092/Documents/turbo-turret/install/controller_input_srv/local/lib/python3.10/dist-packages/controller_input_srv/controller_input_srv_s__rosidl_typesupport_fastrtps_c.cpython-310-x86_64-linux-gnu.so
[1.661s] -- Up-to-date: /home/littled3092/Documents/turbo-turret/install/controller_input_srv/local/lib/python3.10/dist-packages/controller_input_srv/controller_input_srv_s__rosidl_typesupport_c.cpython-310-x86_64-linux-gnu.so
[1.661s] -- Up-to-date: /home/littled3092/Documents/turbo-turret/install/controller_input_srv/local/lib/python3.10/dist-packages/controller_input_srv/controller_input_srv_s__rosidl_typesupport_introspection_c.cpython-310-x86_64-linux-gnu.so
[1.661s] -- Up-to-date: /home/littled3092/Documents/turbo-turret/install/controller_input_srv/local/lib/python3.10/dist-packages/controller_input_srv/libcontroller_input_srv__rosidl_generator_py.so
[1.755s] Listing '/home/littled3092/Documents/turbo-turret/install/controller_input_srv/local/lib/python3.10/dist-packages/controller_input_srv'...
[1.755s] Listing '/home/littled3092/Documents/turbo-turret/install/controller_input_srv/local/lib/python3.10/dist-packages/controller_input_srv/srv'...
[1.763s] -- Up-to-date: /home/littled3092/Documents/turbo-turret/install/controller_input_srv/local/lib/python3.10/dist-packages/controller_input_srv/controller_input_srv_s__rosidl_typesupport_fastrtps_c.cpython-310-x86_64-linux-gnu.so
[1.764s] -- Up-to-date: /home/littled3092/Documents/turbo-turret/install/controller_input_srv/local/lib/python3.10/dist-packages/controller_input_srv/controller_input_srv_s__rosidl_typesupport_introspection_c.cpython-310-x86_64-linux-gnu.so
[1.764s] -- Up-to-date: /home/littled3092/Documents/turbo-turret/install/controller_input_srv/local/lib/python3.10/dist-packages/controller_input_srv/controller_input_srv_s__rosidl_typesupport_c.cpython-310-x86_64-linux-gnu.so
[1.765s] -- Up-to-date: /home/littled3092/Documents/turbo-turret/install/controller_input_srv/lib/libcontroller_input_srv__rosidl_generator_py.so
[1.765s] -- Up-to-date: /home/littled3092/Documents/turbo-turret/install/controller_input_srv/share/controller_input_srv/srv/Controller.idl
[1.766s] -- Up-to-date: /home/littled3092/Documents/turbo-turret/install/controller_input_srv/share/controller_input_srv/srv/Controller.srv
[1.766s] -- Up-to-date: /home/littled3092/Documents/turbo-turret/install/controller_input_srv/share/controller_input_srv/srv/Controller_Request.msg
[1.766s] -- Up-to-date: /home/littled3092/Documents/turbo-turret/install/controller_input_srv/share/controller_input_srv/srv/Controller_Response.msg
[1.767s] -- Up-to-date: /home/littled3092/Documents/turbo-turret/install/controller_input_srv/share/ament_index/resource_index/package_run_dependencies/controller_input_srv
[1.767s] -- Up-to-date: /home/littled3092/Documents/turbo-turret/install/controller_input_srv/share/ament_index/resource_index/parent_prefix_path/controller_input_srv
[1.770s] -- Up-to-date: /home/littled3092/Documents/turbo-turret/install/controller_input_srv/share/controller_input_srv/environment/ament_prefix_path.sh
[1.771s] -- Up-to-date: /home/littled3092/Documents/turbo-turret/install/controller_input_srv/share/controller_input_srv/environment/ament_prefix_path.dsv
[1.771s] -- Up-to-date: /home/littled3092/Documents/turbo-turret/install/controller_input_srv/share/controller_input_srv/environment/path.sh
[1.771s] -- Up-to-date: /home/littled3092/Documents/turbo-turret/install/controller_input_srv/share/controller_input_srv/environment/path.dsv
[1.772s] -- Up-to-date: /home/littled3092/Documents/turbo-turret/install/controller_input_srv/share/controller_input_srv/local_setup.bash
[1.772s] -- Up-to-date: /home/littled3092/Documents/turbo-turret/install/controller_input_srv/share/controller_input_srv/local_setup.sh
[1.772s] -- Up-to-date: /home/littled3092/Documents/turbo-turret/install/controller_input_srv/share/controller_input_srv/local_setup.zsh
[1.773s] -- Up-to-date: /home/littled3092/Documents/turbo-turret/install/controller_input_srv/share/controller_input_srv/local_setup.dsv
[1.773s] -- Installing: /home/littled3092/Documents/turbo-turret/install/controller_input_srv/share/controller_input_srv/package.dsv
[1.774s] -- Up-to-date: /home/littled3092/Documents/turbo-turret/install/controller_input_srv/share/ament_index/resource_index/packages/controller_input_srv
[1.774s] -- Up-to-date: /home/littled3092/Documents/turbo-turret/install/controller_input_srv/share/controller_input_srv/cmake/export_controller_input_srv__rosidl_generator_cExport.cmake
[1.775s] -- Up-to-date: /home/littled3092/Documents/turbo-turret/install/controller_input_srv/share/controller_input_srv/cmake/export_controller_input_srv__rosidl_generator_cExport-noconfig.cmake
[1.775s] -- Up-to-date: /home/littled3092/Documents/turbo-turret/install/controller_input_srv/share/controller_input_srv/cmake/export_controller_input_srv__rosidl_typesupport_fastrtps_cExport.cmake
[1.775s] -- Up-to-date: /home/littled3092/Documents/turbo-turret/install/controller_input_srv/share/controller_input_srv/cmake/export_controller_input_srv__rosidl_typesupport_fastrtps_cExport-noconfig.cmake
[1.776s] -- Up-to-date: /home/littled3092/Documents/turbo-turret/install/controller_input_srv/share/controller_input_srv/cmake/controller_input_srv__rosidl_typesupport_introspection_cExport.cmake
[1.776s] -- Up-to-date: /home/littled3092/Documents/turbo-turret/install/controller_input_srv/share/controller_input_srv/cmake/controller_input_srv__rosidl_typesupport_introspection_cExport-noconfig.cmake
[1.777s] -- Up-to-date: /home/littled3092/Documents/turbo-turret/install/controller_input_srv/share/controller_input_srv/cmake/controller_input_srv__rosidl_typesupport_cExport.cmake
[1.777s] -- Up-to-date: /home/littled3092/Documents/turbo-turret/install/controller_input_srv/share/controller_input_srv/cmake/controller_input_srv__rosidl_typesupport_cExport-noconfig.cmake
[1.778s] -- Up-to-date: /home/littled3092/Documents/turbo-turret/install/controller_input_srv/share/controller_input_srv/cmake/export_controller_input_srv__rosidl_generator_cppExport.cmake
[1.778s] -- Up-to-date: /home/littled3092/Documents/turbo-turret/install/controller_input_srv/share/controller_input_srv/cmake/export_controller_input_srv__rosidl_typesupport_fastrtps_cppExport.cmake
[1.779s] -- Up-to-date: /home/littled3092/Documents/turbo-turret/install/controller_input_srv/share/controller_input_srv/cmake/export_controller_input_srv__rosidl_typesupport_fastrtps_cppExport-noconfig.cmake
[1.779s] -- Up-to-date: /home/littled3092/Documents/turbo-turret/install/controller_input_srv/share/controller_input_srv/cmake/controller_input_srv__rosidl_typesupport_introspection_cppExport.cmake
[1.779s] -- Up-to-date: /home/littled3092/Documents/turbo-turret/install/controller_input_srv/share/controller_input_srv/cmake/controller_input_srv__rosidl_typesupport_introspection_cppExport-noconfig.cmake
[1.780s] -- Up-to-date: /home/littled3092/Documents/turbo-turret/install/controller_input_srv/share/controller_input_srv/cmake/controller_input_srv__rosidl_typesupport_cppExport.cmake
[1.780s] -- Up-to-date: /home/littled3092/Documents/turbo-turret/install/controller_input_srv/share/controller_input_srv/cmake/controller_input_srv__rosidl_typesupport_cppExport-noconfig.cmake
[1.780s] -- Up-to-date: /home/littled3092/Documents/turbo-turret/install/controller_input_srv/share/controller_input_srv/cmake/export_controller_input_srv__rosidl_generator_pyExport.cmake
[1.781s] -- Up-to-date: /home/littled3092/Documents/turbo-turret/install/controller_input_srv/share/controller_input_srv/cmake/export_controller_input_srv__rosidl_generator_pyExport-noconfig.cmake
[1.781s] -- Up-to-date: /home/littled3092/Documents/turbo-turret/install/controller_input_srv/share/controller_input_srv/cmake/rosidl_cmake-extras.cmake
[1.781s] -- Up-to-date: /home/littled3092/Documents/turbo-turret/install/controller_input_srv/share/controller_input_srv/cmake/ament_cmake_export_include_directories-extras.cmake
[1.782s] -- Up-to-date: /home/littled3092/Documents/turbo-turret/install/controller_input_srv/share/controller_input_srv/cmake/ament_cmake_export_libraries-extras.cmake
[1.782s] -- Up-to-date: /home/littled3092/Documents/turbo-turret/install/controller_input_srv/share/controller_input_srv/cmake/ament_cmake_export_targets-extras.cmake
[1.782s] -- Up-to-date: /home/littled3092/Documents/turbo-turret/install/controller_input_srv/share/controller_input_srv/cmake/rosidl_cmake_export_typesupport_targets-extras.cmake
[1.783s] -- Up-to-date: /home/littled3092/Documents/turbo-turret/install/controller_input_srv/share/controller_input_srv/cmake/ament_cmake_export_dependencies-extras.cmake
[1.783s] -- Up-to-date: /home/littled3092/Documents/turbo-turret/install/controller_input_srv/share/controller_input_srv/cmake/rosidl_cmake_export_typesupport_libraries-extras.cmake
[1.783s] -- Up-to-date: /home/littled3092/Documents/turbo-turret/install/controller_input_srv/share/controller_input_srv/cmake/controller_input_srvConfig.cmake
[1.783s] -- Up-to-date: /home/littled3092/Documents/turbo-turret/install/controller_input_srv/share/controller_input_srv/cmake/controller_input_srvConfig-version.cmake
[1.783s] -- Up-to-date: /home/littled3092/Documents/turbo-turret/install/controller_input_srv/share/controller_input_srv/package.xml
[1.801s] Invoked command in '/home/littled3092/Documents/turbo-turret/build/controller_input_srv' returned '0': CMAKE_PREFIX_PATH=${CMAKE_PREFIX_PATH}:/home/littled3092/Documents/turbo-turret/install/target_recognize:/home/littled3092/Documents/turbo-turret/install/main_control:/opt/ros/humble /usr/bin/cmake --install /home/littled3092/Documents/turbo-turret/build/controller_input_srv
