[0.407s] DEBUG:colcon:Command line arguments: ['/usr/bin/colcon', 'build']
[0.407s] DEBUG:colcon:Parsed command line arguments: Namespace(log_base=None, log_level=None, verb_name='build', build_base='build', install_base='install', merge_install=False, symlink_install=False, test_result_base=None, continue_on_error=False, executor='parallel', parallel_workers=8, event_handlers=None, ignore_user_meta=False, metas=['./colcon.meta'], base_paths=['.'], packages_ignore=None, packages_ignore_regex=None, paths=None, packages_up_to=None, packages_up_to_regex=None, packages_above=None, packages_above_and_dependencies=None, packages_above_depth=None, packages_select_by_dep=None, packages_skip_by_dep=None, packages_skip_up_to=None, packages_select_build_failed=False, packages_skip_build_finished=False, packages_select_test_failures=False, packages_skip_test_passed=False, packages_select=None, packages_skip=None, packages_select_regex=None, packages_skip_regex=None, packages_start=None, packages_end=None, allow_overriding=[], cmake_args=None, cmake_target=None, cmake_target_skip_unavailable=False, cmake_clean_cache=False, cmake_clean_first=False, cmake_force_configure=False, ament_cmake_args=None, catkin_cmake_args=None, catkin_skip_building_tests=False, verb_parser=<colcon_defaults.argument_parser.defaults.DefaultArgumentsDecorator object at 0x7f867dc789a0>, verb_extension=<colcon_core.verb.build.BuildVerb object at 0x7f867dc78430>, main=<bound method BuildVerb.main of <colcon_core.verb.build.BuildVerb object at 0x7f867dc78430>>)
[0.453s] Level 1:colcon.colcon_core.package_discovery:discover_packages(colcon_meta) check parameters
[0.453s] Level 1:colcon.colcon_core.package_discovery:discover_packages(recursive) check parameters
[0.453s] Level 1:colcon.colcon_core.package_discovery:discover_packages(ignore) check parameters
[0.453s] Level 1:colcon.colcon_core.package_discovery:discover_packages(path) check parameters
[0.453s] Level 1:colcon.colcon_core.package_discovery:discover_packages(colcon_meta) discover
[0.453s] Level 1:colcon.colcon_core.package_discovery:discover_packages(recursive) discover
[0.453s] INFO:colcon.colcon_core.package_discovery:Crawling recursively for packages in '/home/littled3092/Documents/turbo-turret'
[0.454s] Level 1:colcon.colcon_core.package_identification:_identify(.) by extensions ['ignore', 'ignore_ament_install']
[0.454s] Level 1:colcon.colcon_core.package_identification:_identify(.) by extension 'ignore'
[0.454s] Level 1:colcon.colcon_core.package_identification:_identify(.) by extension 'ignore_ament_install'
[0.454s] Level 1:colcon.colcon_core.package_identification:_identify(.) by extensions ['colcon_pkg']
[0.454s] Level 1:colcon.colcon_core.package_identification:_identify(.) by extension 'colcon_pkg'
[0.454s] Level 1:colcon.colcon_core.package_identification:_identify(.) by extensions ['colcon_meta']
[0.454s] Level 1:colcon.colcon_core.package_identification:_identify(.) by extension 'colcon_meta'
[0.454s] Level 1:colcon.colcon_core.package_identification:_identify(.) by extensions ['ros']
[0.454s] Level 1:colcon.colcon_core.package_identification:_identify(.) by extension 'ros'
[0.472s] Level 1:colcon.colcon_core.package_identification:_identify(.) by extensions ['cmake', 'python']
[0.472s] Level 1:colcon.colcon_core.package_identification:_identify(.) by extension 'cmake'
[0.480s] ERROR:colcon.colcon_core.package_identification:Exception in package identification extension 'cmake' in '.': Failed to extract project name from 'CMakeLists.txt'
Traceback (most recent call last):
  File "/usr/lib/python3/dist-packages/colcon_core/package_identification/__init__.py", line 142, in _identify
    retval = extension.identify(_reused_descriptor_instance)
  File "/usr/lib/python3/dist-packages/colcon_cmake/package_identification/cmake.py", line 36, in identify
    raise RuntimeError(
RuntimeError: Failed to extract project name from 'CMakeLists.txt'

[0.481s] Level 1:colcon.colcon_core.package_identification:_identify(.) by extension 'python'
[0.481s] Level 1:colcon.colcon_core.package_identification:_identify(.) by extensions ['python_setup_py']
[0.481s] Level 1:colcon.colcon_core.package_identification:_identify(.) by extension 'python_setup_py'
[0.481s] Level 1:colcon.colcon_core.package_identification:_identify(build) by extensions ['ignore', 'ignore_ament_install']
[0.481s] Level 1:colcon.colcon_core.package_identification:_identify(build) by extension 'ignore'
[0.481s] Level 1:colcon.colcon_core.package_identification:_identify(build) ignored
[0.481s] Level 1:colcon.colcon_core.package_identification:_identify(cad) by extensions ['ignore', 'ignore_ament_install']
[0.481s] Level 1:colcon.colcon_core.package_identification:_identify(cad) by extension 'ignore'
[0.481s] Level 1:colcon.colcon_core.package_identification:_identify(cad) by extension 'ignore_ament_install'
[0.481s] Level 1:colcon.colcon_core.package_identification:_identify(cad) by extensions ['colcon_pkg']
[0.482s] Level 1:colcon.colcon_core.package_identification:_identify(cad) by extension 'colcon_pkg'
[0.482s] Level 1:colcon.colcon_core.package_identification:_identify(cad) by extensions ['colcon_meta']
[0.482s] Level 1:colcon.colcon_core.package_identification:_identify(cad) by extension 'colcon_meta'
[0.482s] Level 1:colcon.colcon_core.package_identification:_identify(cad) by extensions ['ros']
[0.482s] Level 1:colcon.colcon_core.package_identification:_identify(cad) by extension 'ros'
[0.482s] Level 1:colcon.colcon_core.package_identification:_identify(cad) by extensions ['cmake', 'python']
[0.482s] Level 1:colcon.colcon_core.package_identification:_identify(cad) by extension 'cmake'
[0.482s] Level 1:colcon.colcon_core.package_identification:_identify(cad) by extension 'python'
[0.482s] Level 1:colcon.colcon_core.package_identification:_identify(cad) by extensions ['python_setup_py']
[0.482s] Level 1:colcon.colcon_core.package_identification:_identify(cad) by extension 'python_setup_py'
[0.483s] Level 1:colcon.colcon_core.package_identification:_identify(cad/projectile) by extensions ['ignore', 'ignore_ament_install']
[0.483s] Level 1:colcon.colcon_core.package_identification:_identify(cad/projectile) by extension 'ignore'
[0.483s] Level 1:colcon.colcon_core.package_identification:_identify(cad/projectile) by extension 'ignore_ament_install'
[0.483s] Level 1:colcon.colcon_core.package_identification:_identify(cad/projectile) by extensions ['colcon_pkg']
[0.483s] Level 1:colcon.colcon_core.package_identification:_identify(cad/projectile) by extension 'colcon_pkg'
[0.483s] Level 1:colcon.colcon_core.package_identification:_identify(cad/projectile) by extensions ['colcon_meta']
[0.483s] Level 1:colcon.colcon_core.package_identification:_identify(cad/projectile) by extension 'colcon_meta'
[0.483s] Level 1:colcon.colcon_core.package_identification:_identify(cad/projectile) by extensions ['ros']
[0.483s] Level 1:colcon.colcon_core.package_identification:_identify(cad/projectile) by extension 'ros'
[0.483s] Level 1:colcon.colcon_core.package_identification:_identify(cad/projectile) by extensions ['cmake', 'python']
[0.484s] Level 1:colcon.colcon_core.package_identification:_identify(cad/projectile) by extension 'cmake'
[0.484s] Level 1:colcon.colcon_core.package_identification:_identify(cad/projectile) by extension 'python'
[0.484s] Level 1:colcon.colcon_core.package_identification:_identify(cad/projectile) by extensions ['python_setup_py']
[0.484s] Level 1:colcon.colcon_core.package_identification:_identify(cad/projectile) by extension 'python_setup_py'
[0.484s] Level 1:colcon.colcon_core.package_identification:_identify(cad/炮身) by extensions ['ignore', 'ignore_ament_install']
[0.484s] Level 1:colcon.colcon_core.package_identification:_identify(cad/炮身) by extension 'ignore'
[0.484s] Level 1:colcon.colcon_core.package_identification:_identify(cad/炮身) by extension 'ignore_ament_install'
[0.485s] Level 1:colcon.colcon_core.package_identification:_identify(cad/炮身) by extensions ['colcon_pkg']
[0.485s] Level 1:colcon.colcon_core.package_identification:_identify(cad/炮身) by extension 'colcon_pkg'
[0.485s] Level 1:colcon.colcon_core.package_identification:_identify(cad/炮身) by extensions ['colcon_meta']
[0.485s] Level 1:colcon.colcon_core.package_identification:_identify(cad/炮身) by extension 'colcon_meta'
[0.485s] Level 1:colcon.colcon_core.package_identification:_identify(cad/炮身) by extensions ['ros']
[0.485s] Level 1:colcon.colcon_core.package_identification:_identify(cad/炮身) by extension 'ros'
[0.485s] Level 1:colcon.colcon_core.package_identification:_identify(cad/炮身) by extensions ['cmake', 'python']
[0.485s] Level 1:colcon.colcon_core.package_identification:_identify(cad/炮身) by extension 'cmake'
[0.485s] Level 1:colcon.colcon_core.package_identification:_identify(cad/炮身) by extension 'python'
[0.485s] Level 1:colcon.colcon_core.package_identification:_identify(cad/炮身) by extensions ['python_setup_py']
[0.485s] Level 1:colcon.colcon_core.package_identification:_identify(cad/炮身) by extension 'python_setup_py'
[0.486s] Level 1:colcon.colcon_core.package_identification:_identify(dep) by extensions ['ignore', 'ignore_ament_install']
[0.486s] Level 1:colcon.colcon_core.package_identification:_identify(dep) by extension 'ignore'
[0.486s] Level 1:colcon.colcon_core.package_identification:_identify(dep) by extension 'ignore_ament_install'
[0.486s] Level 1:colcon.colcon_core.package_identification:_identify(dep) by extensions ['colcon_pkg']
[0.486s] Level 1:colcon.colcon_core.package_identification:_identify(dep) by extension 'colcon_pkg'
[0.486s] Level 1:colcon.colcon_core.package_identification:_identify(dep) by extensions ['colcon_meta']
[0.487s] Level 1:colcon.colcon_core.package_identification:_identify(dep) by extension 'colcon_meta'
[0.487s] Level 1:colcon.colcon_core.package_identification:_identify(dep) by extensions ['ros']
[0.487s] Level 1:colcon.colcon_core.package_identification:_identify(dep) by extension 'ros'
[0.487s] Level 1:colcon.colcon_core.package_identification:_identify(dep) by extensions ['cmake', 'python']
[0.487s] Level 1:colcon.colcon_core.package_identification:_identify(dep) by extension 'cmake'
[0.487s] Level 1:colcon.colcon_core.package_identification:_identify(dep) by extension 'python'
[0.487s] Level 1:colcon.colcon_core.package_identification:_identify(dep) by extensions ['python_setup_py']
[0.487s] Level 1:colcon.colcon_core.package_identification:_identify(dep) by extension 'python_setup_py'
[0.487s] Level 1:colcon.colcon_core.package_identification:_identify(doc) by extensions ['ignore', 'ignore_ament_install']
[0.487s] Level 1:colcon.colcon_core.package_identification:_identify(doc) by extension 'ignore'
[0.487s] Level 1:colcon.colcon_core.package_identification:_identify(doc) by extension 'ignore_ament_install'
[0.488s] Level 1:colcon.colcon_core.package_identification:_identify(doc) by extensions ['colcon_pkg']
[0.488s] Level 1:colcon.colcon_core.package_identification:_identify(doc) by extension 'colcon_pkg'
[0.488s] Level 1:colcon.colcon_core.package_identification:_identify(doc) by extensions ['colcon_meta']
[0.488s] Level 1:colcon.colcon_core.package_identification:_identify(doc) by extension 'colcon_meta'
[0.488s] Level 1:colcon.colcon_core.package_identification:_identify(doc) by extensions ['ros']
[0.488s] Level 1:colcon.colcon_core.package_identification:_identify(doc) by extension 'ros'
[0.488s] Level 1:colcon.colcon_core.package_identification:_identify(doc) by extensions ['cmake', 'python']
[0.488s] Level 1:colcon.colcon_core.package_identification:_identify(doc) by extension 'cmake'
[0.488s] Level 1:colcon.colcon_core.package_identification:_identify(doc) by extension 'python'
[0.488s] Level 1:colcon.colcon_core.package_identification:_identify(doc) by extensions ['python_setup_py']
[0.488s] Level 1:colcon.colcon_core.package_identification:_identify(doc) by extension 'python_setup_py'
[0.488s] Level 1:colcon.colcon_core.package_identification:_identify(doc/2023-03-13 機械實作進度報告) by extensions ['ignore', 'ignore_ament_install']
[0.488s] Level 1:colcon.colcon_core.package_identification:_identify(doc/2023-03-13 機械實作進度報告) by extension 'ignore'
[0.489s] Level 1:colcon.colcon_core.package_identification:_identify(doc/2023-03-13 機械實作進度報告) by extension 'ignore_ament_install'
[0.489s] Level 1:colcon.colcon_core.package_identification:_identify(doc/2023-03-13 機械實作進度報告) by extensions ['colcon_pkg']
[0.489s] Level 1:colcon.colcon_core.package_identification:_identify(doc/2023-03-13 機械實作進度報告) by extension 'colcon_pkg'
[0.489s] Level 1:colcon.colcon_core.package_identification:_identify(doc/2023-03-13 機械實作進度報告) by extensions ['colcon_meta']
[0.489s] Level 1:colcon.colcon_core.package_identification:_identify(doc/2023-03-13 機械實作進度報告) by extension 'colcon_meta'
[0.489s] Level 1:colcon.colcon_core.package_identification:_identify(doc/2023-03-13 機械實作進度報告) by extensions ['ros']
[0.489s] Level 1:colcon.colcon_core.package_identification:_identify(doc/2023-03-13 機械實作進度報告) by extension 'ros'
[0.489s] Level 1:colcon.colcon_core.package_identification:_identify(doc/2023-03-13 機械實作進度報告) by extensions ['cmake', 'python']
[0.489s] Level 1:colcon.colcon_core.package_identification:_identify(doc/2023-03-13 機械實作進度報告) by extension 'cmake'
[0.489s] Level 1:colcon.colcon_core.package_identification:_identify(doc/2023-03-13 機械實作進度報告) by extension 'python'
[0.489s] Level 1:colcon.colcon_core.package_identification:_identify(doc/2023-03-13 機械實作進度報告) by extensions ['python_setup_py']
[0.489s] Level 1:colcon.colcon_core.package_identification:_identify(doc/2023-03-13 機械實作進度報告) by extension 'python_setup_py'
[0.489s] Level 1:colcon.colcon_core.package_identification:_identify(doc/2023-03-13 機械實作進度報告/attachments) by extensions ['ignore', 'ignore_ament_install']
[0.489s] Level 1:colcon.colcon_core.package_identification:_identify(doc/2023-03-13 機械實作進度報告/attachments) by extension 'ignore'
[0.490s] Level 1:colcon.colcon_core.package_identification:_identify(doc/2023-03-13 機械實作進度報告/attachments) by extension 'ignore_ament_install'
[0.490s] Level 1:colcon.colcon_core.package_identification:_identify(doc/2023-03-13 機械實作進度報告/attachments) by extensions ['colcon_pkg']
[0.490s] Level 1:colcon.colcon_core.package_identification:_identify(doc/2023-03-13 機械實作進度報告/attachments) by extension 'colcon_pkg'
[0.490s] Level 1:colcon.colcon_core.package_identification:_identify(doc/2023-03-13 機械實作進度報告/attachments) by extensions ['colcon_meta']
[0.490s] Level 1:colcon.colcon_core.package_identification:_identify(doc/2023-03-13 機械實作進度報告/attachments) by extension 'colcon_meta'
[0.490s] Level 1:colcon.colcon_core.package_identification:_identify(doc/2023-03-13 機械實作進度報告/attachments) by extensions ['ros']
[0.490s] Level 1:colcon.colcon_core.package_identification:_identify(doc/2023-03-13 機械實作進度報告/attachments) by extension 'ros'
[0.490s] Level 1:colcon.colcon_core.package_identification:_identify(doc/2023-03-13 機械實作進度報告/attachments) by extensions ['cmake', 'python']
[0.490s] Level 1:colcon.colcon_core.package_identification:_identify(doc/2023-03-13 機械實作進度報告/attachments) by extension 'cmake'
[0.490s] Level 1:colcon.colcon_core.package_identification:_identify(doc/2023-03-13 機械實作進度報告/attachments) by extension 'python'
[0.490s] Level 1:colcon.colcon_core.package_identification:_identify(doc/2023-03-13 機械實作進度報告/attachments) by extensions ['python_setup_py']
[0.490s] Level 1:colcon.colcon_core.package_identification:_identify(doc/2023-03-13 機械實作進度報告/attachments) by extension 'python_setup_py'
[0.490s] Level 1:colcon.colcon_core.package_identification:_identify(doc/2023-03-13 機械實作進度報告/css) by extensions ['ignore', 'ignore_ament_install']
[0.491s] Level 1:colcon.colcon_core.package_identification:_identify(doc/2023-03-13 機械實作進度報告/css) by extension 'ignore'
[0.491s] Level 1:colcon.colcon_core.package_identification:_identify(doc/2023-03-13 機械實作進度報告/css) by extension 'ignore_ament_install'
[0.491s] Level 1:colcon.colcon_core.package_identification:_identify(doc/2023-03-13 機械實作進度報告/css) by extensions ['colcon_pkg']
[0.491s] Level 1:colcon.colcon_core.package_identification:_identify(doc/2023-03-13 機械實作進度報告/css) by extension 'colcon_pkg'
[0.491s] Level 1:colcon.colcon_core.package_identification:_identify(doc/2023-03-13 機械實作進度報告/css) by extensions ['colcon_meta']
[0.491s] Level 1:colcon.colcon_core.package_identification:_identify(doc/2023-03-13 機械實作進度報告/css) by extension 'colcon_meta'
[0.491s] Level 1:colcon.colcon_core.package_identification:_identify(doc/2023-03-13 機械實作進度報告/css) by extensions ['ros']
[0.491s] Level 1:colcon.colcon_core.package_identification:_identify(doc/2023-03-13 機械實作進度報告/css) by extension 'ros'
[0.491s] Level 1:colcon.colcon_core.package_identification:_identify(doc/2023-03-13 機械實作進度報告/css) by extensions ['cmake', 'python']
[0.491s] Level 1:colcon.colcon_core.package_identification:_identify(doc/2023-03-13 機械實作進度報告/css) by extension 'cmake'
[0.491s] Level 1:colcon.colcon_core.package_identification:_identify(doc/2023-03-13 機械實作進度報告/css) by extension 'python'
[0.491s] Level 1:colcon.colcon_core.package_identification:_identify(doc/2023-03-13 機械實作進度報告/css) by extensions ['python_setup_py']
[0.491s] Level 1:colcon.colcon_core.package_identification:_identify(doc/2023-03-13 機械實作進度報告/css) by extension 'python_setup_py'
[0.491s] Level 1:colcon.colcon_core.package_identification:_identify(doc/2023-03-13 機械實作進度報告/css/print) by extensions ['ignore', 'ignore_ament_install']
[0.491s] Level 1:colcon.colcon_core.package_identification:_identify(doc/2023-03-13 機械實作進度報告/css/print) by extension 'ignore'
[0.492s] Level 1:colcon.colcon_core.package_identification:_identify(doc/2023-03-13 機械實作進度報告/css/print) by extension 'ignore_ament_install'
[0.492s] Level 1:colcon.colcon_core.package_identification:_identify(doc/2023-03-13 機械實作進度報告/css/print) by extensions ['colcon_pkg']
[0.492s] Level 1:colcon.colcon_core.package_identification:_identify(doc/2023-03-13 機械實作進度報告/css/print) by extension 'colcon_pkg'
[0.492s] Level 1:colcon.colcon_core.package_identification:_identify(doc/2023-03-13 機械實作進度報告/css/print) by extensions ['colcon_meta']
[0.492s] Level 1:colcon.colcon_core.package_identification:_identify(doc/2023-03-13 機械實作進度報告/css/print) by extension 'colcon_meta'
[0.492s] Level 1:colcon.colcon_core.package_identification:_identify(doc/2023-03-13 機械實作進度報告/css/print) by extensions ['ros']
[0.492s] Level 1:colcon.colcon_core.package_identification:_identify(doc/2023-03-13 機械實作進度報告/css/print) by extension 'ros'
[0.492s] Level 1:colcon.colcon_core.package_identification:_identify(doc/2023-03-13 機械實作進度報告/css/print) by extensions ['cmake', 'python']
[0.492s] Level 1:colcon.colcon_core.package_identification:_identify(doc/2023-03-13 機械實作進度報告/css/print) by extension 'cmake'
[0.492s] Level 1:colcon.colcon_core.package_identification:_identify(doc/2023-03-13 機械實作進度報告/css/print) by extension 'python'
[0.492s] Level 1:colcon.colcon_core.package_identification:_identify(doc/2023-03-13 機械實作進度報告/css/print) by extensions ['python_setup_py']
[0.492s] Level 1:colcon.colcon_core.package_identification:_identify(doc/2023-03-13 機械實作進度報告/css/print) by extension 'python_setup_py'
[0.492s] Level 1:colcon.colcon_core.package_identification:_identify(doc/2023-03-13 機械實作進度報告/css/theme) by extensions ['ignore', 'ignore_ament_install']
[0.493s] Level 1:colcon.colcon_core.package_identification:_identify(doc/2023-03-13 機械實作進度報告/css/theme) by extension 'ignore'
[0.493s] Level 1:colcon.colcon_core.package_identification:_identify(doc/2023-03-13 機械實作進度報告/css/theme) by extension 'ignore_ament_install'
[0.493s] Level 1:colcon.colcon_core.package_identification:_identify(doc/2023-03-13 機械實作進度報告/css/theme) by extensions ['colcon_pkg']
[0.493s] Level 1:colcon.colcon_core.package_identification:_identify(doc/2023-03-13 機械實作進度報告/css/theme) by extension 'colcon_pkg'
[0.493s] Level 1:colcon.colcon_core.package_identification:_identify(doc/2023-03-13 機械實作進度報告/css/theme) by extensions ['colcon_meta']
[0.493s] Level 1:colcon.colcon_core.package_identification:_identify(doc/2023-03-13 機械實作進度報告/css/theme) by extension 'colcon_meta'
[0.493s] Level 1:colcon.colcon_core.package_identification:_identify(doc/2023-03-13 機械實作進度報告/css/theme) by extensions ['ros']
[0.493s] Level 1:colcon.colcon_core.package_identification:_identify(doc/2023-03-13 機械實作進度報告/css/theme) by extension 'ros'
[0.494s] Level 1:colcon.colcon_core.package_identification:_identify(doc/2023-03-13 機械實作進度報告/css/theme) by extensions ['cmake', 'python']
[0.494s] Level 1:colcon.colcon_core.package_identification:_identify(doc/2023-03-13 機械實作進度報告/css/theme) by extension 'cmake'
[0.494s] Level 1:colcon.colcon_core.package_identification:_identify(doc/2023-03-13 機械實作進度報告/css/theme) by extension 'python'
[0.494s] Level 1:colcon.colcon_core.package_identification:_identify(doc/2023-03-13 機械實作進度報告/css/theme) by extensions ['python_setup_py']
[0.494s] Level 1:colcon.colcon_core.package_identification:_identify(doc/2023-03-13 機械實作進度報告/css/theme) by extension 'python_setup_py'
[0.494s] Level 1:colcon.colcon_core.package_identification:_identify(doc/2023-03-13 機械實作進度報告/css/theme/source) by extensions ['ignore', 'ignore_ament_install']
[0.494s] Level 1:colcon.colcon_core.package_identification:_identify(doc/2023-03-13 機械實作進度報告/css/theme/source) by extension 'ignore'
[0.494s] Level 1:colcon.colcon_core.package_identification:_identify(doc/2023-03-13 機械實作進度報告/css/theme/source) by extension 'ignore_ament_install'
[0.495s] Level 1:colcon.colcon_core.package_identification:_identify(doc/2023-03-13 機械實作進度報告/css/theme/source) by extensions ['colcon_pkg']
[0.495s] Level 1:colcon.colcon_core.package_identification:_identify(doc/2023-03-13 機械實作進度報告/css/theme/source) by extension 'colcon_pkg'
[0.495s] Level 1:colcon.colcon_core.package_identification:_identify(doc/2023-03-13 機械實作進度報告/css/theme/source) by extensions ['colcon_meta']
[0.495s] Level 1:colcon.colcon_core.package_identification:_identify(doc/2023-03-13 機械實作進度報告/css/theme/source) by extension 'colcon_meta'
[0.495s] Level 1:colcon.colcon_core.package_identification:_identify(doc/2023-03-13 機械實作進度報告/css/theme/source) by extensions ['ros']
[0.495s] Level 1:colcon.colcon_core.package_identification:_identify(doc/2023-03-13 機械實作進度報告/css/theme/source) by extension 'ros'
[0.495s] Level 1:colcon.colcon_core.package_identification:_identify(doc/2023-03-13 機械實作進度報告/css/theme/source) by extensions ['cmake', 'python']
[0.495s] Level 1:colcon.colcon_core.package_identification:_identify(doc/2023-03-13 機械實作進度報告/css/theme/source) by extension 'cmake'
[0.495s] Level 1:colcon.colcon_core.package_identification:_identify(doc/2023-03-13 機械實作進度報告/css/theme/source) by extension 'python'
[0.495s] Level 1:colcon.colcon_core.package_identification:_identify(doc/2023-03-13 機械實作進度報告/css/theme/source) by extensions ['python_setup_py']
[0.495s] Level 1:colcon.colcon_core.package_identification:_identify(doc/2023-03-13 機械實作進度報告/css/theme/source) by extension 'python_setup_py'
[0.496s] Level 1:colcon.colcon_core.package_identification:_identify(doc/2023-03-13 機械實作進度報告/css/theme/template) by extensions ['ignore', 'ignore_ament_install']
[0.496s] Level 1:colcon.colcon_core.package_identification:_identify(doc/2023-03-13 機械實作進度報告/css/theme/template) by extension 'ignore'
[0.496s] Level 1:colcon.colcon_core.package_identification:_identify(doc/2023-03-13 機械實作進度報告/css/theme/template) by extension 'ignore_ament_install'
[0.496s] Level 1:colcon.colcon_core.package_identification:_identify(doc/2023-03-13 機械實作進度報告/css/theme/template) by extensions ['colcon_pkg']
[0.496s] Level 1:colcon.colcon_core.package_identification:_identify(doc/2023-03-13 機械實作進度報告/css/theme/template) by extension 'colcon_pkg'
[0.496s] Level 1:colcon.colcon_core.package_identification:_identify(doc/2023-03-13 機械實作進度報告/css/theme/template) by extensions ['colcon_meta']
[0.496s] Level 1:colcon.colcon_core.package_identification:_identify(doc/2023-03-13 機械實作進度報告/css/theme/template) by extension 'colcon_meta'
[0.496s] Level 1:colcon.colcon_core.package_identification:_identify(doc/2023-03-13 機械實作進度報告/css/theme/template) by extensions ['ros']
[0.496s] Level 1:colcon.colcon_core.package_identification:_identify(doc/2023-03-13 機械實作進度報告/css/theme/template) by extension 'ros'
[0.496s] Level 1:colcon.colcon_core.package_identification:_identify(doc/2023-03-13 機械實作進度報告/css/theme/template) by extensions ['cmake', 'python']
[0.496s] Level 1:colcon.colcon_core.package_identification:_identify(doc/2023-03-13 機械實作進度報告/css/theme/template) by extension 'cmake'
[0.496s] Level 1:colcon.colcon_core.package_identification:_identify(doc/2023-03-13 機械實作進度報告/css/theme/template) by extension 'python'
[0.496s] Level 1:colcon.colcon_core.package_identification:_identify(doc/2023-03-13 機械實作進度報告/css/theme/template) by extensions ['python_setup_py']
[0.497s] Level 1:colcon.colcon_core.package_identification:_identify(doc/2023-03-13 機械實作進度報告/css/theme/template) by extension 'python_setup_py'
[0.497s] Level 1:colcon.colcon_core.package_identification:_identify(doc/2023-03-13 機械實作進度報告/dist) by extensions ['ignore', 'ignore_ament_install']
[0.497s] Level 1:colcon.colcon_core.package_identification:_identify(doc/2023-03-13 機械實作進度報告/dist) by extension 'ignore'
[0.497s] Level 1:colcon.colcon_core.package_identification:_identify(doc/2023-03-13 機械實作進度報告/dist) by extension 'ignore_ament_install'
[0.497s] Level 1:colcon.colcon_core.package_identification:_identify(doc/2023-03-13 機械實作進度報告/dist) by extensions ['colcon_pkg']
[0.497s] Level 1:colcon.colcon_core.package_identification:_identify(doc/2023-03-13 機械實作進度報告/dist) by extension 'colcon_pkg'
[0.497s] Level 1:colcon.colcon_core.package_identification:_identify(doc/2023-03-13 機械實作進度報告/dist) by extensions ['colcon_meta']
[0.497s] Level 1:colcon.colcon_core.package_identification:_identify(doc/2023-03-13 機械實作進度報告/dist) by extension 'colcon_meta'
[0.497s] Level 1:colcon.colcon_core.package_identification:_identify(doc/2023-03-13 機械實作進度報告/dist) by extensions ['ros']
[0.497s] Level 1:colcon.colcon_core.package_identification:_identify(doc/2023-03-13 機械實作進度報告/dist) by extension 'ros'
[0.497s] Level 1:colcon.colcon_core.package_identification:_identify(doc/2023-03-13 機械實作進度報告/dist) by extensions ['cmake', 'python']
[0.497s] Level 1:colcon.colcon_core.package_identification:_identify(doc/2023-03-13 機械實作進度報告/dist) by extension 'cmake'
[0.497s] Level 1:colcon.colcon_core.package_identification:_identify(doc/2023-03-13 機械實作進度報告/dist) by extension 'python'
[0.498s] Level 1:colcon.colcon_core.package_identification:_identify(doc/2023-03-13 機械實作進度報告/dist) by extensions ['python_setup_py']
[0.498s] Level 1:colcon.colcon_core.package_identification:_identify(doc/2023-03-13 機械實作進度報告/dist) by extension 'python_setup_py'
[0.498s] Level 1:colcon.colcon_core.package_identification:_identify(doc/2023-03-13 機械實作進度報告/dist/theme) by extensions ['ignore', 'ignore_ament_install']
[0.498s] Level 1:colcon.colcon_core.package_identification:_identify(doc/2023-03-13 機械實作進度報告/dist/theme) by extension 'ignore'
[0.498s] Level 1:colcon.colcon_core.package_identification:_identify(doc/2023-03-13 機械實作進度報告/dist/theme) by extension 'ignore_ament_install'
[0.498s] Level 1:colcon.colcon_core.package_identification:_identify(doc/2023-03-13 機械實作進度報告/dist/theme) by extensions ['colcon_pkg']
[0.498s] Level 1:colcon.colcon_core.package_identification:_identify(doc/2023-03-13 機械實作進度報告/dist/theme) by extension 'colcon_pkg'
[0.498s] Level 1:colcon.colcon_core.package_identification:_identify(doc/2023-03-13 機械實作進度報告/dist/theme) by extensions ['colcon_meta']
[0.498s] Level 1:colcon.colcon_core.package_identification:_identify(doc/2023-03-13 機械實作進度報告/dist/theme) by extension 'colcon_meta'
[0.498s] Level 1:colcon.colcon_core.package_identification:_identify(doc/2023-03-13 機械實作進度報告/dist/theme) by extensions ['ros']
[0.498s] Level 1:colcon.colcon_core.package_identification:_identify(doc/2023-03-13 機械實作進度報告/dist/theme) by extension 'ros'
[0.498s] Level 1:colcon.colcon_core.package_identification:_identify(doc/2023-03-13 機械實作進度報告/dist/theme) by extensions ['cmake', 'python']
[0.499s] Level 1:colcon.colcon_core.package_identification:_identify(doc/2023-03-13 機械實作進度報告/dist/theme) by extension 'cmake'
[0.499s] Level 1:colcon.colcon_core.package_identification:_identify(doc/2023-03-13 機械實作進度報告/dist/theme) by extension 'python'
[0.499s] Level 1:colcon.colcon_core.package_identification:_identify(doc/2023-03-13 機械實作進度報告/dist/theme) by extensions ['python_setup_py']
[0.499s] Level 1:colcon.colcon_core.package_identification:_identify(doc/2023-03-13 機械實作進度報告/dist/theme) by extension 'python_setup_py'
[0.499s] Level 1:colcon.colcon_core.package_identification:_identify(doc/2023-03-13 機械實作進度報告/dist/theme/fonts) by extensions ['ignore', 'ignore_ament_install']
[0.499s] Level 1:colcon.colcon_core.package_identification:_identify(doc/2023-03-13 機械實作進度報告/dist/theme/fonts) by extension 'ignore'
[0.499s] Level 1:colcon.colcon_core.package_identification:_identify(doc/2023-03-13 機械實作進度報告/dist/theme/fonts) by extension 'ignore_ament_install'
[0.499s] Level 1:colcon.colcon_core.package_identification:_identify(doc/2023-03-13 機械實作進度報告/dist/theme/fonts) by extensions ['colcon_pkg']
[0.499s] Level 1:colcon.colcon_core.package_identification:_identify(doc/2023-03-13 機械實作進度報告/dist/theme/fonts) by extension 'colcon_pkg'
[0.499s] Level 1:colcon.colcon_core.package_identification:_identify(doc/2023-03-13 機械實作進度報告/dist/theme/fonts) by extensions ['colcon_meta']
[0.499s] Level 1:colcon.colcon_core.package_identification:_identify(doc/2023-03-13 機械實作進度報告/dist/theme/fonts) by extension 'colcon_meta'
[0.499s] Level 1:colcon.colcon_core.package_identification:_identify(doc/2023-03-13 機械實作進度報告/dist/theme/fonts) by extensions ['ros']
[0.500s] Level 1:colcon.colcon_core.package_identification:_identify(doc/2023-03-13 機械實作進度報告/dist/theme/fonts) by extension 'ros'
[0.500s] Level 1:colcon.colcon_core.package_identification:_identify(doc/2023-03-13 機械實作進度報告/dist/theme/fonts) by extensions ['cmake', 'python']
[0.500s] Level 1:colcon.colcon_core.package_identification:_identify(doc/2023-03-13 機械實作進度報告/dist/theme/fonts) by extension 'cmake'
[0.500s] Level 1:colcon.colcon_core.package_identification:_identify(doc/2023-03-13 機械實作進度報告/dist/theme/fonts) by extension 'python'
[0.500s] Level 1:colcon.colcon_core.package_identification:_identify(doc/2023-03-13 機械實作進度報告/dist/theme/fonts) by extensions ['python_setup_py']
[0.500s] Level 1:colcon.colcon_core.package_identification:_identify(doc/2023-03-13 機械實作進度報告/dist/theme/fonts) by extension 'python_setup_py'
[0.500s] Level 1:colcon.colcon_core.package_identification:_identify(doc/2023-03-13 機械實作進度報告/dist/theme/fonts/league-gothic) by extensions ['ignore', 'ignore_ament_install']
[0.501s] Level 1:colcon.colcon_core.package_identification:_identify(doc/2023-03-13 機械實作進度報告/dist/theme/fonts/league-gothic) by extension 'ignore'
[0.501s] Level 1:colcon.colcon_core.package_identification:_identify(doc/2023-03-13 機械實作進度報告/dist/theme/fonts/league-gothic) by extension 'ignore_ament_install'
[0.501s] Level 1:colcon.colcon_core.package_identification:_identify(doc/2023-03-13 機械實作進度報告/dist/theme/fonts/league-gothic) by extensions ['colcon_pkg']
[0.501s] Level 1:colcon.colcon_core.package_identification:_identify(doc/2023-03-13 機械實作進度報告/dist/theme/fonts/league-gothic) by extension 'colcon_pkg'
[0.501s] Level 1:colcon.colcon_core.package_identification:_identify(doc/2023-03-13 機械實作進度報告/dist/theme/fonts/league-gothic) by extensions ['colcon_meta']
[0.501s] Level 1:colcon.colcon_core.package_identification:_identify(doc/2023-03-13 機械實作進度報告/dist/theme/fonts/league-gothic) by extension 'colcon_meta'
[0.501s] Level 1:colcon.colcon_core.package_identification:_identify(doc/2023-03-13 機械實作進度報告/dist/theme/fonts/league-gothic) by extensions ['ros']
[0.501s] Level 1:colcon.colcon_core.package_identification:_identify(doc/2023-03-13 機械實作進度報告/dist/theme/fonts/league-gothic) by extension 'ros'
[0.502s] Level 1:colcon.colcon_core.package_identification:_identify(doc/2023-03-13 機械實作進度報告/dist/theme/fonts/league-gothic) by extensions ['cmake', 'python']
[0.502s] Level 1:colcon.colcon_core.package_identification:_identify(doc/2023-03-13 機械實作進度報告/dist/theme/fonts/league-gothic) by extension 'cmake'
[0.502s] Level 1:colcon.colcon_core.package_identification:_identify(doc/2023-03-13 機械實作進度報告/dist/theme/fonts/league-gothic) by extension 'python'
[0.502s] Level 1:colcon.colcon_core.package_identification:_identify(doc/2023-03-13 機械實作進度報告/dist/theme/fonts/league-gothic) by extensions ['python_setup_py']
[0.502s] Level 1:colcon.colcon_core.package_identification:_identify(doc/2023-03-13 機械實作進度報告/dist/theme/fonts/league-gothic) by extension 'python_setup_py'
[0.502s] Level 1:colcon.colcon_core.package_identification:_identify(doc/2023-03-13 機械實作進度報告/dist/theme/fonts/source-sans-pro) by extensions ['ignore', 'ignore_ament_install']
[0.503s] Level 1:colcon.colcon_core.package_identification:_identify(doc/2023-03-13 機械實作進度報告/dist/theme/fonts/source-sans-pro) by extension 'ignore'
[0.503s] Level 1:colcon.colcon_core.package_identification:_identify(doc/2023-03-13 機械實作進度報告/dist/theme/fonts/source-sans-pro) by extension 'ignore_ament_install'
[0.503s] Level 1:colcon.colcon_core.package_identification:_identify(doc/2023-03-13 機械實作進度報告/dist/theme/fonts/source-sans-pro) by extensions ['colcon_pkg']
[0.503s] Level 1:colcon.colcon_core.package_identification:_identify(doc/2023-03-13 機械實作進度報告/dist/theme/fonts/source-sans-pro) by extension 'colcon_pkg'
[0.503s] Level 1:colcon.colcon_core.package_identification:_identify(doc/2023-03-13 機械實作進度報告/dist/theme/fonts/source-sans-pro) by extensions ['colcon_meta']
[0.503s] Level 1:colcon.colcon_core.package_identification:_identify(doc/2023-03-13 機械實作進度報告/dist/theme/fonts/source-sans-pro) by extension 'colcon_meta'
[0.503s] Level 1:colcon.colcon_core.package_identification:_identify(doc/2023-03-13 機械實作進度報告/dist/theme/fonts/source-sans-pro) by extensions ['ros']
[0.503s] Level 1:colcon.colcon_core.package_identification:_identify(doc/2023-03-13 機械實作進度報告/dist/theme/fonts/source-sans-pro) by extension 'ros'
[0.503s] Level 1:colcon.colcon_core.package_identification:_identify(doc/2023-03-13 機械實作進度報告/dist/theme/fonts/source-sans-pro) by extensions ['cmake', 'python']
[0.503s] Level 1:colcon.colcon_core.package_identification:_identify(doc/2023-03-13 機械實作進度報告/dist/theme/fonts/source-sans-pro) by extension 'cmake'
[0.503s] Level 1:colcon.colcon_core.package_identification:_identify(doc/2023-03-13 機械實作進度報告/dist/theme/fonts/source-sans-pro) by extension 'python'
[0.503s] Level 1:colcon.colcon_core.package_identification:_identify(doc/2023-03-13 機械實作進度報告/dist/theme/fonts/source-sans-pro) by extensions ['python_setup_py']
[0.503s] Level 1:colcon.colcon_core.package_identification:_identify(doc/2023-03-13 機械實作進度報告/dist/theme/fonts/source-sans-pro) by extension 'python_setup_py'
[0.504s] Level 1:colcon.colcon_core.package_identification:_identify(doc/2023-03-13 機械實作進度報告/examples) by extensions ['ignore', 'ignore_ament_install']
[0.504s] Level 1:colcon.colcon_core.package_identification:_identify(doc/2023-03-13 機械實作進度報告/examples) by extension 'ignore'
[0.504s] Level 1:colcon.colcon_core.package_identification:_identify(doc/2023-03-13 機械實作進度報告/examples) by extension 'ignore_ament_install'
[0.504s] Level 1:colcon.colcon_core.package_identification:_identify(doc/2023-03-13 機械實作進度報告/examples) by extensions ['colcon_pkg']
[0.504s] Level 1:colcon.colcon_core.package_identification:_identify(doc/2023-03-13 機械實作進度報告/examples) by extension 'colcon_pkg'
[0.504s] Level 1:colcon.colcon_core.package_identification:_identify(doc/2023-03-13 機械實作進度報告/examples) by extensions ['colcon_meta']
[0.504s] Level 1:colcon.colcon_core.package_identification:_identify(doc/2023-03-13 機械實作進度報告/examples) by extension 'colcon_meta'
[0.504s] Level 1:colcon.colcon_core.package_identification:_identify(doc/2023-03-13 機械實作進度報告/examples) by extensions ['ros']
[0.504s] Level 1:colcon.colcon_core.package_identification:_identify(doc/2023-03-13 機械實作進度報告/examples) by extension 'ros'
[0.504s] Level 1:colcon.colcon_core.package_identification:_identify(doc/2023-03-13 機械實作進度報告/examples) by extensions ['cmake', 'python']
[0.505s] Level 1:colcon.colcon_core.package_identification:_identify(doc/2023-03-13 機械實作進度報告/examples) by extension 'cmake'
[0.505s] Level 1:colcon.colcon_core.package_identification:_identify(doc/2023-03-13 機械實作進度報告/examples) by extension 'python'
[0.505s] Level 1:colcon.colcon_core.package_identification:_identify(doc/2023-03-13 機械實作進度報告/examples) by extensions ['python_setup_py']
[0.505s] Level 1:colcon.colcon_core.package_identification:_identify(doc/2023-03-13 機械實作進度報告/examples) by extension 'python_setup_py'
[0.505s] Level 1:colcon.colcon_core.package_identification:_identify(doc/2023-03-13 機械實作進度報告/examples/assets) by extensions ['ignore', 'ignore_ament_install']
[0.505s] Level 1:colcon.colcon_core.package_identification:_identify(doc/2023-03-13 機械實作進度報告/examples/assets) by extension 'ignore'
[0.505s] Level 1:colcon.colcon_core.package_identification:_identify(doc/2023-03-13 機械實作進度報告/examples/assets) by extension 'ignore_ament_install'
[0.505s] Level 1:colcon.colcon_core.package_identification:_identify(doc/2023-03-13 機械實作進度報告/examples/assets) by extensions ['colcon_pkg']
[0.505s] Level 1:colcon.colcon_core.package_identification:_identify(doc/2023-03-13 機械實作進度報告/examples/assets) by extension 'colcon_pkg'
[0.506s] Level 1:colcon.colcon_core.package_identification:_identify(doc/2023-03-13 機械實作進度報告/examples/assets) by extensions ['colcon_meta']
[0.506s] Level 1:colcon.colcon_core.package_identification:_identify(doc/2023-03-13 機械實作進度報告/examples/assets) by extension 'colcon_meta'
[0.506s] Level 1:colcon.colcon_core.package_identification:_identify(doc/2023-03-13 機械實作進度報告/examples/assets) by extensions ['ros']
[0.506s] Level 1:colcon.colcon_core.package_identification:_identify(doc/2023-03-13 機械實作進度報告/examples/assets) by extension 'ros'
[0.506s] Level 1:colcon.colcon_core.package_identification:_identify(doc/2023-03-13 機械實作進度報告/examples/assets) by extensions ['cmake', 'python']
[0.506s] Level 1:colcon.colcon_core.package_identification:_identify(doc/2023-03-13 機械實作進度報告/examples/assets) by extension 'cmake'
[0.506s] Level 1:colcon.colcon_core.package_identification:_identify(doc/2023-03-13 機械實作進度報告/examples/assets) by extension 'python'
[0.506s] Level 1:colcon.colcon_core.package_identification:_identify(doc/2023-03-13 機械實作進度報告/examples/assets) by extensions ['python_setup_py']
[0.506s] Level 1:colcon.colcon_core.package_identification:_identify(doc/2023-03-13 機械實作進度報告/examples/assets) by extension 'python_setup_py'
[0.507s] Level 1:colcon.colcon_core.package_identification:_identify(doc/2023-03-13 機械實作進度報告/js) by extensions ['ignore', 'ignore_ament_install']
[0.507s] Level 1:colcon.colcon_core.package_identification:_identify(doc/2023-03-13 機械實作進度報告/js) by extension 'ignore'
[0.507s] Level 1:colcon.colcon_core.package_identification:_identify(doc/2023-03-13 機械實作進度報告/js) by extension 'ignore_ament_install'
[0.507s] Level 1:colcon.colcon_core.package_identification:_identify(doc/2023-03-13 機械實作進度報告/js) by extensions ['colcon_pkg']
[0.507s] Level 1:colcon.colcon_core.package_identification:_identify(doc/2023-03-13 機械實作進度報告/js) by extension 'colcon_pkg'
[0.507s] Level 1:colcon.colcon_core.package_identification:_identify(doc/2023-03-13 機械實作進度報告/js) by extensions ['colcon_meta']
[0.507s] Level 1:colcon.colcon_core.package_identification:_identify(doc/2023-03-13 機械實作進度報告/js) by extension 'colcon_meta'
[0.508s] Level 1:colcon.colcon_core.package_identification:_identify(doc/2023-03-13 機械實作進度報告/js) by extensions ['ros']
[0.508s] Level 1:colcon.colcon_core.package_identification:_identify(doc/2023-03-13 機械實作進度報告/js) by extension 'ros'
[0.508s] Level 1:colcon.colcon_core.package_identification:_identify(doc/2023-03-13 機械實作進度報告/js) by extensions ['cmake', 'python']
[0.508s] Level 1:colcon.colcon_core.package_identification:_identify(doc/2023-03-13 機械實作進度報告/js) by extension 'cmake'
[0.508s] Level 1:colcon.colcon_core.package_identification:_identify(doc/2023-03-13 機械實作進度報告/js) by extension 'python'
[0.508s] Level 1:colcon.colcon_core.package_identification:_identify(doc/2023-03-13 機械實作進度報告/js) by extensions ['python_setup_py']
[0.508s] Level 1:colcon.colcon_core.package_identification:_identify(doc/2023-03-13 機械實作進度報告/js) by extension 'python_setup_py'
[0.509s] Level 1:colcon.colcon_core.package_identification:_identify(doc/2023-03-13 機械實作進度報告/js/components) by extensions ['ignore', 'ignore_ament_install']
[0.509s] Level 1:colcon.colcon_core.package_identification:_identify(doc/2023-03-13 機械實作進度報告/js/components) by extension 'ignore'
[0.509s] Level 1:colcon.colcon_core.package_identification:_identify(doc/2023-03-13 機械實作進度報告/js/components) by extension 'ignore_ament_install'
[0.509s] Level 1:colcon.colcon_core.package_identification:_identify(doc/2023-03-13 機械實作進度報告/js/components) by extensions ['colcon_pkg']
[0.509s] Level 1:colcon.colcon_core.package_identification:_identify(doc/2023-03-13 機械實作進度報告/js/components) by extension 'colcon_pkg'
[0.509s] Level 1:colcon.colcon_core.package_identification:_identify(doc/2023-03-13 機械實作進度報告/js/components) by extensions ['colcon_meta']
[0.510s] Level 1:colcon.colcon_core.package_identification:_identify(doc/2023-03-13 機械實作進度報告/js/components) by extension 'colcon_meta'
[0.510s] Level 1:colcon.colcon_core.package_identification:_identify(doc/2023-03-13 機械實作進度報告/js/components) by extensions ['ros']
[0.510s] Level 1:colcon.colcon_core.package_identification:_identify(doc/2023-03-13 機械實作進度報告/js/components) by extension 'ros'
[0.510s] Level 1:colcon.colcon_core.package_identification:_identify(doc/2023-03-13 機械實作進度報告/js/components) by extensions ['cmake', 'python']
[0.510s] Level 1:colcon.colcon_core.package_identification:_identify(doc/2023-03-13 機械實作進度報告/js/components) by extension 'cmake'
[0.510s] Level 1:colcon.colcon_core.package_identification:_identify(doc/2023-03-13 機械實作進度報告/js/components) by extension 'python'
[0.510s] Level 1:colcon.colcon_core.package_identification:_identify(doc/2023-03-13 機械實作進度報告/js/components) by extensions ['python_setup_py']
[0.510s] Level 1:colcon.colcon_core.package_identification:_identify(doc/2023-03-13 機械實作進度報告/js/components) by extension 'python_setup_py'
[0.511s] Level 1:colcon.colcon_core.package_identification:_identify(doc/2023-03-13 機械實作進度報告/js/controllers) by extensions ['ignore', 'ignore_ament_install']
[0.511s] Level 1:colcon.colcon_core.package_identification:_identify(doc/2023-03-13 機械實作進度報告/js/controllers) by extension 'ignore'
[0.511s] Level 1:colcon.colcon_core.package_identification:_identify(doc/2023-03-13 機械實作進度報告/js/controllers) by extension 'ignore_ament_install'
[0.511s] Level 1:colcon.colcon_core.package_identification:_identify(doc/2023-03-13 機械實作進度報告/js/controllers) by extensions ['colcon_pkg']
[0.511s] Level 1:colcon.colcon_core.package_identification:_identify(doc/2023-03-13 機械實作進度報告/js/controllers) by extension 'colcon_pkg'
[0.511s] Level 1:colcon.colcon_core.package_identification:_identify(doc/2023-03-13 機械實作進度報告/js/controllers) by extensions ['colcon_meta']
[0.511s] Level 1:colcon.colcon_core.package_identification:_identify(doc/2023-03-13 機械實作進度報告/js/controllers) by extension 'colcon_meta'
[0.511s] Level 1:colcon.colcon_core.package_identification:_identify(doc/2023-03-13 機械實作進度報告/js/controllers) by extensions ['ros']
[0.511s] Level 1:colcon.colcon_core.package_identification:_identify(doc/2023-03-13 機械實作進度報告/js/controllers) by extension 'ros'
[0.512s] Level 1:colcon.colcon_core.package_identification:_identify(doc/2023-03-13 機械實作進度報告/js/controllers) by extensions ['cmake', 'python']
[0.512s] Level 1:colcon.colcon_core.package_identification:_identify(doc/2023-03-13 機械實作進度報告/js/controllers) by extension 'cmake'
[0.512s] Level 1:colcon.colcon_core.package_identification:_identify(doc/2023-03-13 機械實作進度報告/js/controllers) by extension 'python'
[0.512s] Level 1:colcon.colcon_core.package_identification:_identify(doc/2023-03-13 機械實作進度報告/js/controllers) by extensions ['python_setup_py']
[0.512s] Level 1:colcon.colcon_core.package_identification:_identify(doc/2023-03-13 機械實作進度報告/js/controllers) by extension 'python_setup_py'
[0.513s] Level 1:colcon.colcon_core.package_identification:_identify(doc/2023-03-13 機械實作進度報告/js/utils) by extensions ['ignore', 'ignore_ament_install']
[0.513s] Level 1:colcon.colcon_core.package_identification:_identify(doc/2023-03-13 機械實作進度報告/js/utils) by extension 'ignore'
[0.513s] Level 1:colcon.colcon_core.package_identification:_identify(doc/2023-03-13 機械實作進度報告/js/utils) by extension 'ignore_ament_install'
[0.513s] Level 1:colcon.colcon_core.package_identification:_identify(doc/2023-03-13 機械實作進度報告/js/utils) by extensions ['colcon_pkg']
[0.513s] Level 1:colcon.colcon_core.package_identification:_identify(doc/2023-03-13 機械實作進度報告/js/utils) by extension 'colcon_pkg'
[0.513s] Level 1:colcon.colcon_core.package_identification:_identify(doc/2023-03-13 機械實作進度報告/js/utils) by extensions ['colcon_meta']
[0.513s] Level 1:colcon.colcon_core.package_identification:_identify(doc/2023-03-13 機械實作進度報告/js/utils) by extension 'colcon_meta'
[0.513s] Level 1:colcon.colcon_core.package_identification:_identify(doc/2023-03-13 機械實作進度報告/js/utils) by extensions ['ros']
[0.513s] Level 1:colcon.colcon_core.package_identification:_identify(doc/2023-03-13 機械實作進度報告/js/utils) by extension 'ros'
[0.514s] Level 1:colcon.colcon_core.package_identification:_identify(doc/2023-03-13 機械實作進度報告/js/utils) by extensions ['cmake', 'python']
[0.514s] Level 1:colcon.colcon_core.package_identification:_identify(doc/2023-03-13 機械實作進度報告/js/utils) by extension 'cmake'
[0.514s] Level 1:colcon.colcon_core.package_identification:_identify(doc/2023-03-13 機械實作進度報告/js/utils) by extension 'python'
[0.514s] Level 1:colcon.colcon_core.package_identification:_identify(doc/2023-03-13 機械實作進度報告/js/utils) by extensions ['python_setup_py']
[0.514s] Level 1:colcon.colcon_core.package_identification:_identify(doc/2023-03-13 機械實作進度報告/js/utils) by extension 'python_setup_py'
[0.514s] Level 1:colcon.colcon_core.package_identification:_identify(doc/2023-03-13 機械實作進度報告/plugin) by extensions ['ignore', 'ignore_ament_install']
[0.514s] Level 1:colcon.colcon_core.package_identification:_identify(doc/2023-03-13 機械實作進度報告/plugin) by extension 'ignore'
[0.514s] Level 1:colcon.colcon_core.package_identification:_identify(doc/2023-03-13 機械實作進度報告/plugin) by extension 'ignore_ament_install'
[0.515s] Level 1:colcon.colcon_core.package_identification:_identify(doc/2023-03-13 機械實作進度報告/plugin) by extensions ['colcon_pkg']
[0.515s] Level 1:colcon.colcon_core.package_identification:_identify(doc/2023-03-13 機械實作進度報告/plugin) by extension 'colcon_pkg'
[0.515s] Level 1:colcon.colcon_core.package_identification:_identify(doc/2023-03-13 機械實作進度報告/plugin) by extensions ['colcon_meta']
[0.515s] Level 1:colcon.colcon_core.package_identification:_identify(doc/2023-03-13 機械實作進度報告/plugin) by extension 'colcon_meta'
[0.515s] Level 1:colcon.colcon_core.package_identification:_identify(doc/2023-03-13 機械實作進度報告/plugin) by extensions ['ros']
[0.515s] Level 1:colcon.colcon_core.package_identification:_identify(doc/2023-03-13 機械實作進度報告/plugin) by extension 'ros'
[0.515s] Level 1:colcon.colcon_core.package_identification:_identify(doc/2023-03-13 機械實作進度報告/plugin) by extensions ['cmake', 'python']
[0.515s] Level 1:colcon.colcon_core.package_identification:_identify(doc/2023-03-13 機械實作進度報告/plugin) by extension 'cmake'
[0.515s] Level 1:colcon.colcon_core.package_identification:_identify(doc/2023-03-13 機械實作進度報告/plugin) by extension 'python'
[0.515s] Level 1:colcon.colcon_core.package_identification:_identify(doc/2023-03-13 機械實作進度報告/plugin) by extensions ['python_setup_py']
[0.515s] Level 1:colcon.colcon_core.package_identification:_identify(doc/2023-03-13 機械實作進度報告/plugin) by extension 'python_setup_py'
[0.516s] Level 1:colcon.colcon_core.package_identification:_identify(doc/2023-03-13 機械實作進度報告/plugin/highlight) by extensions ['ignore', 'ignore_ament_install']
[0.516s] Level 1:colcon.colcon_core.package_identification:_identify(doc/2023-03-13 機械實作進度報告/plugin/highlight) by extension 'ignore'
[0.516s] Level 1:colcon.colcon_core.package_identification:_identify(doc/2023-03-13 機械實作進度報告/plugin/highlight) by extension 'ignore_ament_install'
[0.516s] Level 1:colcon.colcon_core.package_identification:_identify(doc/2023-03-13 機械實作進度報告/plugin/highlight) by extensions ['colcon_pkg']
[0.516s] Level 1:colcon.colcon_core.package_identification:_identify(doc/2023-03-13 機械實作進度報告/plugin/highlight) by extension 'colcon_pkg'
[0.516s] Level 1:colcon.colcon_core.package_identification:_identify(doc/2023-03-13 機械實作進度報告/plugin/highlight) by extensions ['colcon_meta']
[0.516s] Level 1:colcon.colcon_core.package_identification:_identify(doc/2023-03-13 機械實作進度報告/plugin/highlight) by extension 'colcon_meta'
[0.516s] Level 1:colcon.colcon_core.package_identification:_identify(doc/2023-03-13 機械實作進度報告/plugin/highlight) by extensions ['ros']
[0.516s] Level 1:colcon.colcon_core.package_identification:_identify(doc/2023-03-13 機械實作進度報告/plugin/highlight) by extension 'ros'
[0.516s] Level 1:colcon.colcon_core.package_identification:_identify(doc/2023-03-13 機械實作進度報告/plugin/highlight) by extensions ['cmake', 'python']
[0.516s] Level 1:colcon.colcon_core.package_identification:_identify(doc/2023-03-13 機械實作進度報告/plugin/highlight) by extension 'cmake'
[0.517s] Level 1:colcon.colcon_core.package_identification:_identify(doc/2023-03-13 機械實作進度報告/plugin/highlight) by extension 'python'
[0.517s] Level 1:colcon.colcon_core.package_identification:_identify(doc/2023-03-13 機械實作進度報告/plugin/highlight) by extensions ['python_setup_py']
[0.517s] Level 1:colcon.colcon_core.package_identification:_identify(doc/2023-03-13 機械實作進度報告/plugin/highlight) by extension 'python_setup_py'
[0.517s] Level 1:colcon.colcon_core.package_identification:_identify(doc/2023-03-13 機械實作進度報告/plugin/markdown) by extensions ['ignore', 'ignore_ament_install']
[0.517s] Level 1:colcon.colcon_core.package_identification:_identify(doc/2023-03-13 機械實作進度報告/plugin/markdown) by extension 'ignore'
[0.518s] Level 1:colcon.colcon_core.package_identification:_identify(doc/2023-03-13 機械實作進度報告/plugin/markdown) by extension 'ignore_ament_install'
[0.518s] Level 1:colcon.colcon_core.package_identification:_identify(doc/2023-03-13 機械實作進度報告/plugin/markdown) by extensions ['colcon_pkg']
[0.518s] Level 1:colcon.colcon_core.package_identification:_identify(doc/2023-03-13 機械實作進度報告/plugin/markdown) by extension 'colcon_pkg'
[0.518s] Level 1:colcon.colcon_core.package_identification:_identify(doc/2023-03-13 機械實作進度報告/plugin/markdown) by extensions ['colcon_meta']
[0.518s] Level 1:colcon.colcon_core.package_identification:_identify(doc/2023-03-13 機械實作進度報告/plugin/markdown) by extension 'colcon_meta'
[0.518s] Level 1:colcon.colcon_core.package_identification:_identify(doc/2023-03-13 機械實作進度報告/plugin/markdown) by extensions ['ros']
[0.518s] Level 1:colcon.colcon_core.package_identification:_identify(doc/2023-03-13 機械實作進度報告/plugin/markdown) by extension 'ros'
[0.518s] Level 1:colcon.colcon_core.package_identification:_identify(doc/2023-03-13 機械實作進度報告/plugin/markdown) by extensions ['cmake', 'python']
[0.518s] Level 1:colcon.colcon_core.package_identification:_identify(doc/2023-03-13 機械實作進度報告/plugin/markdown) by extension 'cmake'
[0.519s] Level 1:colcon.colcon_core.package_identification:_identify(doc/2023-03-13 機械實作進度報告/plugin/markdown) by extension 'python'
[0.519s] Level 1:colcon.colcon_core.package_identification:_identify(doc/2023-03-13 機械實作進度報告/plugin/markdown) by extensions ['python_setup_py']
[0.519s] Level 1:colcon.colcon_core.package_identification:_identify(doc/2023-03-13 機械實作進度報告/plugin/markdown) by extension 'python_setup_py'
[0.519s] Level 1:colcon.colcon_core.package_identification:_identify(doc/2023-03-13 機械實作進度報告/plugin/math) by extensions ['ignore', 'ignore_ament_install']
[0.519s] Level 1:colcon.colcon_core.package_identification:_identify(doc/2023-03-13 機械實作進度報告/plugin/math) by extension 'ignore'
[0.519s] Level 1:colcon.colcon_core.package_identification:_identify(doc/2023-03-13 機械實作進度報告/plugin/math) by extension 'ignore_ament_install'
[0.519s] Level 1:colcon.colcon_core.package_identification:_identify(doc/2023-03-13 機械實作進度報告/plugin/math) by extensions ['colcon_pkg']
[0.519s] Level 1:colcon.colcon_core.package_identification:_identify(doc/2023-03-13 機械實作進度報告/plugin/math) by extension 'colcon_pkg'
[0.519s] Level 1:colcon.colcon_core.package_identification:_identify(doc/2023-03-13 機械實作進度報告/plugin/math) by extensions ['colcon_meta']
[0.519s] Level 1:colcon.colcon_core.package_identification:_identify(doc/2023-03-13 機械實作進度報告/plugin/math) by extension 'colcon_meta'
[0.519s] Level 1:colcon.colcon_core.package_identification:_identify(doc/2023-03-13 機械實作進度報告/plugin/math) by extensions ['ros']
[0.519s] Level 1:colcon.colcon_core.package_identification:_identify(doc/2023-03-13 機械實作進度報告/plugin/math) by extension 'ros'
[0.520s] Level 1:colcon.colcon_core.package_identification:_identify(doc/2023-03-13 機械實作進度報告/plugin/math) by extensions ['cmake', 'python']
[0.520s] Level 1:colcon.colcon_core.package_identification:_identify(doc/2023-03-13 機械實作進度報告/plugin/math) by extension 'cmake'
[0.520s] Level 1:colcon.colcon_core.package_identification:_identify(doc/2023-03-13 機械實作進度報告/plugin/math) by extension 'python'
[0.520s] Level 1:colcon.colcon_core.package_identification:_identify(doc/2023-03-13 機械實作進度報告/plugin/math) by extensions ['python_setup_py']
[0.520s] Level 1:colcon.colcon_core.package_identification:_identify(doc/2023-03-13 機械實作進度報告/plugin/math) by extension 'python_setup_py'
[0.520s] Level 1:colcon.colcon_core.package_identification:_identify(doc/2023-03-13 機械實作進度報告/plugin/notes) by extensions ['ignore', 'ignore_ament_install']
[0.520s] Level 1:colcon.colcon_core.package_identification:_identify(doc/2023-03-13 機械實作進度報告/plugin/notes) by extension 'ignore'
[0.520s] Level 1:colcon.colcon_core.package_identification:_identify(doc/2023-03-13 機械實作進度報告/plugin/notes) by extension 'ignore_ament_install'
[0.520s] Level 1:colcon.colcon_core.package_identification:_identify(doc/2023-03-13 機械實作進度報告/plugin/notes) by extensions ['colcon_pkg']
[0.521s] Level 1:colcon.colcon_core.package_identification:_identify(doc/2023-03-13 機械實作進度報告/plugin/notes) by extension 'colcon_pkg'
[0.521s] Level 1:colcon.colcon_core.package_identification:_identify(doc/2023-03-13 機械實作進度報告/plugin/notes) by extensions ['colcon_meta']
[0.521s] Level 1:colcon.colcon_core.package_identification:_identify(doc/2023-03-13 機械實作進度報告/plugin/notes) by extension 'colcon_meta'
[0.521s] Level 1:colcon.colcon_core.package_identification:_identify(doc/2023-03-13 機械實作進度報告/plugin/notes) by extensions ['ros']
[0.521s] Level 1:colcon.colcon_core.package_identification:_identify(doc/2023-03-13 機械實作進度報告/plugin/notes) by extension 'ros'
[0.521s] Level 1:colcon.colcon_core.package_identification:_identify(doc/2023-03-13 機械實作進度報告/plugin/notes) by extensions ['cmake', 'python']
[0.521s] Level 1:colcon.colcon_core.package_identification:_identify(doc/2023-03-13 機械實作進度報告/plugin/notes) by extension 'cmake'
[0.521s] Level 1:colcon.colcon_core.package_identification:_identify(doc/2023-03-13 機械實作進度報告/plugin/notes) by extension 'python'
[0.521s] Level 1:colcon.colcon_core.package_identification:_identify(doc/2023-03-13 機械實作進度報告/plugin/notes) by extensions ['python_setup_py']
[0.521s] Level 1:colcon.colcon_core.package_identification:_identify(doc/2023-03-13 機械實作進度報告/plugin/notes) by extension 'python_setup_py'
[0.522s] Level 1:colcon.colcon_core.package_identification:_identify(doc/2023-03-13 機械實作進度報告/plugin/search) by extensions ['ignore', 'ignore_ament_install']
[0.522s] Level 1:colcon.colcon_core.package_identification:_identify(doc/2023-03-13 機械實作進度報告/plugin/search) by extension 'ignore'
[0.522s] Level 1:colcon.colcon_core.package_identification:_identify(doc/2023-03-13 機械實作進度報告/plugin/search) by extension 'ignore_ament_install'
[0.522s] Level 1:colcon.colcon_core.package_identification:_identify(doc/2023-03-13 機械實作進度報告/plugin/search) by extensions ['colcon_pkg']
[0.522s] Level 1:colcon.colcon_core.package_identification:_identify(doc/2023-03-13 機械實作進度報告/plugin/search) by extension 'colcon_pkg'
[0.522s] Level 1:colcon.colcon_core.package_identification:_identify(doc/2023-03-13 機械實作進度報告/plugin/search) by extensions ['colcon_meta']
[0.522s] Level 1:colcon.colcon_core.package_identification:_identify(doc/2023-03-13 機械實作進度報告/plugin/search) by extension 'colcon_meta'
[0.523s] Level 1:colcon.colcon_core.package_identification:_identify(doc/2023-03-13 機械實作進度報告/plugin/search) by extensions ['ros']
[0.523s] Level 1:colcon.colcon_core.package_identification:_identify(doc/2023-03-13 機械實作進度報告/plugin/search) by extension 'ros'
[0.523s] Level 1:colcon.colcon_core.package_identification:_identify(doc/2023-03-13 機械實作進度報告/plugin/search) by extensions ['cmake', 'python']
[0.523s] Level 1:colcon.colcon_core.package_identification:_identify(doc/2023-03-13 機械實作進度報告/plugin/search) by extension 'cmake'
[0.523s] Level 1:colcon.colcon_core.package_identification:_identify(doc/2023-03-13 機械實作進度報告/plugin/search) by extension 'python'
[0.523s] Level 1:colcon.colcon_core.package_identification:_identify(doc/2023-03-13 機械實作進度報告/plugin/search) by extensions ['python_setup_py']
[0.523s] Level 1:colcon.colcon_core.package_identification:_identify(doc/2023-03-13 機械實作進度報告/plugin/search) by extension 'python_setup_py'
[0.524s] Level 1:colcon.colcon_core.package_identification:_identify(doc/2023-03-13 機械實作進度報告/plugin/zoom) by extensions ['ignore', 'ignore_ament_install']
[0.524s] Level 1:colcon.colcon_core.package_identification:_identify(doc/2023-03-13 機械實作進度報告/plugin/zoom) by extension 'ignore'
[0.524s] Level 1:colcon.colcon_core.package_identification:_identify(doc/2023-03-13 機械實作進度報告/plugin/zoom) by extension 'ignore_ament_install'
[0.524s] Level 1:colcon.colcon_core.package_identification:_identify(doc/2023-03-13 機械實作進度報告/plugin/zoom) by extensions ['colcon_pkg']
[0.524s] Level 1:colcon.colcon_core.package_identification:_identify(doc/2023-03-13 機械實作進度報告/plugin/zoom) by extension 'colcon_pkg'
[0.524s] Level 1:colcon.colcon_core.package_identification:_identify(doc/2023-03-13 機械實作進度報告/plugin/zoom) by extensions ['colcon_meta']
[0.524s] Level 1:colcon.colcon_core.package_identification:_identify(doc/2023-03-13 機械實作進度報告/plugin/zoom) by extension 'colcon_meta'
[0.524s] Level 1:colcon.colcon_core.package_identification:_identify(doc/2023-03-13 機械實作進度報告/plugin/zoom) by extensions ['ros']
[0.524s] Level 1:colcon.colcon_core.package_identification:_identify(doc/2023-03-13 機械實作進度報告/plugin/zoom) by extension 'ros'
[0.525s] Level 1:colcon.colcon_core.package_identification:_identify(doc/2023-03-13 機械實作進度報告/plugin/zoom) by extensions ['cmake', 'python']
[0.525s] Level 1:colcon.colcon_core.package_identification:_identify(doc/2023-03-13 機械實作進度報告/plugin/zoom) by extension 'cmake'
[0.525s] Level 1:colcon.colcon_core.package_identification:_identify(doc/2023-03-13 機械實作進度報告/plugin/zoom) by extension 'python'
[0.525s] Level 1:colcon.colcon_core.package_identification:_identify(doc/2023-03-13 機械實作進度報告/plugin/zoom) by extensions ['python_setup_py']
[0.525s] Level 1:colcon.colcon_core.package_identification:_identify(doc/2023-03-13 機械實作進度報告/plugin/zoom) by extension 'python_setup_py'
[0.525s] Level 1:colcon.colcon_core.package_identification:_identify(doc/2023-03-13 機械實作進度報告/test) by extensions ['ignore', 'ignore_ament_install']
[0.525s] Level 1:colcon.colcon_core.package_identification:_identify(doc/2023-03-13 機械實作進度報告/test) by extension 'ignore'
[0.525s] Level 1:colcon.colcon_core.package_identification:_identify(doc/2023-03-13 機械實作進度報告/test) by extension 'ignore_ament_install'
[0.525s] Level 1:colcon.colcon_core.package_identification:_identify(doc/2023-03-13 機械實作進度報告/test) by extensions ['colcon_pkg']
[0.525s] Level 1:colcon.colcon_core.package_identification:_identify(doc/2023-03-13 機械實作進度報告/test) by extension 'colcon_pkg'
[0.525s] Level 1:colcon.colcon_core.package_identification:_identify(doc/2023-03-13 機械實作進度報告/test) by extensions ['colcon_meta']
[0.526s] Level 1:colcon.colcon_core.package_identification:_identify(doc/2023-03-13 機械實作進度報告/test) by extension 'colcon_meta'
[0.526s] Level 1:colcon.colcon_core.package_identification:_identify(doc/2023-03-13 機械實作進度報告/test) by extensions ['ros']
[0.526s] Level 1:colcon.colcon_core.package_identification:_identify(doc/2023-03-13 機械實作進度報告/test) by extension 'ros'
[0.526s] Level 1:colcon.colcon_core.package_identification:_identify(doc/2023-03-13 機械實作進度報告/test) by extensions ['cmake', 'python']
[0.526s] Level 1:colcon.colcon_core.package_identification:_identify(doc/2023-03-13 機械實作進度報告/test) by extension 'cmake'
[0.526s] Level 1:colcon.colcon_core.package_identification:_identify(doc/2023-03-13 機械實作進度報告/test) by extension 'python'
[0.526s] Level 1:colcon.colcon_core.package_identification:_identify(doc/2023-03-13 機械實作進度報告/test) by extensions ['python_setup_py']
[0.526s] Level 1:colcon.colcon_core.package_identification:_identify(doc/2023-03-13 機械實作進度報告/test) by extension 'python_setup_py'
[0.527s] Level 1:colcon.colcon_core.package_identification:_identify(doc/2023-03-13 機械實作進度報告/test/assets) by extensions ['ignore', 'ignore_ament_install']
[0.527s] Level 1:colcon.colcon_core.package_identification:_identify(doc/2023-03-13 機械實作進度報告/test/assets) by extension 'ignore'
[0.527s] Level 1:colcon.colcon_core.package_identification:_identify(doc/2023-03-13 機械實作進度報告/test/assets) by extension 'ignore_ament_install'
[0.527s] Level 1:colcon.colcon_core.package_identification:_identify(doc/2023-03-13 機械實作進度報告/test/assets) by extensions ['colcon_pkg']
[0.527s] Level 1:colcon.colcon_core.package_identification:_identify(doc/2023-03-13 機械實作進度報告/test/assets) by extension 'colcon_pkg'
[0.527s] Level 1:colcon.colcon_core.package_identification:_identify(doc/2023-03-13 機械實作進度報告/test/assets) by extensions ['colcon_meta']
[0.527s] Level 1:colcon.colcon_core.package_identification:_identify(doc/2023-03-13 機械實作進度報告/test/assets) by extension 'colcon_meta'
[0.527s] Level 1:colcon.colcon_core.package_identification:_identify(doc/2023-03-13 機械實作進度報告/test/assets) by extensions ['ros']
[0.527s] Level 1:colcon.colcon_core.package_identification:_identify(doc/2023-03-13 機械實作進度報告/test/assets) by extension 'ros'
[0.528s] Level 1:colcon.colcon_core.package_identification:_identify(doc/2023-03-13 機械實作進度報告/test/assets) by extensions ['cmake', 'python']
[0.528s] Level 1:colcon.colcon_core.package_identification:_identify(doc/2023-03-13 機械實作進度報告/test/assets) by extension 'cmake'
[0.528s] Level 1:colcon.colcon_core.package_identification:_identify(doc/2023-03-13 機械實作進度報告/test/assets) by extension 'python'
[0.528s] Level 1:colcon.colcon_core.package_identification:_identify(doc/2023-03-13 機械實作進度報告/test/assets) by extensions ['python_setup_py']
[0.528s] Level 1:colcon.colcon_core.package_identification:_identify(doc/2023-03-13 機械實作進度報告/test/assets) by extension 'python_setup_py'
[0.528s] Level 1:colcon.colcon_core.package_identification:_identify(install) by extensions ['ignore', 'ignore_ament_install']
[0.528s] Level 1:colcon.colcon_core.package_identification:_identify(install) by extension 'ignore'
[0.528s] Level 1:colcon.colcon_core.package_identification:_identify(install) ignored
[0.529s] Level 1:colcon.colcon_core.package_identification:_identify(log) by extensions ['ignore', 'ignore_ament_install']
[0.529s] Level 1:colcon.colcon_core.package_identification:_identify(log) by extension 'ignore'
[0.529s] Level 1:colcon.colcon_core.package_identification:_identify(log) ignored
[0.529s] Level 1:colcon.colcon_core.package_identification:_identify(pic) by extensions ['ignore', 'ignore_ament_install']
[0.529s] Level 1:colcon.colcon_core.package_identification:_identify(pic) by extension 'ignore'
[0.529s] Level 1:colcon.colcon_core.package_identification:_identify(pic) by extension 'ignore_ament_install'
[0.529s] Level 1:colcon.colcon_core.package_identification:_identify(pic) by extensions ['colcon_pkg']
[0.529s] Level 1:colcon.colcon_core.package_identification:_identify(pic) by extension 'colcon_pkg'
[0.529s] Level 1:colcon.colcon_core.package_identification:_identify(pic) by extensions ['colcon_meta']
[0.529s] Level 1:colcon.colcon_core.package_identification:_identify(pic) by extension 'colcon_meta'
[0.530s] Level 1:colcon.colcon_core.package_identification:_identify(pic) by extensions ['ros']
[0.530s] Level 1:colcon.colcon_core.package_identification:_identify(pic) by extension 'ros'
[0.530s] Level 1:colcon.colcon_core.package_identification:_identify(pic) by extensions ['cmake', 'python']
[0.530s] Level 1:colcon.colcon_core.package_identification:_identify(pic) by extension 'cmake'
[0.530s] Level 1:colcon.colcon_core.package_identification:_identify(pic) by extension 'python'
[0.530s] Level 1:colcon.colcon_core.package_identification:_identify(pic) by extensions ['python_setup_py']
[0.530s] Level 1:colcon.colcon_core.package_identification:_identify(pic) by extension 'python_setup_py'
[0.530s] Level 1:colcon.colcon_core.package_identification:_identify(src) by extensions ['ignore', 'ignore_ament_install']
[0.530s] Level 1:colcon.colcon_core.package_identification:_identify(src) by extension 'ignore'
[0.530s] Level 1:colcon.colcon_core.package_identification:_identify(src) by extension 'ignore_ament_install'
[0.530s] Level 1:colcon.colcon_core.package_identification:_identify(src) by extensions ['colcon_pkg']
[0.530s] Level 1:colcon.colcon_core.package_identification:_identify(src) by extension 'colcon_pkg'
[0.531s] Level 1:colcon.colcon_core.package_identification:_identify(src) by extensions ['colcon_meta']
[0.531s] Level 1:colcon.colcon_core.package_identification:_identify(src) by extension 'colcon_meta'
[0.531s] Level 1:colcon.colcon_core.package_identification:_identify(src) by extensions ['ros']
[0.531s] Level 1:colcon.colcon_core.package_identification:_identify(src) by extension 'ros'
[0.531s] Level 1:colcon.colcon_core.package_identification:_identify(src) by extensions ['cmake', 'python']
[0.531s] Level 1:colcon.colcon_core.package_identification:_identify(src) by extension 'cmake'
[0.531s] Level 1:colcon.colcon_core.package_identification:_identify(src) by extension 'python'
[0.531s] Level 1:colcon.colcon_core.package_identification:_identify(src) by extensions ['python_setup_py']
[0.531s] Level 1:colcon.colcon_core.package_identification:_identify(src) by extension 'python_setup_py'
[0.531s] Level 1:colcon.colcon_core.package_identification:_identify(src/controller_input) by extensions ['ignore', 'ignore_ament_install']
[0.532s] Level 1:colcon.colcon_core.package_identification:_identify(src/controller_input) by extension 'ignore'
[0.532s] Level 1:colcon.colcon_core.package_identification:_identify(src/controller_input) by extension 'ignore_ament_install'
[0.532s] Level 1:colcon.colcon_core.package_identification:_identify(src/controller_input) by extensions ['colcon_pkg']
[0.532s] Level 1:colcon.colcon_core.package_identification:_identify(src/controller_input) by extension 'colcon_pkg'
[0.532s] Level 1:colcon.colcon_core.package_identification:_identify(src/controller_input) by extensions ['colcon_meta']
[0.532s] Level 1:colcon.colcon_core.package_identification:_identify(src/controller_input) by extension 'colcon_meta'
[0.532s] Level 1:colcon.colcon_core.package_identification:_identify(src/controller_input) by extensions ['ros']
[0.532s] Level 1:colcon.colcon_core.package_identification:_identify(src/controller_input) by extension 'ros'
[0.537s] DEBUG:colcon.colcon_core.package_identification:Package 'src/controller_input' with type 'ros.ament_python' and name 'controller_input'
[0.537s] Level 1:colcon.colcon_core.package_identification:_identify(src/main_control) by extensions ['ignore', 'ignore_ament_install']
[0.537s] Level 1:colcon.colcon_core.package_identification:_identify(src/main_control) by extension 'ignore'
[0.537s] Level 1:colcon.colcon_core.package_identification:_identify(src/main_control) by extension 'ignore_ament_install'
[0.537s] Level 1:colcon.colcon_core.package_identification:_identify(src/main_control) by extensions ['colcon_pkg']
[0.538s] Level 1:colcon.colcon_core.package_identification:_identify(src/main_control) by extension 'colcon_pkg'
[0.538s] Level 1:colcon.colcon_core.package_identification:_identify(src/main_control) by extensions ['colcon_meta']
[0.538s] Level 1:colcon.colcon_core.package_identification:_identify(src/main_control) by extension 'colcon_meta'
[0.538s] Level 1:colcon.colcon_core.package_identification:_identify(src/main_control) by extensions ['ros']
[0.538s] Level 1:colcon.colcon_core.package_identification:_identify(src/main_control) by extension 'ros'
[0.540s] DEBUG:colcon.colcon_core.package_identification:Package 'src/main_control' with type 'ros.ament_python' and name 'main_control'
[0.540s] Level 1:colcon.colcon_core.package_identification:_identify(src/target_recognize) by extensions ['ignore', 'ignore_ament_install']
[0.541s] Level 1:colcon.colcon_core.package_identification:_identify(src/target_recognize) by extension 'ignore'
[0.541s] Level 1:colcon.colcon_core.package_identification:_identify(src/target_recognize) by extension 'ignore_ament_install'
[0.541s] Level 1:colcon.colcon_core.package_identification:_identify(src/target_recognize) by extensions ['colcon_pkg']
[0.541s] Level 1:colcon.colcon_core.package_identification:_identify(src/target_recognize) by extension 'colcon_pkg'
[0.541s] Level 1:colcon.colcon_core.package_identification:_identify(src/target_recognize) by extensions ['colcon_meta']
[0.541s] Level 1:colcon.colcon_core.package_identification:_identify(src/target_recognize) by extension 'colcon_meta'
[0.541s] Level 1:colcon.colcon_core.package_identification:_identify(src/target_recognize) by extensions ['ros']
[0.541s] Level 1:colcon.colcon_core.package_identification:_identify(src/target_recognize) by extension 'ros'
[0.542s] DEBUG:colcon.colcon_core.package_identification:Package 'src/target_recognize' with type 'ros.ament_python' and name 'target_recognize'
[0.542s] Level 1:colcon.colcon_core.package_discovery:discover_packages(recursive) using defaults
[0.542s] Level 1:colcon.colcon_core.package_discovery:discover_packages(ignore) discover
[0.542s] Level 1:colcon.colcon_core.package_discovery:discover_packages(ignore) using defaults
[0.542s] Level 1:colcon.colcon_core.package_discovery:discover_packages(path) discover
[0.542s] Level 1:colcon.colcon_core.package_discovery:discover_packages(path) using defaults
[0.589s] Level 1:colcon.colcon_core.package_discovery:discover_packages(prefix_path) check parameters
[0.589s] Level 1:colcon.colcon_core.package_discovery:discover_packages(prefix_path) discover
[0.594s] DEBUG:colcon.colcon_installed_package_information.package_discovery:Found 3 installed packages in /home/littled3092/Documents/turbo-turret/install
[0.599s] DEBUG:colcon.colcon_installed_package_information.package_discovery:Found 270 installed packages in /opt/ros/humble
[0.601s] Level 1:colcon.colcon_core.package_discovery:discover_packages(prefix_path) using defaults
[0.681s] Level 5:colcon.colcon_core.verb:set package 'controller_input' build argument 'cmake_args' from command line to 'None'
[0.682s] Level 5:colcon.colcon_core.verb:set package 'controller_input' build argument 'cmake_target' from command line to 'None'
[0.682s] Level 5:colcon.colcon_core.verb:set package 'controller_input' build argument 'cmake_target_skip_unavailable' from command line to 'False'
[0.682s] Level 5:colcon.colcon_core.verb:set package 'controller_input' build argument 'cmake_clean_cache' from command line to 'False'
[0.682s] Level 5:colcon.colcon_core.verb:set package 'controller_input' build argument 'cmake_clean_first' from command line to 'False'
[0.682s] Level 5:colcon.colcon_core.verb:set package 'controller_input' build argument 'cmake_force_configure' from command line to 'False'
[0.682s] Level 5:colcon.colcon_core.verb:set package 'controller_input' build argument 'ament_cmake_args' from command line to 'None'
[0.682s] Level 5:colcon.colcon_core.verb:set package 'controller_input' build argument 'catkin_cmake_args' from command line to 'None'
[0.682s] Level 5:colcon.colcon_core.verb:set package 'controller_input' build argument 'catkin_skip_building_tests' from command line to 'False'
[0.682s] DEBUG:colcon.colcon_core.verb:Building package 'controller_input' with the following arguments: {'ament_cmake_args': None, 'build_base': '/home/littled3092/Documents/turbo-turret/build/controller_input', 'catkin_cmake_args': None, 'catkin_skip_building_tests': False, 'cmake_args': None, 'cmake_clean_cache': False, 'cmake_clean_first': False, 'cmake_force_configure': False, 'cmake_target': None, 'cmake_target_skip_unavailable': False, 'install_base': '/home/littled3092/Documents/turbo-turret/install/controller_input', 'merge_install': False, 'path': '/home/littled3092/Documents/turbo-turret/src/controller_input', 'symlink_install': False, 'test_result_base': None}
[0.683s] Level 5:colcon.colcon_core.verb:set package 'main_control' build argument 'cmake_args' from command line to 'None'
[0.683s] Level 5:colcon.colcon_core.verb:set package 'main_control' build argument 'cmake_target' from command line to 'None'
[0.683s] Level 5:colcon.colcon_core.verb:set package 'main_control' build argument 'cmake_target_skip_unavailable' from command line to 'False'
[0.683s] Level 5:colcon.colcon_core.verb:set package 'main_control' build argument 'cmake_clean_cache' from command line to 'False'
[0.683s] Level 5:colcon.colcon_core.verb:set package 'main_control' build argument 'cmake_clean_first' from command line to 'False'
[0.683s] Level 5:colcon.colcon_core.verb:set package 'main_control' build argument 'cmake_force_configure' from command line to 'False'
[0.683s] Level 5:colcon.colcon_core.verb:set package 'main_control' build argument 'ament_cmake_args' from command line to 'None'
[0.683s] Level 5:colcon.colcon_core.verb:set package 'main_control' build argument 'catkin_cmake_args' from command line to 'None'
[0.683s] Level 5:colcon.colcon_core.verb:set package 'main_control' build argument 'catkin_skip_building_tests' from command line to 'False'
[0.683s] DEBUG:colcon.colcon_core.verb:Building package 'main_control' with the following arguments: {'ament_cmake_args': None, 'build_base': '/home/littled3092/Documents/turbo-turret/build/main_control', 'catkin_cmake_args': None, 'catkin_skip_building_tests': False, 'cmake_args': None, 'cmake_clean_cache': False, 'cmake_clean_first': False, 'cmake_force_configure': False, 'cmake_target': None, 'cmake_target_skip_unavailable': False, 'install_base': '/home/littled3092/Documents/turbo-turret/install/main_control', 'merge_install': False, 'path': '/home/littled3092/Documents/turbo-turret/src/main_control', 'symlink_install': False, 'test_result_base': None}
[0.684s] Level 5:colcon.colcon_core.verb:set package 'target_recognize' build argument 'cmake_args' from command line to 'None'
[0.684s] Level 5:colcon.colcon_core.verb:set package 'target_recognize' build argument 'cmake_target' from command line to 'None'
[0.684s] Level 5:colcon.colcon_core.verb:set package 'target_recognize' build argument 'cmake_target_skip_unavailable' from command line to 'False'
[0.684s] Level 5:colcon.colcon_core.verb:set package 'target_recognize' build argument 'cmake_clean_cache' from command line to 'False'
[0.684s] Level 5:colcon.colcon_core.verb:set package 'target_recognize' build argument 'cmake_clean_first' from command line to 'False'
[0.684s] Level 5:colcon.colcon_core.verb:set package 'target_recognize' build argument 'cmake_force_configure' from command line to 'False'
[0.684s] Level 5:colcon.colcon_core.verb:set package 'target_recognize' build argument 'ament_cmake_args' from command line to 'None'
[0.684s] Level 5:colcon.colcon_core.verb:set package 'target_recognize' build argument 'catkin_cmake_args' from command line to 'None'
[0.684s] Level 5:colcon.colcon_core.verb:set package 'target_recognize' build argument 'catkin_skip_building_tests' from command line to 'False'
[0.684s] DEBUG:colcon.colcon_core.verb:Building package 'target_recognize' with the following arguments: {'ament_cmake_args': None, 'build_base': '/home/littled3092/Documents/turbo-turret/build/target_recognize', 'catkin_cmake_args': None, 'catkin_skip_building_tests': False, 'cmake_args': None, 'cmake_clean_cache': False, 'cmake_clean_first': False, 'cmake_force_configure': False, 'cmake_target': None, 'cmake_target_skip_unavailable': False, 'install_base': '/home/littled3092/Documents/turbo-turret/install/target_recognize', 'merge_install': False, 'path': '/home/littled3092/Documents/turbo-turret/src/target_recognize', 'symlink_install': False, 'test_result_base': None}
[0.685s] INFO:colcon.colcon_core.executor:Executing jobs using 'parallel' executor
[0.688s] DEBUG:colcon.colcon_parallel_executor.executor.parallel:run_until_complete
[0.688s] INFO:colcon.colcon_ros.task.ament_python.build:Building ROS package in '/home/littled3092/Documents/turbo-turret/src/controller_input' with build type 'ament_python'
[0.688s] Level 1:colcon.colcon_core.shell:create_environment_hook('controller_input', 'ament_prefix_path')
[0.693s] INFO:colcon.colcon_core.plugin_system:Skipping extension 'colcon_core.shell.bat': Not used on non-Windows systems
[0.693s] INFO:colcon.colcon_core.shell:Creating environment hook '/home/littled3092/Documents/turbo-turret/install/controller_input/share/controller_input/hook/ament_prefix_path.ps1'
[0.694s] INFO:colcon.colcon_core.shell:Creating environment descriptor '/home/littled3092/Documents/turbo-turret/install/controller_input/share/controller_input/hook/ament_prefix_path.dsv'
[0.694s] INFO:colcon.colcon_core.shell:Creating environment hook '/home/littled3092/Documents/turbo-turret/install/controller_input/share/controller_input/hook/ament_prefix_path.sh'
[0.696s] INFO:colcon.colcon_core.shell:Skip shell extension 'powershell' for command environment: Not usable outside of PowerShell
[0.696s] DEBUG:colcon.colcon_core.shell:Skip shell extension 'dsv' for command environment
[0.704s] INFO:colcon.colcon_ros.task.ament_python.build:Building ROS package in '/home/littled3092/Documents/turbo-turret/src/main_control' with build type 'ament_python'
[0.704s] Level 1:colcon.colcon_core.shell:create_environment_hook('main_control', 'ament_prefix_path')
[0.706s] INFO:colcon.colcon_core.shell:Creating environment hook '/home/littled3092/Documents/turbo-turret/install/main_control/share/main_control/hook/ament_prefix_path.ps1'
[0.707s] INFO:colcon.colcon_core.shell:Creating environment descriptor '/home/littled3092/Documents/turbo-turret/install/main_control/share/main_control/hook/ament_prefix_path.dsv'
[0.708s] INFO:colcon.colcon_core.shell:Creating environment hook '/home/littled3092/Documents/turbo-turret/install/main_control/share/main_control/hook/ament_prefix_path.sh'
[0.710s] INFO:colcon.colcon_core.shell:Skip shell extension 'powershell' for command environment: Not usable outside of PowerShell
[0.710s] DEBUG:colcon.colcon_core.shell:Skip shell extension 'dsv' for command environment
[0.719s] INFO:colcon.colcon_ros.task.ament_python.build:Building ROS package in '/home/littled3092/Documents/turbo-turret/src/target_recognize' with build type 'ament_python'
[0.719s] Level 1:colcon.colcon_core.shell:create_environment_hook('target_recognize', 'ament_prefix_path')
[0.722s] INFO:colcon.colcon_core.shell:Creating environment hook '/home/littled3092/Documents/turbo-turret/install/target_recognize/share/target_recognize/hook/ament_prefix_path.ps1'
[0.723s] INFO:colcon.colcon_core.shell:Creating environment descriptor '/home/littled3092/Documents/turbo-turret/install/target_recognize/share/target_recognize/hook/ament_prefix_path.dsv'
[0.724s] INFO:colcon.colcon_core.shell:Creating environment hook '/home/littled3092/Documents/turbo-turret/install/target_recognize/share/target_recognize/hook/ament_prefix_path.sh'
[0.726s] INFO:colcon.colcon_core.shell:Skip shell extension 'powershell' for command environment: Not usable outside of PowerShell
[0.726s] DEBUG:colcon.colcon_core.shell:Skip shell extension 'dsv' for command environment
[1.219s] INFO:colcon.colcon_core.task.python.build:Building Python package in '/home/littled3092/Documents/turbo-turret/src/controller_input'
[1.223s] INFO:colcon.colcon_core.shell:Skip shell extension 'powershell' for command environment: Not usable outside of PowerShell
[1.223s] DEBUG:colcon.colcon_core.shell:Skip shell extension 'dsv' for command environment
[1.643s] INFO:colcon.colcon_core.task.python.build:Building Python package in '/home/littled3092/Documents/turbo-turret/src/main_control'
[1.645s] INFO:colcon.colcon_core.shell:Skip shell extension 'powershell' for command environment: Not usable outside of PowerShell
[1.646s] DEBUG:colcon.colcon_core.shell:Skip shell extension 'dsv' for command environment
[2.040s] INFO:colcon.colcon_core.task.python.build:Building Python package in '/home/littled3092/Documents/turbo-turret/src/target_recognize'
[2.043s] INFO:colcon.colcon_core.shell:Skip shell extension 'powershell' for command environment: Not usable outside of PowerShell
[2.043s] DEBUG:colcon.colcon_core.shell:Skip shell extension 'dsv' for command environment
[2.768s] DEBUG:colcon.colcon_core.event_handler.log_command:Invoking command in '/home/littled3092/Documents/turbo-turret/src/target_recognize': PYTHONPATH=/home/littled3092/Documents/turbo-turret/build/target_recognize/prefix_override:/home/littled3092/Documents/turbo-turret/install/target_recognize/lib/python3.10/site-packages:${PYTHONPATH} /usr/bin/python3 setup.py egg_info --egg-base ../../build/target_recognize build --build-base /home/littled3092/Documents/turbo-turret/build/target_recognize/build install --record /home/littled3092/Documents/turbo-turret/build/target_recognize/install.log --single-version-externally-managed
[2.807s] DEBUG:colcon.colcon_core.event_handler.log_command:Invoking command in '/home/littled3092/Documents/turbo-turret/src/controller_input': PYTHONPATH=/home/littled3092/Documents/turbo-turret/build/controller_input/prefix_override:/home/littled3092/Documents/turbo-turret/install/controller_input/lib/python3.10/site-packages:${PYTHONPATH} /usr/bin/python3 setup.py egg_info --egg-base ../../build/controller_input build --build-base /home/littled3092/Documents/turbo-turret/build/controller_input/build install --record /home/littled3092/Documents/turbo-turret/build/controller_input/install.log --single-version-externally-managed
[2.837s] DEBUG:colcon.colcon_core.event_handler.log_command:Invoking command in '/home/littled3092/Documents/turbo-turret/src/main_control': PYTHONPATH=/home/littled3092/Documents/turbo-turret/build/main_control/prefix_override:/home/littled3092/Documents/turbo-turret/install/main_control/lib/python3.10/site-packages:${PYTHONPATH} /usr/bin/python3 setup.py egg_info --egg-base ../../build/main_control build --build-base /home/littled3092/Documents/turbo-turret/build/main_control/build install --record /home/littled3092/Documents/turbo-turret/build/main_control/install.log --single-version-externally-managed
[3.531s] DEBUG:colcon.colcon_core.event_handler.log_command:Invoked command in '/home/littled3092/Documents/turbo-turret/src/controller_input' returned '0': PYTHONPATH=/home/littled3092/Documents/turbo-turret/build/controller_input/prefix_override:/home/littled3092/Documents/turbo-turret/install/controller_input/lib/python3.10/site-packages:${PYTHONPATH} /usr/bin/python3 setup.py egg_info --egg-base ../../build/controller_input build --build-base /home/littled3092/Documents/turbo-turret/build/controller_input/build install --record /home/littled3092/Documents/turbo-turret/build/controller_input/install.log --single-version-externally-managed
[3.544s] Level 1:colcon.colcon_core.environment:checking '/home/littled3092/Documents/turbo-turret/install/controller_input' for CMake module files
[3.546s] Level 1:colcon.colcon_core.environment:checking '/home/littled3092/Documents/turbo-turret/install/controller_input' for CMake config files
[3.548s] Level 1:colcon.colcon_core.environment:checking '/home/littled3092/Documents/turbo-turret/install/controller_input/lib'
[3.549s] Level 1:colcon.colcon_core.environment:checking '/home/littled3092/Documents/turbo-turret/install/controller_input/bin'
[3.549s] Level 1:colcon.colcon_core.environment:checking '/home/littled3092/Documents/turbo-turret/install/controller_input/lib/pkgconfig/controller_input.pc'
[3.550s] Level 1:colcon.colcon_core.environment:checking '/home/littled3092/Documents/turbo-turret/install/controller_input/lib/python3.10/site-packages'
[3.550s] Level 1:colcon.colcon_core.shell:create_environment_hook('controller_input', 'pythonpath')
[3.554s] INFO:colcon.colcon_core.shell:Creating environment hook '/home/littled3092/Documents/turbo-turret/install/controller_input/share/controller_input/hook/pythonpath.ps1'
[3.555s] INFO:colcon.colcon_core.shell:Creating environment descriptor '/home/littled3092/Documents/turbo-turret/install/controller_input/share/controller_input/hook/pythonpath.dsv'
[3.556s] INFO:colcon.colcon_core.shell:Creating environment hook '/home/littled3092/Documents/turbo-turret/install/controller_input/share/controller_input/hook/pythonpath.sh'
[3.558s] Level 1:colcon.colcon_core.environment:checking '/home/littled3092/Documents/turbo-turret/install/controller_input/bin'
[3.559s] Level 1:colcon.colcon_core.environment:create_environment_scripts_only(controller_input)
[3.564s] INFO:colcon.colcon_core.shell:Creating package script '/home/littled3092/Documents/turbo-turret/install/controller_input/share/controller_input/package.ps1'
[3.567s] INFO:colcon.colcon_core.shell:Creating package descriptor '/home/littled3092/Documents/turbo-turret/install/controller_input/share/controller_input/package.dsv'
[3.568s] INFO:colcon.colcon_core.shell:Creating package script '/home/littled3092/Documents/turbo-turret/install/controller_input/share/controller_input/package.sh'
[3.570s] INFO:colcon.colcon_core.shell:Creating package script '/home/littled3092/Documents/turbo-turret/install/controller_input/share/controller_input/package.bash'
[3.573s] INFO:colcon.colcon_core.shell:Creating package script '/home/littled3092/Documents/turbo-turret/install/controller_input/share/controller_input/package.zsh'
[3.576s] Level 1:colcon.colcon_core.environment:create_file_with_runtime_dependencies(/home/littled3092/Documents/turbo-turret/install/controller_input/share/colcon-core/packages/controller_input)
[3.584s] Level 1:colcon.colcon_core.environment:checking '/home/littled3092/Documents/turbo-turret/install/target_recognize' for CMake module files
[3.585s] DEBUG:colcon.colcon_core.event_handler.log_command:Invoked command in '/home/littled3092/Documents/turbo-turret/src/target_recognize' returned '0': PYTHONPATH=/home/littled3092/Documents/turbo-turret/build/target_recognize/prefix_override:/home/littled3092/Documents/turbo-turret/install/target_recognize/lib/python3.10/site-packages:${PYTHONPATH} /usr/bin/python3 setup.py egg_info --egg-base ../../build/target_recognize build --build-base /home/littled3092/Documents/turbo-turret/build/target_recognize/build install --record /home/littled3092/Documents/turbo-turret/build/target_recognize/install.log --single-version-externally-managed
[3.590s] Level 1:colcon.colcon_core.environment:checking '/home/littled3092/Documents/turbo-turret/install/target_recognize' for CMake config files
[3.592s] Level 1:colcon.colcon_core.environment:checking '/home/littled3092/Documents/turbo-turret/install/target_recognize/lib'
[3.593s] Level 1:colcon.colcon_core.environment:checking '/home/littled3092/Documents/turbo-turret/install/target_recognize/bin'
[3.593s] Level 1:colcon.colcon_core.environment:checking '/home/littled3092/Documents/turbo-turret/install/target_recognize/lib/pkgconfig/target_recognize.pc'
[3.594s] Level 1:colcon.colcon_core.environment:checking '/home/littled3092/Documents/turbo-turret/install/target_recognize/lib/python3.10/site-packages'
[3.594s] Level 1:colcon.colcon_core.shell:create_environment_hook('target_recognize', 'pythonpath')
[3.599s] INFO:colcon.colcon_core.shell:Creating environment hook '/home/littled3092/Documents/turbo-turret/install/target_recognize/share/target_recognize/hook/pythonpath.ps1'
[3.600s] INFO:colcon.colcon_core.shell:Creating environment descriptor '/home/littled3092/Documents/turbo-turret/install/target_recognize/share/target_recognize/hook/pythonpath.dsv'
[3.601s] INFO:colcon.colcon_core.shell:Creating environment hook '/home/littled3092/Documents/turbo-turret/install/target_recognize/share/target_recognize/hook/pythonpath.sh'
[3.602s] Level 1:colcon.colcon_core.environment:checking '/home/littled3092/Documents/turbo-turret/install/target_recognize/bin'
[3.603s] Level 1:colcon.colcon_core.environment:create_environment_scripts_only(target_recognize)
[3.607s] INFO:colcon.colcon_core.shell:Creating package script '/home/littled3092/Documents/turbo-turret/install/target_recognize/share/target_recognize/package.ps1'
[3.608s] INFO:colcon.colcon_core.shell:Creating package descriptor '/home/littled3092/Documents/turbo-turret/install/target_recognize/share/target_recognize/package.dsv'
[3.609s] INFO:colcon.colcon_core.shell:Creating package script '/home/littled3092/Documents/turbo-turret/install/target_recognize/share/target_recognize/package.sh'
[3.610s] INFO:colcon.colcon_core.shell:Creating package script '/home/littled3092/Documents/turbo-turret/install/target_recognize/share/target_recognize/package.bash'
[3.611s] INFO:colcon.colcon_core.shell:Creating package script '/home/littled3092/Documents/turbo-turret/install/target_recognize/share/target_recognize/package.zsh'
[3.611s] Level 1:colcon.colcon_core.environment:create_file_with_runtime_dependencies(/home/littled3092/Documents/turbo-turret/install/target_recognize/share/colcon-core/packages/target_recognize)
[3.618s] Level 1:colcon.colcon_core.environment:checking '/home/littled3092/Documents/turbo-turret/install/main_control' for CMake module files
[3.620s] DEBUG:colcon.colcon_core.event_handler.log_command:Invoked command in '/home/littled3092/Documents/turbo-turret/src/main_control' returned '0': PYTHONPATH=/home/littled3092/Documents/turbo-turret/build/main_control/prefix_override:/home/littled3092/Documents/turbo-turret/install/main_control/lib/python3.10/site-packages:${PYTHONPATH} /usr/bin/python3 setup.py egg_info --egg-base ../../build/main_control build --build-base /home/littled3092/Documents/turbo-turret/build/main_control/build install --record /home/littled3092/Documents/turbo-turret/build/main_control/install.log --single-version-externally-managed
[3.621s] Level 1:colcon.colcon_core.environment:checking '/home/littled3092/Documents/turbo-turret/install/main_control' for CMake config files
[3.622s] Level 1:colcon.colcon_core.environment:checking '/home/littled3092/Documents/turbo-turret/install/main_control/lib'
[3.623s] Level 1:colcon.colcon_core.environment:checking '/home/littled3092/Documents/turbo-turret/install/main_control/bin'
[3.623s] Level 1:colcon.colcon_core.environment:checking '/home/littled3092/Documents/turbo-turret/install/main_control/lib/pkgconfig/main_control.pc'
[3.623s] Level 1:colcon.colcon_core.environment:checking '/home/littled3092/Documents/turbo-turret/install/main_control/lib/python3.10/site-packages'
[3.623s] Level 1:colcon.colcon_core.shell:create_environment_hook('main_control', 'pythonpath')
[3.626s] INFO:colcon.colcon_core.shell:Creating environment hook '/home/littled3092/Documents/turbo-turret/install/main_control/share/main_control/hook/pythonpath.ps1'
[3.627s] INFO:colcon.colcon_core.shell:Creating environment descriptor '/home/littled3092/Documents/turbo-turret/install/main_control/share/main_control/hook/pythonpath.dsv'
[3.628s] INFO:colcon.colcon_core.shell:Creating environment hook '/home/littled3092/Documents/turbo-turret/install/main_control/share/main_control/hook/pythonpath.sh'
[3.629s] Level 1:colcon.colcon_core.environment:checking '/home/littled3092/Documents/turbo-turret/install/main_control/bin'
[3.629s] Level 1:colcon.colcon_core.environment:create_environment_scripts_only(main_control)
[3.631s] INFO:colcon.colcon_core.shell:Creating package script '/home/littled3092/Documents/turbo-turret/install/main_control/share/main_control/package.ps1'
[3.633s] INFO:colcon.colcon_core.shell:Creating package descriptor '/home/littled3092/Documents/turbo-turret/install/main_control/share/main_control/package.dsv'
[3.634s] INFO:colcon.colcon_core.shell:Creating package script '/home/littled3092/Documents/turbo-turret/install/main_control/share/main_control/package.sh'
[3.636s] INFO:colcon.colcon_core.shell:Creating package script '/home/littled3092/Documents/turbo-turret/install/main_control/share/main_control/package.bash'
[3.637s] INFO:colcon.colcon_core.shell:Creating package script '/home/littled3092/Documents/turbo-turret/install/main_control/share/main_control/package.zsh'
[3.638s] Level 1:colcon.colcon_core.environment:create_file_with_runtime_dependencies(/home/littled3092/Documents/turbo-turret/install/main_control/share/colcon-core/packages/main_control)
[3.639s] DEBUG:colcon.colcon_parallel_executor.executor.parallel:closing loop
[3.639s] DEBUG:colcon.colcon_parallel_executor.executor.parallel:loop closed
[3.640s] DEBUG:colcon.colcon_parallel_executor.executor.parallel:run_until_complete finished with '0'
[3.640s] DEBUG:colcon.colcon_core.event_reactor:joining thread
[3.660s] INFO:colcon.colcon_core.plugin_system:Skipping extension 'colcon_notification.desktop_notification.terminal_notifier': Not used on non-Darwin systems
[3.660s] INFO:colcon.colcon_core.plugin_system:Skipping extension 'colcon_notification.desktop_notification.win32': Not used on non-Windows systems
[3.661s] INFO:colcon.colcon_notification.desktop_notification:Sending desktop notification using 'notify2'
[3.683s] DEBUG:colcon.colcon_core.event_reactor:joined thread
[3.685s] INFO:colcon.colcon_core.shell:Creating prefix script '/home/littled3092/Documents/turbo-turret/install/local_setup.ps1'
[3.686s] INFO:colcon.colcon_core.shell:Creating prefix util module '/home/littled3092/Documents/turbo-turret/install/_local_setup_util_ps1.py'
[3.688s] INFO:colcon.colcon_core.shell:Creating prefix chain script '/home/littled3092/Documents/turbo-turret/install/setup.ps1'
[3.691s] INFO:colcon.colcon_core.shell:Creating prefix script '/home/littled3092/Documents/turbo-turret/install/local_setup.sh'
[3.692s] INFO:colcon.colcon_core.shell:Creating prefix util module '/home/littled3092/Documents/turbo-turret/install/_local_setup_util_sh.py'
[3.692s] INFO:colcon.colcon_core.shell:Creating prefix chain script '/home/littled3092/Documents/turbo-turret/install/setup.sh'
[3.695s] INFO:colcon.colcon_core.shell:Creating prefix script '/home/littled3092/Documents/turbo-turret/install/local_setup.bash'
[3.696s] INFO:colcon.colcon_core.shell:Creating prefix chain script '/home/littled3092/Documents/turbo-turret/install/setup.bash'
[3.699s] INFO:colcon.colcon_core.shell:Creating prefix script '/home/littled3092/Documents/turbo-turret/install/local_setup.zsh'
[3.700s] INFO:colcon.colcon_core.shell:Creating prefix chain script '/home/littled3092/Documents/turbo-turret/install/setup.zsh'
