-- Found ament_cmake: 1.3.3 (/opt/ros/humble/share/ament_cmake/cmake)
-- Found rosidl_default_generators: 1.2.0 (/opt/ros/humble/share/rosidl_default_generators/cmake)
-- Using all available rosidl_typesupport_c: rosidl_typesupport_fastrtps_c;rosidl_typesupport_introspection_c
-- Found rosidl_adapter: 3.1.4 (/opt/ros/humble/share/rosidl_adapter/cmake)
-- Using all available rosidl_typesupport_cpp: rosidl_typesupport_fastrtps_cpp;rosidl_typesupport_introspection_cpp
-- Found ament_cmake_ros: 0.10.0 (/opt/ros/humble/share/ament_cmake_ros/cmake)
-- Using all available rosidl_typesupport_c: rosidl_typesupport_fastrtps_c;rosidl_typesupport_introspection_c
-- Using all available rosidl_typesupport_cpp: rosidl_typesupport_fastrtps_cpp;rosidl_typesupport_introspection_cpp
-- Found PythonInterp: /usr/bin/python3 (found suitable version "3.10.6", minimum required is "3.6") 
-- Found python_cmake_module: 0.10.0 (/opt/ros/humble/share/python_cmake_module/cmake)
-- Found PythonLibs: /usr/lib/x86_64-linux-gnu/libpython3.10.so (found suitable version "3.10.6", minimum required is "3.5") 
-- Using PYTHON_EXECUTABLE: /usr/bin/python3
-- Using PYTHON_INCLUDE_DIRS: /usr/include/python3.10
-- Using PYTHON_LIBRARIES: /usr/lib/x86_64-linux-gnu/libpython3.10.so
-- Found PythonExtra: .so  
-- Found ament_lint_auto: 0.12.5 (/opt/ros/humble/share/ament_lint_auto/cmake)
-- Added test 'lint_cmake' to check CMake code style
-- Added test 'xmllint' to check XML markup files
-- Configuring done
-- Generating done
-- Build files have been written to: /home/littled3092/Documents/turbo-turret/build/controller_input
[  3%] [34m[1mGenerating C code for ROS interfaces[0m
[  6%] [34m[1mGenerating C++ code for ROS interfaces[0m
[  6%] Built target ament_cmake_python_copy_controller_input
running egg_info
creating controller_input.egg-info
writing controller_input.egg-info/PKG-INFO
writing dependency_links to controller_input.egg-info/dependency_links.txt
writing top-level names to controller_input.egg-info/top_level.txt
writing manifest file 'controller_input.egg-info/SOURCES.txt'
reading manifest file 'controller_input.egg-info/SOURCES.txt'
writing manifest file 'controller_input.egg-info/SOURCES.txt'
[  6%] Built target controller_input__cpp
[  6%] Built target ament_cmake_python_build_controller_input_egg
[  9%] [34m[1mGenerating C++ type support dispatch for ROS interfaces[0m
[ 12%] [34m[1mGenerating C++ type support for eProsima Fast-RTPS[0m
[ 16%] [34m[1mGenerating C++ introspection for ROS interfaces[0m
[ 19%] [32mBuilding C object CMakeFiles/controller_input__rosidl_generator_c.dir/rosidl_generator_c/controller_input/srv/detail/controller__functions.c.o[0m
[ 22%] [32m[1mLinking C shared library libcontroller_input__rosidl_generator_c.so[0m
[ 22%] Built target controller_input__rosidl_generator_c
[ 25%] [34m[1mGenerating C type support for eProsima Fast-RTPS[0m
[ 29%] [34m[1mGenerating C type support dispatch for ROS interfaces[0m
[ 32%] [34m[1mGenerating C introspection for ROS interfaces[0m
[ 35%] [32mBuilding CXX object CMakeFiles/controller_input__rosidl_typesupport_cpp.dir/rosidl_typesupport_cpp/controller_input/srv/controller__type_support.cpp.o[0m
[ 38%] [32mBuilding CXX object CMakeFiles/controller_input__rosidl_typesupport_fastrtps_cpp.dir/rosidl_typesupport_fastrtps_cpp/controller_input/srv/detail/dds_fastrtps/controller__type_support.cpp.o[0m
[ 41%] [32mBuilding CXX object CMakeFiles/controller_input__rosidl_typesupport_introspection_cpp.dir/rosidl_typesupport_introspection_cpp/controller_input/srv/detail/controller__type_support.cpp.o[0m
[ 45%] [32mBuilding CXX object CMakeFiles/controller_input__rosidl_typesupport_c.dir/rosidl_typesupport_c/controller_input/srv/controller__type_support.cpp.o[0m
[ 48%] [32mBuilding C object CMakeFiles/controller_input__rosidl_typesupport_introspection_c.dir/rosidl_typesupport_introspection_c/controller_input/srv/detail/controller__type_support.c.o[0m
[ 51%] [32m[1mLinking CXX shared library libcontroller_input__rosidl_typesupport_c.so[0m
[ 54%] [32mBuilding CXX object CMakeFiles/controller_input__rosidl_typesupport_fastrtps_c.dir/rosidl_typesupport_fastrtps_c/controller_input/srv/detail/controller__type_support_c.cpp.o[0m
[ 58%] [32m[1mLinking C shared library libcontroller_input__rosidl_typesupport_introspection_c.so[0m
[ 58%] Built target controller_input__rosidl_typesupport_c
[ 58%] Built target controller_input__rosidl_typesupport_introspection_c
[ 61%] [32m[1mLinking CXX shared library libcontroller_input__rosidl_typesupport_cpp.so[0m
[ 61%] Built target controller_input__rosidl_typesupport_cpp
[ 64%] [32m[1mLinking CXX shared library libcontroller_input__rosidl_typesupport_introspection_cpp.so[0m
[ 67%] [32m[1mLinking CXX shared library libcontroller_input__rosidl_typesupport_fastrtps_cpp.so[0m
[ 70%] [32m[1mLinking CXX shared library libcontroller_input__rosidl_typesupport_fastrtps_c.so[0m
[ 70%] Built target controller_input__rosidl_typesupport_introspection_cpp
[ 70%] Built target controller_input__rosidl_typesupport_fastrtps_cpp
[ 70%] Built target controller_input__rosidl_typesupport_fastrtps_c
[ 70%] Built target controller_input
[ 74%] [34m[1mGenerating Python code for ROS interfaces[0m
[ 74%] Built target controller_input__py
[ 77%] [32mBuilding C object CMakeFiles/controller_input__rosidl_generator_py.dir/rosidl_generator_py/controller_input/srv/_controller_s.c.o[0m
[ 80%] [32m[1mLinking C shared library rosidl_generator_py/controller_input/libcontroller_input__rosidl_generator_py.so[0m
[ 80%] Built target controller_input__rosidl_generator_py
[ 87%] [32mBuilding C object CMakeFiles/controller_input__rosidl_typesupport_introspection_c__pyext.dir/rosidl_generator_py/controller_input/_controller_input_s.ep.rosidl_typesupport_introspection_c.c.o[0m
[ 87%] [32mBuilding C object CMakeFiles/controller_input__rosidl_typesupport_fastrtps_c__pyext.dir/rosidl_generator_py/controller_input/_controller_input_s.ep.rosidl_typesupport_fastrtps_c.c.o[0m
[ 90%] [32mBuilding C object CMakeFiles/controller_input__rosidl_typesupport_c__pyext.dir/rosidl_generator_py/controller_input/_controller_input_s.ep.rosidl_typesupport_c.c.o[0m
[ 93%] [32m[1mLinking C shared library rosidl_generator_py/controller_input/controller_input_s__rosidl_typesupport_c.cpython-310-x86_64-linux-gnu.so[0m
[ 96%] [32m[1mLinking C shared library rosidl_generator_py/controller_input/controller_input_s__rosidl_typesupport_introspection_c.cpython-310-x86_64-linux-gnu.so[0m
[ 96%] Built target controller_input__rosidl_typesupport_c__pyext
[ 96%] Built target controller_input__rosidl_typesupport_introspection_c__pyext
[100%] [32m[1mLinking C shared library rosidl_generator_py/controller_input/controller_input_s__rosidl_typesupport_fastrtps_c.cpython-310-x86_64-linux-gnu.so[0m
[100%] Built target controller_input__rosidl_typesupport_fastrtps_c__pyext
-- Install configuration: ""
-- Installing: /home/littled3092/Documents/turbo-turret/install/controller_input/share/ament_index/resource_index/rosidl_interfaces/controller_input
-- Installing: /home/littled3092/Documents/turbo-turret/install/controller_input/include/controller_input/controller_input
-- Installing: /home/littled3092/Documents/turbo-turret/install/controller_input/include/controller_input/controller_input/srv
-- Installing: /home/littled3092/Documents/turbo-turret/install/controller_input/include/controller_input/controller_input/srv/controller.h
-- Installing: /home/littled3092/Documents/turbo-turret/install/controller_input/include/controller_input/controller_input/srv/detail
-- Installing: /home/littled3092/Documents/turbo-turret/install/controller_input/include/controller_input/controller_input/srv/detail/controller__functions.h
-- Installing: /home/littled3092/Documents/turbo-turret/install/controller_input/include/controller_input/controller_input/srv/detail/controller__struct.h
-- Installing: /home/littled3092/Documents/turbo-turret/install/controller_input/include/controller_input/controller_input/srv/detail/controller__type_support.h
-- Installing: /home/littled3092/Documents/turbo-turret/install/controller_input/include/controller_input/controller_input/srv/detail/controller__functions.c
-- Installing: /home/littled3092/Documents/turbo-turret/install/controller_input/include/controller_input/controller_input/msg
-- Installing: /home/littled3092/Documents/turbo-turret/install/controller_input/include/controller_input/controller_input/msg/rosidl_generator_c__visibility_control.h
-- Installing: /home/littled3092/Documents/turbo-turret/install/controller_input/share/controller_input/environment/library_path.sh
-- Installing: /home/littled3092/Documents/turbo-turret/install/controller_input/share/controller_input/environment/library_path.dsv
-- Installing: /home/littled3092/Documents/turbo-turret/install/controller_input/lib/libcontroller_input__rosidl_generator_c.so
-- Set runtime path of "/home/littled3092/Documents/turbo-turret/install/controller_input/lib/libcontroller_input__rosidl_generator_c.so" to ""
-- Up-to-date: /home/littled3092/Documents/turbo-turret/install/controller_input/include/controller_input/controller_input
-- Up-to-date: /home/littled3092/Documents/turbo-turret/install/controller_input/include/controller_input/controller_input/srv
-- Up-to-date: /home/littled3092/Documents/turbo-turret/install/controller_input/include/controller_input/controller_input/srv/detail
-- Installing: /home/littled3092/Documents/turbo-turret/install/controller_input/include/controller_input/controller_input/srv/detail/controller__rosidl_typesupport_fastrtps_c.h
-- Up-to-date: /home/littled3092/Documents/turbo-turret/install/controller_input/include/controller_input/controller_input/msg
-- Installing: /home/littled3092/Documents/turbo-turret/install/controller_input/include/controller_input/controller_input/msg/rosidl_typesupport_fastrtps_c__visibility_control.h
-- Installing: /home/littled3092/Documents/turbo-turret/install/controller_input/lib/libcontroller_input__rosidl_typesupport_fastrtps_c.so
-- Set runtime path of "/home/littled3092/Documents/turbo-turret/install/controller_input/lib/libcontroller_input__rosidl_typesupport_fastrtps_c.so" to ""
-- Up-to-date: /home/littled3092/Documents/turbo-turret/install/controller_input/include/controller_input/controller_input
-- Up-to-date: /home/littled3092/Documents/turbo-turret/install/controller_input/include/controller_input/controller_input/srv
-- Up-to-date: /home/littled3092/Documents/turbo-turret/install/controller_input/include/controller_input/controller_input/srv/detail
-- Installing: /home/littled3092/Documents/turbo-turret/install/controller_input/include/controller_input/controller_input/srv/detail/controller__type_support.c
-- Installing: /home/littled3092/Documents/turbo-turret/install/controller_input/include/controller_input/controller_input/srv/detail/controller__rosidl_typesupport_introspection_c.h
-- Up-to-date: /home/littled3092/Documents/turbo-turret/install/controller_input/include/controller_input/controller_input/msg
-- Installing: /home/littled3092/Documents/turbo-turret/install/controller_input/include/controller_input/controller_input/msg/rosidl_typesupport_introspection_c__visibility_control.h
-- Installing: /home/littled3092/Documents/turbo-turret/install/controller_input/lib/libcontroller_input__rosidl_typesupport_introspection_c.so
-- Set runtime path of "/home/littled3092/Documents/turbo-turret/install/controller_input/lib/libcontroller_input__rosidl_typesupport_introspection_c.so" to ""
-- Installing: /home/littled3092/Documents/turbo-turret/install/controller_input/lib/libcontroller_input__rosidl_typesupport_c.so
-- Set runtime path of "/home/littled3092/Documents/turbo-turret/install/controller_input/lib/libcontroller_input__rosidl_typesupport_c.so" to ""
-- Up-to-date: /home/littled3092/Documents/turbo-turret/install/controller_input/include/controller_input/controller_input
-- Up-to-date: /home/littled3092/Documents/turbo-turret/install/controller_input/include/controller_input/controller_input/srv
-- Installing: /home/littled3092/Documents/turbo-turret/install/controller_input/include/controller_input/controller_input/srv/controller.hpp
-- Up-to-date: /home/littled3092/Documents/turbo-turret/install/controller_input/include/controller_input/controller_input/srv/detail
-- Installing: /home/littled3092/Documents/turbo-turret/install/controller_input/include/controller_input/controller_input/srv/detail/controller__builder.hpp
-- Installing: /home/littled3092/Documents/turbo-turret/install/controller_input/include/controller_input/controller_input/srv/detail/controller__traits.hpp
-- Installing: /home/littled3092/Documents/turbo-turret/install/controller_input/include/controller_input/controller_input/srv/detail/controller__struct.hpp
-- Up-to-date: /home/littled3092/Documents/turbo-turret/install/controller_input/include/controller_input/controller_input
-- Up-to-date: /home/littled3092/Documents/turbo-turret/install/controller_input/include/controller_input/controller_input/srv
-- Up-to-date: /home/littled3092/Documents/turbo-turret/install/controller_input/include/controller_input/controller_input/srv/detail
-- Installing: /home/littled3092/Documents/turbo-turret/install/controller_input/include/controller_input/controller_input/srv/detail/controller__rosidl_typesupport_fastrtps_cpp.hpp
-- Installing: /home/littled3092/Documents/turbo-turret/install/controller_input/include/controller_input/controller_input/srv/detail/dds_fastrtps
-- Up-to-date: /home/littled3092/Documents/turbo-turret/install/controller_input/include/controller_input/controller_input/msg
-- Installing: /home/littled3092/Documents/turbo-turret/install/controller_input/include/controller_input/controller_input/msg/rosidl_typesupport_fastrtps_cpp__visibility_control.h
-- Installing: /home/littled3092/Documents/turbo-turret/install/controller_input/lib/libcontroller_input__rosidl_typesupport_fastrtps_cpp.so
-- Set runtime path of "/home/littled3092/Documents/turbo-turret/install/controller_input/lib/libcontroller_input__rosidl_typesupport_fastrtps_cpp.so" to ""
-- Up-to-date: /home/littled3092/Documents/turbo-turret/install/controller_input/include/controller_input/controller_input
-- Up-to-date: /home/littled3092/Documents/turbo-turret/install/controller_input/include/controller_input/controller_input/srv
-- Up-to-date: /home/littled3092/Documents/turbo-turret/install/controller_input/include/controller_input/controller_input/srv/detail
-- Installing: /home/littled3092/Documents/turbo-turret/install/controller_input/include/controller_input/controller_input/srv/detail/controller__type_support.cpp
-- Installing: /home/littled3092/Documents/turbo-turret/install/controller_input/include/controller_input/controller_input/srv/detail/controller__rosidl_typesupport_introspection_cpp.hpp
-- Installing: /home/littled3092/Documents/turbo-turret/install/controller_input/lib/libcontroller_input__rosidl_typesupport_introspection_cpp.so
-- Set runtime path of "/home/littled3092/Documents/turbo-turret/install/controller_input/lib/libcontroller_input__rosidl_typesupport_introspection_cpp.so" to ""
-- Installing: /home/littled3092/Documents/turbo-turret/install/controller_input/lib/libcontroller_input__rosidl_typesupport_cpp.so
-- Set runtime path of "/home/littled3092/Documents/turbo-turret/install/controller_input/lib/libcontroller_input__rosidl_typesupport_cpp.so" to ""
-- Installing: /home/littled3092/Documents/turbo-turret/install/controller_input/share/controller_input/environment/pythonpath.sh
-- Installing: /home/littled3092/Documents/turbo-turret/install/controller_input/share/controller_input/environment/pythonpath.dsv
-- Installing: /home/littled3092/Documents/turbo-turret/install/controller_input/local/lib/python3.10/dist-packages/controller_input-0.0.0-py3.10.egg-info
-- Installing: /home/littled3092/Documents/turbo-turret/install/controller_input/local/lib/python3.10/dist-packages/controller_input-0.0.0-py3.10.egg-info/top_level.txt
-- Installing: /home/littled3092/Documents/turbo-turret/install/controller_input/local/lib/python3.10/dist-packages/controller_input-0.0.0-py3.10.egg-info/PKG-INFO
-- Installing: /home/littled3092/Documents/turbo-turret/install/controller_input/local/lib/python3.10/dist-packages/controller_input-0.0.0-py3.10.egg-info/dependency_links.txt
-- Installing: /home/littled3092/Documents/turbo-turret/install/controller_input/local/lib/python3.10/dist-packages/controller_input-0.0.0-py3.10.egg-info/SOURCES.txt
-- Installing: /home/littled3092/Documents/turbo-turret/install/controller_input/local/lib/python3.10/dist-packages/controller_input
-- Installing: /home/littled3092/Documents/turbo-turret/install/controller_input/local/lib/python3.10/dist-packages/controller_input/controller_input_s__rosidl_typesupport_introspection_c.cpython-310-x86_64-linux-gnu.so
-- Installing: /home/littled3092/Documents/turbo-turret/install/controller_input/local/lib/python3.10/dist-packages/controller_input/_controller_input_s.ep.rosidl_typesupport_fastrtps_c.c
-- Installing: /home/littled3092/Documents/turbo-turret/install/controller_input/local/lib/python3.10/dist-packages/controller_input/__init__.py
-- Installing: /home/littled3092/Documents/turbo-turret/install/controller_input/local/lib/python3.10/dist-packages/controller_input/srv
-- Installing: /home/littled3092/Documents/turbo-turret/install/controller_input/local/lib/python3.10/dist-packages/controller_input/srv/_controller_s.c
-- Installing: /home/littled3092/Documents/turbo-turret/install/controller_input/local/lib/python3.10/dist-packages/controller_input/srv/__init__.py
-- Installing: /home/littled3092/Documents/turbo-turret/install/controller_input/local/lib/python3.10/dist-packages/controller_input/srv/_controller.py
-- Installing: /home/littled3092/Documents/turbo-turret/install/controller_input/local/lib/python3.10/dist-packages/controller_input/libcontroller_input__rosidl_generator_py.so
-- Installing: /home/littled3092/Documents/turbo-turret/install/controller_input/local/lib/python3.10/dist-packages/controller_input/controller_input_s__rosidl_typesupport_c.cpython-310-x86_64-linux-gnu.so
-- Installing: /home/littled3092/Documents/turbo-turret/install/controller_input/local/lib/python3.10/dist-packages/controller_input/_controller_input_s.ep.rosidl_typesupport_introspection_c.c
-- Installing: /home/littled3092/Documents/turbo-turret/install/controller_input/local/lib/python3.10/dist-packages/controller_input/_controller_input_s.ep.rosidl_typesupport_c.c
-- Installing: /home/littled3092/Documents/turbo-turret/install/controller_input/local/lib/python3.10/dist-packages/controller_input/controller_input_s__rosidl_typesupport_fastrtps_c.cpython-310-x86_64-linux-gnu.so
Listing '/home/littled3092/Documents/turbo-turret/install/controller_input/local/lib/python3.10/dist-packages/controller_input'...
Compiling '/home/littled3092/Documents/turbo-turret/install/controller_input/local/lib/python3.10/dist-packages/controller_input/__init__.py'...
Listing '/home/littled3092/Documents/turbo-turret/install/controller_input/local/lib/python3.10/dist-packages/controller_input/srv'...
Compiling '/home/littled3092/Documents/turbo-turret/install/controller_input/local/lib/python3.10/dist-packages/controller_input/srv/__init__.py'...
Compiling '/home/littled3092/Documents/turbo-turret/install/controller_input/local/lib/python3.10/dist-packages/controller_input/srv/_controller.py'...
-- Installing: /home/littled3092/Documents/turbo-turret/install/controller_input/local/lib/python3.10/dist-packages/controller_input/controller_input_s__rosidl_typesupport_fastrtps_c.cpython-310-x86_64-linux-gnu.so
-- Set runtime path of "/home/littled3092/Documents/turbo-turret/install/controller_input/local/lib/python3.10/dist-packages/controller_input/controller_input_s__rosidl_typesupport_fastrtps_c.cpython-310-x86_64-linux-gnu.so" to ""
-- Installing: /home/littled3092/Documents/turbo-turret/install/controller_input/local/lib/python3.10/dist-packages/controller_input/controller_input_s__rosidl_typesupport_introspection_c.cpython-310-x86_64-linux-gnu.so
-- Set runtime path of "/home/littled3092/Documents/turbo-turret/install/controller_input/local/lib/python3.10/dist-packages/controller_input/controller_input_s__rosidl_typesupport_introspection_c.cpython-310-x86_64-linux-gnu.so" to ""
-- Installing: /home/littled3092/Documents/turbo-turret/install/controller_input/local/lib/python3.10/dist-packages/controller_input/controller_input_s__rosidl_typesupport_c.cpython-310-x86_64-linux-gnu.so
-- Set runtime path of "/home/littled3092/Documents/turbo-turret/install/controller_input/local/lib/python3.10/dist-packages/controller_input/controller_input_s__rosidl_typesupport_c.cpython-310-x86_64-linux-gnu.so" to ""
-- Installing: /home/littled3092/Documents/turbo-turret/install/controller_input/lib/libcontroller_input__rosidl_generator_py.so
-- Set runtime path of "/home/littled3092/Documents/turbo-turret/install/controller_input/lib/libcontroller_input__rosidl_generator_py.so" to ""
-- Installing: /home/littled3092/Documents/turbo-turret/install/controller_input/share/controller_input/srv/Controller.idl
-- Installing: /home/littled3092/Documents/turbo-turret/install/controller_input/share/controller_input/srv/Controller.srv
-- Installing: /home/littled3092/Documents/turbo-turret/install/controller_input/share/controller_input/srv/Controller_Request.msg
-- Installing: /home/littled3092/Documents/turbo-turret/install/controller_input/share/controller_input/srv/Controller_Response.msg
-- Installing: /home/littled3092/Documents/turbo-turret/install/controller_input/share/ament_index/resource_index/package_run_dependencies/controller_input
-- Installing: /home/littled3092/Documents/turbo-turret/install/controller_input/share/ament_index/resource_index/parent_prefix_path/controller_input
-- Installing: /home/littled3092/Documents/turbo-turret/install/controller_input/share/controller_input/environment/ament_prefix_path.sh
-- Installing: /home/littled3092/Documents/turbo-turret/install/controller_input/share/controller_input/environment/ament_prefix_path.dsv
-- Installing: /home/littled3092/Documents/turbo-turret/install/controller_input/share/controller_input/environment/path.sh
-- Installing: /home/littled3092/Documents/turbo-turret/install/controller_input/share/controller_input/environment/path.dsv
-- Installing: /home/littled3092/Documents/turbo-turret/install/controller_input/share/controller_input/local_setup.bash
-- Installing: /home/littled3092/Documents/turbo-turret/install/controller_input/share/controller_input/local_setup.sh
-- Installing: /home/littled3092/Documents/turbo-turret/install/controller_input/share/controller_input/local_setup.zsh
-- Installing: /home/littled3092/Documents/turbo-turret/install/controller_input/share/controller_input/local_setup.dsv
-- Installing: /home/littled3092/Documents/turbo-turret/install/controller_input/share/controller_input/package.dsv
-- Installing: /home/littled3092/Documents/turbo-turret/install/controller_input/share/ament_index/resource_index/packages/controller_input
-- Installing: /home/littled3092/Documents/turbo-turret/install/controller_input/share/controller_input/cmake/export_controller_input__rosidl_generator_cExport.cmake
-- Installing: /home/littled3092/Documents/turbo-turret/install/controller_input/share/controller_input/cmake/export_controller_input__rosidl_generator_cExport-noconfig.cmake
-- Installing: /home/littled3092/Documents/turbo-turret/install/controller_input/share/controller_input/cmake/export_controller_input__rosidl_typesupport_fastrtps_cExport.cmake
-- Installing: /home/littled3092/Documents/turbo-turret/install/controller_input/share/controller_input/cmake/export_controller_input__rosidl_typesupport_fastrtps_cExport-noconfig.cmake
-- Installing: /home/littled3092/Documents/turbo-turret/install/controller_input/share/controller_input/cmake/controller_input__rosidl_typesupport_introspection_cExport.cmake
-- Installing: /home/littled3092/Documents/turbo-turret/install/controller_input/share/controller_input/cmake/controller_input__rosidl_typesupport_introspection_cExport-noconfig.cmake
-- Installing: /home/littled3092/Documents/turbo-turret/install/controller_input/share/controller_input/cmake/controller_input__rosidl_typesupport_cExport.cmake
-- Installing: /home/littled3092/Documents/turbo-turret/install/controller_input/share/controller_input/cmake/controller_input__rosidl_typesupport_cExport-noconfig.cmake
-- Installing: /home/littled3092/Documents/turbo-turret/install/controller_input/share/controller_input/cmake/export_controller_input__rosidl_generator_cppExport.cmake
-- Installing: /home/littled3092/Documents/turbo-turret/install/controller_input/share/controller_input/cmake/export_controller_input__rosidl_typesupport_fastrtps_cppExport.cmake
-- Installing: /home/littled3092/Documents/turbo-turret/install/controller_input/share/controller_input/cmake/export_controller_input__rosidl_typesupport_fastrtps_cppExport-noconfig.cmake
-- Installing: /home/littled3092/Documents/turbo-turret/install/controller_input/share/controller_input/cmake/controller_input__rosidl_typesupport_introspection_cppExport.cmake
-- Installing: /home/littled3092/Documents/turbo-turret/install/controller_input/share/controller_input/cmake/controller_input__rosidl_typesupport_introspection_cppExport-noconfig.cmake
-- Installing: /home/littled3092/Documents/turbo-turret/install/controller_input/share/controller_input/cmake/controller_input__rosidl_typesupport_cppExport.cmake
-- Installing: /home/littled3092/Documents/turbo-turret/install/controller_input/share/controller_input/cmake/controller_input__rosidl_typesupport_cppExport-noconfig.cmake
-- Installing: /home/littled3092/Documents/turbo-turret/install/controller_input/share/controller_input/cmake/export_controller_input__rosidl_generator_pyExport.cmake
-- Installing: /home/littled3092/Documents/turbo-turret/install/controller_input/share/controller_input/cmake/export_controller_input__rosidl_generator_pyExport-noconfig.cmake
-- Installing: /home/littled3092/Documents/turbo-turret/install/controller_input/share/controller_input/cmake/rosidl_cmake-extras.cmake
-- Installing: /home/littled3092/Documents/turbo-turret/install/controller_input/share/controller_input/cmake/ament_cmake_export_include_directories-extras.cmake
-- Installing: /home/littled3092/Documents/turbo-turret/install/controller_input/share/controller_input/cmake/ament_cmake_export_libraries-extras.cmake
-- Installing: /home/littled3092/Documents/turbo-turret/install/controller_input/share/controller_input/cmake/ament_cmake_export_targets-extras.cmake
-- Installing: /home/littled3092/Documents/turbo-turret/install/controller_input/share/controller_input/cmake/rosidl_cmake_export_typesupport_targets-extras.cmake
-- Installing: /home/littled3092/Documents/turbo-turret/install/controller_input/share/controller_input/cmake/ament_cmake_export_dependencies-extras.cmake
-- Installing: /home/littled3092/Documents/turbo-turret/install/controller_input/share/controller_input/cmake/rosidl_cmake_export_typesupport_libraries-extras.cmake
-- Installing: /home/littled3092/Documents/turbo-turret/install/controller_input/share/controller_input/cmake/controller_inputConfig.cmake
-- Installing: /home/littled3092/Documents/turbo-turret/install/controller_input/share/controller_input/cmake/controller_inputConfig-version.cmake
-- Installing: /home/littled3092/Documents/turbo-turret/install/controller_input/share/controller_input/package.xml
