running egg_info
writing ../../build/controller_input/controller_input.egg-info/PKG-INFO
writing dependency_links to ../../build/controller_input/controller_input.egg-info/dependency_links.txt
writing entry points to ../../build/controller_input/controller_input.egg-info/entry_points.txt
writing requirements to ../../build/controller_input/controller_input.egg-info/requires.txt
writing top-level names to ../../build/controller_input/controller_input.egg-info/top_level.txt
reading manifest file '../../build/controller_input/controller_input.egg-info/SOURCES.txt'
writing manifest file '../../build/controller_input/controller_input.egg-info/SOURCES.txt'
running build
running build_py
copying controller_input/controller_input.py -> /home/littled3092/Documents/turbo-turret/build/controller_input/build/lib/controller_input
running install
running install_lib
copying /home/littled3092/Documents/turbo-turret/build/controller_input/build/lib/controller_input/controller_input.py -> /home/littled3092/Documents/turbo-turret/install/controller_input/lib/python3.10/site-packages/controller_input
byte-compiling /home/littled3092/Documents/turbo-turret/install/controller_input/lib/python3.10/site-packages/controller_input/controller_input.py to controller_input.cpython-310.pyc
running install_data
running install_egg_info
removing '/home/littled3092/Documents/turbo-turret/install/controller_input/lib/python3.10/site-packages/controller_input-0.0.0-py3.10.egg-info' (and everything under it)
Copying ../../build/controller_input/controller_input.egg-info to /home/littled3092/Documents/turbo-turret/install/controller_input/lib/python3.10/site-packages/controller_input-0.0.0-py3.10.egg-info
running install_scripts
Installing controller_input script to /home/littled3092/Documents/turbo-turret/install/controller_input/lib/controller_input
Installing service script to /home/littled3092/Documents/turbo-turret/install/controller_input/lib/controller_input
writing list of installed files to '/home/littled3092/Documents/turbo-turret/build/controller_input/install.log'
