[2.290s] Invoking command in '/home/littled3092/Documents/turbo-turret/src/controller_input': PYTHONPATH=/home/littled3092/Documents/turbo-turret/build/controller_input/prefix_override:/home/littled3092/Documents/turbo-turret/install/controller_input/lib/python3.10/site-packages:${PYTHONPATH} /usr/bin/python3 setup.py egg_info --egg-base ../../build/controller_input build --build-base /home/littled3092/Documents/turbo-turret/build/controller_input/build install --record /home/littled3092/Documents/turbo-turret/build/controller_input/install.log --single-version-externally-managed
[2.776s] running egg_info
[2.780s] writing ../../build/controller_input/controller_input.egg-info/PKG-INFO
[2.780s] writing dependency_links to ../../build/controller_input/controller_input.egg-info/dependency_links.txt
[2.780s] writing entry points to ../../build/controller_input/controller_input.egg-info/entry_points.txt
[2.780s] writing requirements to ../../build/controller_input/controller_input.egg-info/requires.txt
[2.781s] writing top-level names to ../../build/controller_input/controller_input.egg-info/top_level.txt
[2.785s] reading manifest file '../../build/controller_input/controller_input.egg-info/SOURCES.txt'
[2.787s] writing manifest file '../../build/controller_input/controller_input.egg-info/SOURCES.txt'
[2.787s] running build
[2.788s] running build_py
[2.788s] copying controller_input/controller_input.py -> /home/littled3092/Documents/turbo-turret/build/controller_input/build/lib/controller_input
[2.789s] running install
[2.789s] running install_lib
[2.791s] copying /home/littled3092/Documents/turbo-turret/build/controller_input/build/lib/controller_input/controller_input.py -> /home/littled3092/Documents/turbo-turret/install/controller_input/lib/python3.10/site-packages/controller_input
[2.792s] byte-compiling /home/littled3092/Documents/turbo-turret/install/controller_input/lib/python3.10/site-packages/controller_input/controller_input.py to controller_input.cpython-310.pyc
[2.793s] running install_data
[2.794s] running install_egg_info
[2.796s] removing '/home/littled3092/Documents/turbo-turret/install/controller_input/lib/python3.10/site-packages/controller_input-0.0.0-py3.10.egg-info' (and everything under it)
[2.797s] Copying ../../build/controller_input/controller_input.egg-info to /home/littled3092/Documents/turbo-turret/install/controller_input/lib/python3.10/site-packages/controller_input-0.0.0-py3.10.egg-info
[2.798s] running install_scripts
[2.842s] Installing controller_input script to /home/littled3092/Documents/turbo-turret/install/controller_input/lib/controller_input
[2.843s] Installing service script to /home/littled3092/Documents/turbo-turret/install/controller_input/lib/controller_input
[2.843s] writing list of installed files to '/home/littled3092/Documents/turbo-turret/build/controller_input/install.log'
[2.918s] Invoked command in '/home/littled3092/Documents/turbo-turret/src/controller_input' returned '0': PYTHONPATH=/home/littled3092/Documents/turbo-turret/build/controller_input/prefix_override:/home/littled3092/Documents/turbo-turret/install/controller_input/lib/python3.10/site-packages:${PYTHONPATH} /usr/bin/python3 setup.py egg_info --egg-base ../../build/controller_input build --build-base /home/littled3092/Documents/turbo-turret/build/controller_input/build install --record /home/littled3092/Documents/turbo-turret/build/controller_input/install.log --single-version-externally-managed
