[1.375s] Invoking command in '/home/littled3092/Documents/turbo-turret/src/main_control': PYTHONPATH=/home/littled3092/Documents/turbo-turret/build/main_control/prefix_override:/home/littled3092/Documents/turbo-turret/install/main_control/lib/python3.10/site-packages:${PYTHONPATH} /usr/bin/python3 setup.py egg_info --egg-base ../../build/main_control build --build-base /home/littled3092/Documents/turbo-turret/build/main_control/build install --record /home/littled3092/Documents/turbo-turret/build/main_control/install.log --single-version-externally-managed
[1.785s] running egg_info
[1.786s] creating ../../build/main_control/main_control.egg-info
[1.786s] writing ../../build/main_control/main_control.egg-info/PKG-INFO
[1.786s] writing dependency_links to ../../build/main_control/main_control.egg-info/dependency_links.txt
[1.786s] writing entry points to ../../build/main_control/main_control.egg-info/entry_points.txt
[1.787s] writing requirements to ../../build/main_control/main_control.egg-info/requires.txt
[1.787s] writing top-level names to ../../build/main_control/main_control.egg-info/top_level.txt
[1.787s] writing manifest file '../../build/main_control/main_control.egg-info/SOURCES.txt'
[1.791s] reading manifest file '../../build/main_control/main_control.egg-info/SOURCES.txt'
[1.792s] writing manifest file '../../build/main_control/main_control.egg-info/SOURCES.txt'
[1.792s] running build
[1.792s] running build_py
[1.792s] creating /home/littled3092/Documents/turbo-turret/build/main_control/build
[1.793s] creating /home/littled3092/Documents/turbo-turret/build/main_control/build/lib
[1.793s] creating /home/littled3092/Documents/turbo-turret/build/main_control/build/lib/main_control
[1.793s] copying main_control/main_control.py -> /home/littled3092/Documents/turbo-turret/build/main_control/build/lib/main_control
[1.793s] copying main_control/__init__.py -> /home/littled3092/Documents/turbo-turret/build/main_control/build/lib/main_control
[1.793s] running install
[1.793s] /usr/lib/python3/dist-packages/setuptools/command/install.py:34: SetuptoolsDeprecationWarning: setup.py install is deprecated. Use build and pip and other standards-based tools.
[1.794s]   warnings.warn(
[1.794s] running install_lib
[1.796s] creating /home/littled3092/Documents/turbo-turret/install/main_control/lib/python3.10/site-packages/main_control
[1.797s] copying /home/littled3092/Documents/turbo-turret/build/main_control/build/lib/main_control/main_control.py -> /home/littled3092/Documents/turbo-turret/install/main_control/lib/python3.10/site-packages/main_control
[1.797s] copying /home/littled3092/Documents/turbo-turret/build/main_control/build/lib/main_control/__init__.py -> /home/littled3092/Documents/turbo-turret/install/main_control/lib/python3.10/site-packages/main_control
[1.797s] byte-compiling /home/littled3092/Documents/turbo-turret/install/main_control/lib/python3.10/site-packages/main_control/main_control.py to main_control.cpython-310.pyc
[1.798s] byte-compiling /home/littled3092/Documents/turbo-turret/install/main_control/lib/python3.10/site-packages/main_control/__init__.py to __init__.cpython-310.pyc
[1.798s] running install_data
[1.799s] creating /home/littled3092/Documents/turbo-turret/install/main_control/share/ament_index
[1.800s] creating /home/littled3092/Documents/turbo-turret/install/main_control/share/ament_index/resource_index
[1.800s] creating /home/littled3092/Documents/turbo-turret/install/main_control/share/ament_index/resource_index/packages
[1.800s] copying resource/main_control -> /home/littled3092/Documents/turbo-turret/install/main_control/share/ament_index/resource_index/packages
[1.800s] copying package.xml -> /home/littled3092/Documents/turbo-turret/install/main_control/share/main_control
[1.802s] running install_egg_info
[1.803s] Copying ../../build/main_control/main_control.egg-info to /home/littled3092/Documents/turbo-turret/install/main_control/lib/python3.10/site-packages/main_control-0.0.0-py3.10.egg-info
[1.804s] running install_scripts
[1.850s] Installing main_control script to /home/littled3092/Documents/turbo-turret/install/main_control/lib/main_control
[1.851s] writing list of installed files to '/home/littled3092/Documents/turbo-turret/build/main_control/install.log'
[1.903s] Invoked command in '/home/littled3092/Documents/turbo-turret/src/main_control' returned '0': PYTHONPATH=/home/littled3092/Documents/turbo-turret/build/main_control/prefix_override:/home/littled3092/Documents/turbo-turret/install/main_control/lib/python3.10/site-packages:${PYTHONPATH} /usr/bin/python3 setup.py egg_info --egg-base ../../build/main_control build --build-base /home/littled3092/Documents/turbo-turret/build/main_control/build install --record /home/littled3092/Documents/turbo-turret/build/main_control/install.log --single-version-externally-managed
