[2.054s] Invoking command in '/home/littled3092/Documents/turbo-turret/src/controller_input': PYTHONPATH=/home/littled3092/Documents/turbo-turret/build/controller_input/prefix_override:/home/littled3092/Documents/turbo-turret/install/controller_input/lib/python3.10/site-packages:${PYTHONPATH} /usr/bin/python3 setup.py egg_info --egg-base ../../build/controller_input build --build-base /home/littled3092/Documents/turbo-turret/build/controller_input/build install --record /home/littled3092/Documents/turbo-turret/build/controller_input/install.log --single-version-externally-managed
[2.710s] running egg_info
[2.713s] writing ../../build/controller_input/controller_input.egg-info/PKG-INFO
[2.713s] writing dependency_links to ../../build/controller_input/controller_input.egg-info/dependency_links.txt
[2.713s] writing entry points to ../../build/controller_input/controller_input.egg-info/entry_points.txt
[2.713s] writing requirements to ../../build/controller_input/controller_input.egg-info/requires.txt
[2.714s] writing top-level names to ../../build/controller_input/controller_input.egg-info/top_level.txt
[2.716s] reading manifest file '../../build/controller_input/controller_input.egg-info/SOURCES.txt'
[2.718s] writing manifest file '../../build/controller_input/controller_input.egg-info/SOURCES.txt'
[2.718s] running build
[2.719s] running build_py
[2.719s] copying controller_input/__init__.py -> /home/littled3092/Documents/turbo-turret/build/controller_input/build/lib/controller_input
[2.719s] copying controller_input/controller_input.py -> /home/littled3092/Documents/turbo-turret/build/controller_input/build/lib/controller_input
[2.719s] running install
[2.720s] running install_lib
[2.722s] copying /home/littled3092/Documents/turbo-turret/build/controller_input/build/lib/controller_input/__init__.py -> /home/littled3092/Documents/turbo-turret/install/controller_input/lib/python3.10/site-packages/controller_input
[2.723s] copying /home/littled3092/Documents/turbo-turret/build/controller_input/build/lib/controller_input/controller_input.py -> /home/littled3092/Documents/turbo-turret/install/controller_input/lib/python3.10/site-packages/controller_input
[2.724s] byte-compiling /home/littled3092/Documents/turbo-turret/install/controller_input/lib/python3.10/site-packages/controller_input/__init__.py to __init__.cpython-310.pyc
[2.724s] byte-compiling /home/littled3092/Documents/turbo-turret/install/controller_input/lib/python3.10/site-packages/controller_input/controller_input.py to controller_input.cpython-310.pyc
[2.725s] running install_data
[2.726s] copying resource/controller_input -> /home/littled3092/Documents/turbo-turret/install/controller_input/share/ament_index/resource_index/packages
[2.726s] copying package.xml -> /home/littled3092/Documents/turbo-turret/install/controller_input/share/controller_input
[2.726s] running install_egg_info
[2.729s] removing '/home/littled3092/Documents/turbo-turret/install/controller_input/lib/python3.10/site-packages/controller_input-0.0.0-py3.10.egg-info' (and everything under it)
[2.730s] Copying ../../build/controller_input/controller_input.egg-info to /home/littled3092/Documents/turbo-turret/install/controller_input/lib/python3.10/site-packages/controller_input-0.0.0-py3.10.egg-info
[2.732s] running install_scripts
[2.790s] Installing controller_input script to /home/littled3092/Documents/turbo-turret/install/controller_input/lib/controller_input
[2.790s] writing list of installed files to '/home/littled3092/Documents/turbo-turret/build/controller_input/install.log'
[2.877s] Invoked command in '/home/littled3092/Documents/turbo-turret/src/controller_input' returned '0': PYTHONPATH=/home/littled3092/Documents/turbo-turret/build/controller_input/prefix_override:/home/littled3092/Documents/turbo-turret/install/controller_input/lib/python3.10/site-packages:${PYTHONPATH} /usr/bin/python3 setup.py egg_info --egg-base ../../build/controller_input build --build-base /home/littled3092/Documents/turbo-turret/build/controller_input/build install --record /home/littled3092/Documents/turbo-turret/build/controller_input/install.log --single-version-externally-managed
