[2.557s] Invoking command in '/home/littled3092/Documents/turbo-turret/src/target_recognize': PYTHONPATH=/home/littled3092/Documents/turbo-turret/build/target_recognize/prefix_override:/home/littled3092/Documents/turbo-turret/install/target_recognize/lib/python3.10/site-packages:${PYTHONPATH} /usr/bin/python3 setup.py egg_info --egg-base ../../build/target_recognize build --build-base /home/littled3092/Documents/turbo-turret/build/target_recognize/build install --record /home/littled3092/Documents/turbo-turret/build/target_recognize/install.log --single-version-externally-managed
[3.238s] running egg_info
[3.239s] creating ../../build/target_recognize/target_recognize.egg-info
[3.239s] writing ../../build/target_recognize/target_recognize.egg-info/PKG-INFO
[3.239s] writing dependency_links to ../../build/target_recognize/target_recognize.egg-info/dependency_links.txt
[3.239s] writing entry points to ../../build/target_recognize/target_recognize.egg-info/entry_points.txt
[3.245s] writing requirements to ../../build/target_recognize/target_recognize.egg-info/requires.txt
[3.245s] writing top-level names to ../../build/target_recognize/target_recognize.egg-info/top_level.txt
[3.245s] writing manifest file '../../build/target_recognize/target_recognize.egg-info/SOURCES.txt'
[3.245s] reading manifest file '../../build/target_recognize/target_recognize.egg-info/SOURCES.txt'
[3.252s] writing manifest file '../../build/target_recognize/target_recognize.egg-info/SOURCES.txt'
[3.255s] running build
[3.255s] running build_py
[3.255s] creating /home/littled3092/Documents/turbo-turret/build/target_recognize/build
[3.255s] creating /home/littled3092/Documents/turbo-turret/build/target_recognize/build/lib
[3.255s] creating /home/littled3092/Documents/turbo-turret/build/target_recognize/build/lib/target_recognize
[3.255s] copying target_recognize/target_recognize.py -> /home/littled3092/Documents/turbo-turret/build/target_recognize/build/lib/target_recognize
[3.256s] copying target_recognize/__init__.py -> /home/littled3092/Documents/turbo-turret/build/target_recognize/build/lib/target_recognize
[3.256s] running install
[3.256s] running install_lib
[3.258s] creating /home/littled3092/Documents/turbo-turret/install/target_recognize/lib/python3.10/site-packages/target_recognize
[3.259s] copying /home/littled3092/Documents/turbo-turret/build/target_recognize/build/lib/target_recognize/target_recognize.py -> /home/littled3092/Documents/turbo-turret/install/target_recognize/lib/python3.10/site-packages/target_recognize
[3.259s] copying /home/littled3092/Documents/turbo-turret/build/target_recognize/build/lib/target_recognize/__init__.py -> /home/littled3092/Documents/turbo-turret/install/target_recognize/lib/python3.10/site-packages/target_recognize
[3.262s] byte-compiling /home/littled3092/Documents/turbo-turret/install/target_recognize/lib/python3.10/site-packages/target_recognize/target_recognize.py to target_recognize.cpython-310.pyc
[3.263s] byte-compiling /home/littled3092/Documents/turbo-turret/install/target_recognize/lib/python3.10/site-packages/target_recognize/__init__.py to __init__.cpython-310.pyc
[3.263s] running install_data
[3.268s] creating /home/littled3092/Documents/turbo-turret/install/target_recognize/share/ament_index
[3.269s] creating /home/littled3092/Documents/turbo-turret/install/target_recognize/share/ament_index/resource_index
[3.269s] creating /home/littled3092/Documents/turbo-turret/install/target_recognize/share/ament_index/resource_index/packages
[3.269s] copying resource/target_recognize -> /home/littled3092/Documents/turbo-turret/install/target_recognize/share/ament_index/resource_index/packages
[3.270s] copying package.xml -> /home/littled3092/Documents/turbo-turret/install/target_recognize/share/target_recognize
[3.270s] running install_egg_info
[3.280s] Copying ../../build/target_recognize/target_recognize.egg-info to /home/littled3092/Documents/turbo-turret/install/target_recognize/lib/python3.10/site-packages/target_recognize-0.0.0-py3.10.egg-info
[3.281s] running install_scripts
[3.346s] Installing target_recognize script to /home/littled3092/Documents/turbo-turret/install/target_recognize/lib/target_recognize
[3.347s] writing list of installed files to '/home/littled3092/Documents/turbo-turret/build/target_recognize/install.log'
[3.457s] Invoked command in '/home/littled3092/Documents/turbo-turret/src/target_recognize' returned '0': PYTHONPATH=/home/littled3092/Documents/turbo-turret/build/target_recognize/prefix_override:/home/littled3092/Documents/turbo-turret/install/target_recognize/lib/python3.10/site-packages:${PYTHONPATH} /usr/bin/python3 setup.py egg_info --egg-base ../../build/target_recognize build --build-base /home/littled3092/Documents/turbo-turret/build/target_recognize/build install --record /home/littled3092/Documents/turbo-turret/build/target_recognize/install.log --single-version-externally-managed
