[2.109s] Invoking command in '/home/littled3092/Documents/turbo-turret/src/target_recognize': PYTHONPATH=/home/littled3092/Documents/turbo-turret/build/target_recognize/prefix_override:/home/littled3092/Documents/turbo-turret/install/target_recognize/lib/python3.10/site-packages:${PYTHONPATH} /usr/bin/python3 setup.py egg_info --egg-base ../../build/target_recognize build --build-base /home/littled3092/Documents/turbo-turret/build/target_recognize/build install --record /home/littled3092/Documents/turbo-turret/build/target_recognize/install.log --single-version-externally-managed
[2.750s] running egg_info
[2.751s] writing ../../build/target_recognize/target_recognize.egg-info/PKG-INFO
[2.756s] writing dependency_links to ../../build/target_recognize/target_recognize.egg-info/dependency_links.txt
[2.757s] writing entry points to ../../build/target_recognize/target_recognize.egg-info/entry_points.txt
[2.757s] writing requirements to ../../build/target_recognize/target_recognize.egg-info/requires.txt
[2.757s] writing top-level names to ../../build/target_recognize/target_recognize.egg-info/top_level.txt
[2.762s] reading manifest file '../../build/target_recognize/target_recognize.egg-info/SOURCES.txt'
[2.764s] writing manifest file '../../build/target_recognize/target_recognize.egg-info/SOURCES.txt'
[2.764s] running build
[2.765s] running build_py
[2.765s] running install
[2.766s] running install_lib
[2.769s] running install_data
[2.771s] running install_egg_info
[2.776s] removing '/home/littled3092/Documents/turbo-turret/install/target_recognize/lib/python3.10/site-packages/target_recognize-0.0.0-py3.10.egg-info' (and everything under it)
[2.782s] Copying ../../build/target_recognize/target_recognize.egg-info to /home/littled3092/Documents/turbo-turret/install/target_recognize/lib/python3.10/site-packages/target_recognize-0.0.0-py3.10.egg-info
[2.783s] running install_scripts
[2.830s] Installing target_recognize script to /home/littled3092/Documents/turbo-turret/install/target_recognize/lib/target_recognize
[2.830s] writing list of installed files to '/home/littled3092/Documents/turbo-turret/build/target_recognize/install.log'
[2.911s] Invoked command in '/home/littled3092/Documents/turbo-turret/src/target_recognize' returned '0': PYTHONPATH=/home/littled3092/Documents/turbo-turret/build/target_recognize/prefix_override:/home/littled3092/Documents/turbo-turret/install/target_recognize/lib/python3.10/site-packages:${PYTHONPATH} /usr/bin/python3 setup.py egg_info --egg-base ../../build/target_recognize build --build-base /home/littled3092/Documents/turbo-turret/build/target_recognize/build install --record /home/littled3092/Documents/turbo-turret/build/target_recognize/install.log --single-version-externally-managed
