running egg_info
creating ../../build/main_control/main_control.egg-info
writing ../../build/main_control/main_control.egg-info/PKG-INFO
writing dependency_links to ../../build/main_control/main_control.egg-info/dependency_links.txt
writing entry points to ../../build/main_control/main_control.egg-info/entry_points.txt
writing requirements to ../../build/main_control/main_control.egg-info/requires.txt
writing top-level names to ../../build/main_control/main_control.egg-info/top_level.txt
writing manifest file '../../build/main_control/main_control.egg-info/SOURCES.txt'
reading manifest file '../../build/main_control/main_control.egg-info/SOURCES.txt'
writing manifest file '../../build/main_control/main_control.egg-info/SOURCES.txt'
running build
running build_py
creating /home/littled3092/Documents/turbo-turret/build/main_control/build
creating /home/littled3092/Documents/turbo-turret/build/main_control/build/lib
creating /home/littled3092/Documents/turbo-turret/build/main_control/build/lib/main_control
copying main_control/main_control.py -> /home/littled3092/Documents/turbo-turret/build/main_control/build/lib/main_control
copying main_control/__init__.py -> /home/littled3092/Documents/turbo-turret/build/main_control/build/lib/main_control
running install
running install_lib
creating /home/littled3092/Documents/turbo-turret/install/main_control/lib/python3.10/site-packages/main_control
copying /home/littled3092/Documents/turbo-turret/build/main_control/build/lib/main_control/main_control.py -> /home/littled3092/Documents/turbo-turret/install/main_control/lib/python3.10/site-packages/main_control
copying /home/littled3092/Documents/turbo-turret/build/main_control/build/lib/main_control/__init__.py -> /home/littled3092/Documents/turbo-turret/install/main_control/lib/python3.10/site-packages/main_control
byte-compiling /home/littled3092/Documents/turbo-turret/install/main_control/lib/python3.10/site-packages/main_control/main_control.py to main_control.cpython-310.pyc
byte-compiling /home/littled3092/Documents/turbo-turret/install/main_control/lib/python3.10/site-packages/main_control/__init__.py to __init__.cpython-310.pyc
running install_data
creating /home/littled3092/Documents/turbo-turret/install/main_control/share/ament_index
creating /home/littled3092/Documents/turbo-turret/install/main_control/share/ament_index/resource_index
creating /home/littled3092/Documents/turbo-turret/install/main_control/share/ament_index/resource_index/packages
copying resource/main_control -> /home/littled3092/Documents/turbo-turret/install/main_control/share/ament_index/resource_index/packages
copying package.xml -> /home/littled3092/Documents/turbo-turret/install/main_control/share/main_control
running install_egg_info
Copying ../../build/main_control/main_control.egg-info to /home/littled3092/Documents/turbo-turret/install/main_control/lib/python3.10/site-packages/main_control-0.0.0-py3.10.egg-info
running install_scripts
Installing client script to /home/littled3092/Documents/turbo-turret/install/main_control/lib/main_control
Installing main_control script to /home/littled3092/Documents/turbo-turret/install/main_control/lib/main_control
writing list of installed files to '/home/littled3092/Documents/turbo-turret/build/main_control/install.log'
