[2.450s] Invoking command in '/home/littled3092/Documents/turbo-turret/src/main_control': PYTHONPATH=/home/littled3092/Documents/turbo-turret/build/main_control/prefix_override:/home/littled3092/Documents/turbo-turret/install/main_control/lib/python3.10/site-packages:${PYTHONPATH} /usr/bin/python3 setup.py egg_info --egg-base ../../build/main_control build --build-base /home/littled3092/Documents/turbo-turret/build/main_control/build install --record /home/littled3092/Documents/turbo-turret/build/main_control/install.log --single-version-externally-managed
[3.151s] running egg_info
[3.152s] creating ../../build/main_control/main_control.egg-info
[3.154s] writing ../../build/main_control/main_control.egg-info/PKG-INFO
[3.154s] writing dependency_links to ../../build/main_control/main_control.egg-info/dependency_links.txt
[3.156s] writing entry points to ../../build/main_control/main_control.egg-info/entry_points.txt
[3.156s] writing requirements to ../../build/main_control/main_control.egg-info/requires.txt
[3.156s] writing top-level names to ../../build/main_control/main_control.egg-info/top_level.txt
[3.157s] writing manifest file '../../build/main_control/main_control.egg-info/SOURCES.txt'
[3.164s] reading manifest file '../../build/main_control/main_control.egg-info/SOURCES.txt'
[3.164s] writing manifest file '../../build/main_control/main_control.egg-info/SOURCES.txt'
[3.164s] running build
[3.165s] running build_py
[3.165s] creating /home/littled3092/Documents/turbo-turret/build/main_control/build
[3.165s] creating /home/littled3092/Documents/turbo-turret/build/main_control/build/lib
[3.165s] creating /home/littled3092/Documents/turbo-turret/build/main_control/build/lib/main_control
[3.166s] copying main_control/main_control.py -> /home/littled3092/Documents/turbo-turret/build/main_control/build/lib/main_control
[3.166s] copying main_control/__init__.py -> /home/littled3092/Documents/turbo-turret/build/main_control/build/lib/main_control
[3.166s] running install
[3.166s] running install_lib
[3.173s] creating /home/littled3092/Documents/turbo-turret/install/main_control/lib/python3.10/site-packages/main_control
[3.174s] copying /home/littled3092/Documents/turbo-turret/build/main_control/build/lib/main_control/main_control.py -> /home/littled3092/Documents/turbo-turret/install/main_control/lib/python3.10/site-packages/main_control
[3.174s] copying /home/littled3092/Documents/turbo-turret/build/main_control/build/lib/main_control/__init__.py -> /home/littled3092/Documents/turbo-turret/install/main_control/lib/python3.10/site-packages/main_control
[3.174s] byte-compiling /home/littled3092/Documents/turbo-turret/install/main_control/lib/python3.10/site-packages/main_control/main_control.py to main_control.cpython-310.pyc
[3.174s] byte-compiling /home/littled3092/Documents/turbo-turret/install/main_control/lib/python3.10/site-packages/main_control/__init__.py to __init__.cpython-310.pyc
[3.176s] running install_data
[3.176s] creating /home/littled3092/Documents/turbo-turret/install/main_control/share/ament_index
[3.176s] creating /home/littled3092/Documents/turbo-turret/install/main_control/share/ament_index/resource_index
[3.177s] creating /home/littled3092/Documents/turbo-turret/install/main_control/share/ament_index/resource_index/packages
[3.177s] copying resource/main_control -> /home/littled3092/Documents/turbo-turret/install/main_control/share/ament_index/resource_index/packages
[3.177s] copying package.xml -> /home/littled3092/Documents/turbo-turret/install/main_control/share/main_control
[3.177s] running install_egg_info
[3.181s] Copying ../../build/main_control/main_control.egg-info to /home/littled3092/Documents/turbo-turret/install/main_control/lib/python3.10/site-packages/main_control-0.0.0-py3.10.egg-info
[3.183s] running install_scripts
[3.247s] Installing client script to /home/littled3092/Documents/turbo-turret/install/main_control/lib/main_control
[3.247s] Installing main_control script to /home/littled3092/Documents/turbo-turret/install/main_control/lib/main_control
[3.250s] writing list of installed files to '/home/littled3092/Documents/turbo-turret/build/main_control/install.log'
[3.369s] Invoked command in '/home/littled3092/Documents/turbo-turret/src/main_control' returned '0': PYTHONPATH=/home/littled3092/Documents/turbo-turret/build/main_control/prefix_override:/home/littled3092/Documents/turbo-turret/install/main_control/lib/python3.10/site-packages:${PYTHONPATH} /usr/bin/python3 setup.py egg_info --egg-base ../../build/main_control build --build-base /home/littled3092/Documents/turbo-turret/build/main_control/build install --record /home/littled3092/Documents/turbo-turret/build/main_control/install.log --single-version-externally-managed
