[0.925s] Invoking command in '/home/littled3092/Documents/turbo-turret/src/controller_input': PYTHONPATH=/home/littled3092/Documents/turbo-turret/build/controller_input/prefix_override:/home/littled3092/Documents/turbo-turret/install/controller_input/lib/python3.10/site-packages:${PYTHONPATH} /usr/bin/python3 setup.py egg_info --egg-base ../../build/controller_input build --build-base /home/littled3092/Documents/turbo-turret/build/controller_input/build install --record /home/littled3092/Documents/turbo-turret/build/controller_input/install.log --single-version-externally-managed
[1.303s] running egg_info
[1.303s] writing ../../build/controller_input/controller_input.egg-info/PKG-INFO
[1.303s] writing dependency_links to ../../build/controller_input/controller_input.egg-info/dependency_links.txt
[1.304s] writing entry points to ../../build/controller_input/controller_input.egg-info/entry_points.txt
[1.304s] writing requirements to ../../build/controller_input/controller_input.egg-info/requires.txt
[1.304s] writing top-level names to ../../build/controller_input/controller_input.egg-info/top_level.txt
[1.306s] reading manifest file '../../build/controller_input/controller_input.egg-info/SOURCES.txt'
[1.309s] writing manifest file '../../build/controller_input/controller_input.egg-info/SOURCES.txt'
[1.309s] running build
[1.309s] running build_py
[1.309s] running install
[1.310s] running install_lib
[1.312s] running install_data
[1.313s] running install_egg_info
[1.315s] removing '/home/littled3092/Documents/turbo-turret/install/controller_input/lib/python3.10/site-packages/controller_input-0.0.0-py3.10.egg-info' (and everything under it)
[1.316s] Copying ../../build/controller_input/controller_input.egg-info to /home/littled3092/Documents/turbo-turret/install/controller_input/lib/python3.10/site-packages/controller_input-0.0.0-py3.10.egg-info
[1.317s] running install_scripts
[1.343s] Installing controller_input script to /home/littled3092/Documents/turbo-turret/install/controller_input/lib/controller_input
[1.343s] writing list of installed files to '/home/littled3092/Documents/turbo-turret/build/controller_input/install.log'
[1.376s] Invoked command in '/home/littled3092/Documents/turbo-turret/src/controller_input' returned '0': PYTHONPATH=/home/littled3092/Documents/turbo-turret/build/controller_input/prefix_override:/home/littled3092/Documents/turbo-turret/install/controller_input/lib/python3.10/site-packages:${PYTHONPATH} /usr/bin/python3 setup.py egg_info --egg-base ../../build/controller_input build --build-base /home/littled3092/Documents/turbo-turret/build/controller_input/build install --record /home/littled3092/Documents/turbo-turret/build/controller_input/install.log --single-version-externally-managed
