running egg_info
writing ../../build/main_control/main_control.egg-info/PKG-INFO
writing dependency_links to ../../build/main_control/main_control.egg-info/dependency_links.txt
writing entry points to ../../build/main_control/main_control.egg-info/entry_points.txt
writing requirements to ../../build/main_control/main_control.egg-info/requires.txt
writing top-level names to ../../build/main_control/main_control.egg-info/top_level.txt
reading manifest file '../../build/main_control/main_control.egg-info/SOURCES.txt'
writing manifest file '../../build/main_control/main_control.egg-info/SOURCES.txt'
running build
running build_py
running install
running install_lib
running install_data
copying package.xml -> /home/littled3092/Documents/turbo-turret/install/main_control/share/main_control
running install_egg_info
removing '/home/littled3092/Documents/turbo-turret/install/main_control/lib/python3.10/site-packages/main_control-0.0.0-py3.10.egg-info' (and everything under it)
Copying ../../build/main_control/main_control.egg-info to /home/littled3092/Documents/turbo-turret/install/main_control/lib/python3.10/site-packages/main_control-0.0.0-py3.10.egg-info
running install_scripts
Installing main_control script to /home/littled3092/Documents/turbo-turret/install/main_control/lib/main_control
writing list of installed files to '/home/littled3092/Documents/turbo-turret/build/main_control/install.log'
