[2.540s] Invoking command in '/home/littled3092/Documents/turbo-turret/src/controller_input': PYTHONPATH=/home/littled3092/Documents/turbo-turret/build/controller_input/prefix_override:/home/littled3092/Documents/turbo-turret/install/controller_input/lib/python3.10/site-packages:${PYTHONPATH} /usr/bin/python3 setup.py egg_info --egg-base ../../build/controller_input build --build-base /home/littled3092/Documents/turbo-turret/build/controller_input/build install --record /home/littled3092/Documents/turbo-turret/build/controller_input/install.log --single-version-externally-managed
[3.228s] running egg_info
[3.241s] creating ../../build/controller_input/controller_input.egg-info
[3.241s] writing ../../build/controller_input/controller_input.egg-info/PKG-INFO
[3.241s] writing dependency_links to ../../build/controller_input/controller_input.egg-info/dependency_links.txt
[3.242s] writing entry points to ../../build/controller_input/controller_input.egg-info/entry_points.txt
[3.242s] writing requirements to ../../build/controller_input/controller_input.egg-info/requires.txt
[3.242s] writing top-level names to ../../build/controller_input/controller_input.egg-info/top_level.txt
[3.242s] writing manifest file '../../build/controller_input/controller_input.egg-info/SOURCES.txt'
[3.242s] reading manifest file '../../build/controller_input/controller_input.egg-info/SOURCES.txt'
[3.242s] writing manifest file '../../build/controller_input/controller_input.egg-info/SOURCES.txt'
[3.243s] running build
[3.243s] running build_py
[3.243s] creating /home/littled3092/Documents/turbo-turret/build/controller_input/build
[3.243s] creating /home/littled3092/Documents/turbo-turret/build/controller_input/build/lib
[3.243s] creating /home/littled3092/Documents/turbo-turret/build/controller_input/build/lib/controller_input
[3.243s] copying controller_input/__init__.py -> /home/littled3092/Documents/turbo-turret/build/controller_input/build/lib/controller_input
[3.244s] copying controller_input/controller_input.py -> /home/littled3092/Documents/turbo-turret/build/controller_input/build/lib/controller_input
[3.244s] running install
[3.244s] running install_lib
[3.247s] creating /home/littled3092/Documents/turbo-turret/install/controller_input/lib/python3.10/site-packages/controller_input
[3.247s] copying /home/littled3092/Documents/turbo-turret/build/controller_input/build/lib/controller_input/__init__.py -> /home/littled3092/Documents/turbo-turret/install/controller_input/lib/python3.10/site-packages/controller_input
[3.247s] copying /home/littled3092/Documents/turbo-turret/build/controller_input/build/lib/controller_input/controller_input.py -> /home/littled3092/Documents/turbo-turret/install/controller_input/lib/python3.10/site-packages/controller_input
[3.248s] byte-compiling /home/littled3092/Documents/turbo-turret/install/controller_input/lib/python3.10/site-packages/controller_input/__init__.py to __init__.cpython-310.pyc
[3.248s] byte-compiling /home/littled3092/Documents/turbo-turret/install/controller_input/lib/python3.10/site-packages/controller_input/controller_input.py to controller_input.cpython-310.pyc
[3.250s] running install_data
[3.253s] creating /home/littled3092/Documents/turbo-turret/install/controller_input/share/ament_index
[3.253s] creating /home/littled3092/Documents/turbo-turret/install/controller_input/share/ament_index/resource_index
[3.253s] creating /home/littled3092/Documents/turbo-turret/install/controller_input/share/ament_index/resource_index/packages
[3.253s] copying resource/controller_input -> /home/littled3092/Documents/turbo-turret/install/controller_input/share/ament_index/resource_index/packages
[3.254s] copying package.xml -> /home/littled3092/Documents/turbo-turret/install/controller_input/share/controller_input
[3.254s] running install_egg_info
[3.258s] Copying ../../build/controller_input/controller_input.egg-info to /home/littled3092/Documents/turbo-turret/install/controller_input/lib/python3.10/site-packages/controller_input-0.0.0-py3.10.egg-info
[3.263s] running install_scripts
[3.322s] Installing controller_input script to /home/littled3092/Documents/turbo-turret/install/controller_input/lib/controller_input
[3.323s] Installing service script to /home/littled3092/Documents/turbo-turret/install/controller_input/lib/controller_input
[3.323s] writing list of installed files to '/home/littled3092/Documents/turbo-turret/build/controller_input/install.log'
[3.483s] Invoked command in '/home/littled3092/Documents/turbo-turret/src/controller_input' returned '0': PYTHONPATH=/home/littled3092/Documents/turbo-turret/build/controller_input/prefix_override:/home/littled3092/Documents/turbo-turret/install/controller_input/lib/python3.10/site-packages:${PYTHONPATH} /usr/bin/python3 setup.py egg_info --egg-base ../../build/controller_input build --build-base /home/littled3092/Documents/turbo-turret/build/controller_input/build install --record /home/littled3092/Documents/turbo-turret/build/controller_input/install.log --single-version-externally-managed
