[1.361s] Invoking command in '/home/littled3092/Documents/turbo-turret/src/target_recognize': PYTHONPATH=/home/littled3092/Documents/turbo-turret/build/target_recognize/prefix_override:/home/littled3092/Documents/turbo-turret/install/target_recognize/lib/python3.10/site-packages:${PYTHONPATH} /usr/bin/python3 setup.py egg_info --egg-base ../../build/target_recognize build --build-base /home/littled3092/Documents/turbo-turret/build/target_recognize/build install --record /home/littled3092/Documents/turbo-turret/build/target_recognize/install.log --single-version-externally-managed
[1.760s] running egg_info
[1.761s] writing ../../build/target_recognize/target_recognize.egg-info/PKG-INFO
[1.761s] writing dependency_links to ../../build/target_recognize/target_recognize.egg-info/dependency_links.txt
[1.761s] writing entry points to ../../build/target_recognize/target_recognize.egg-info/entry_points.txt
[1.761s] writing requirements to ../../build/target_recognize/target_recognize.egg-info/requires.txt
[1.762s] writing top-level names to ../../build/target_recognize/target_recognize.egg-info/top_level.txt
[1.765s] reading manifest file '../../build/target_recognize/target_recognize.egg-info/SOURCES.txt'
[1.766s] writing manifest file '../../build/target_recognize/target_recognize.egg-info/SOURCES.txt'
[1.766s] running build
[1.767s] running build_py
[1.767s] running install
[1.768s] running install_lib
[1.770s] running install_data
[1.771s] running install_egg_info
[1.774s] removing '/home/littled3092/Documents/turbo-turret/install/target_recognize/lib/python3.10/site-packages/target_recognize-0.0.0-py3.10.egg-info' (and everything under it)
[1.775s] Copying ../../build/target_recognize/target_recognize.egg-info to /home/littled3092/Documents/turbo-turret/install/target_recognize/lib/python3.10/site-packages/target_recognize-0.0.0-py3.10.egg-info
[1.776s] running install_scripts
[1.812s] Installing target_recognize script to /home/littled3092/Documents/turbo-turret/install/target_recognize/lib/target_recognize
[1.813s] writing list of installed files to '/home/littled3092/Documents/turbo-turret/build/target_recognize/install.log'
[1.875s] Invoked command in '/home/littled3092/Documents/turbo-turret/src/target_recognize' returned '0': PYTHONPATH=/home/littled3092/Documents/turbo-turret/build/target_recognize/prefix_override:/home/littled3092/Documents/turbo-turret/install/target_recognize/lib/python3.10/site-packages:${PYTHONPATH} /usr/bin/python3 setup.py egg_info --egg-base ../../build/target_recognize build --build-base /home/littled3092/Documents/turbo-turret/build/target_recognize/build install --record /home/littled3092/Documents/turbo-turret/build/target_recognize/install.log --single-version-externally-managed
