[1.765s] Invoking command in '/home/littled3092/Documents/turbo-turret/src/main_control': PYTHONPATH=/home/littled3092/Documents/turbo-turret/build/main_control/prefix_override:/home/littled3092/Documents/turbo-turret/install/main_control/lib/python3.10/site-packages:${PYTHONPATH} /usr/bin/python3 setup.py egg_info --egg-base ../../build/main_control build --build-base /home/littled3092/Documents/turbo-turret/build/main_control/build install --record /home/littled3092/Documents/turbo-turret/build/main_control/install.log --single-version-externally-managed
[2.255s] running egg_info
[2.256s] writing ../../build/main_control/main_control.egg-info/PKG-INFO
[2.256s] writing dependency_links to ../../build/main_control/main_control.egg-info/dependency_links.txt
[2.256s] writing entry points to ../../build/main_control/main_control.egg-info/entry_points.txt
[2.257s] writing requirements to ../../build/main_control/main_control.egg-info/requires.txt
[2.257s] writing top-level names to ../../build/main_control/main_control.egg-info/top_level.txt
[2.260s] reading manifest file '../../build/main_control/main_control.egg-info/SOURCES.txt'
[2.265s] writing manifest file '../../build/main_control/main_control.egg-info/SOURCES.txt'
[2.265s] running build
[2.266s] running build_py
[2.266s] running install
[2.266s] running install_lib
[2.268s] running install_data
[2.269s] running install_egg_info
[2.273s] removing '/home/littled3092/Documents/turbo-turret/install/main_control/lib/python3.10/site-packages/main_control-0.0.0-py3.10.egg-info' (and everything under it)
[2.273s] Copying ../../build/main_control/main_control.egg-info to /home/littled3092/Documents/turbo-turret/install/main_control/lib/python3.10/site-packages/main_control-0.0.0-py3.10.egg-info
[2.275s] running install_scripts
[2.324s] Installing main_control script to /home/littled3092/Documents/turbo-turret/install/main_control/lib/main_control
[2.324s] writing list of installed files to '/home/littled3092/Documents/turbo-turret/build/main_control/install.log'
[2.452s] Invoked command in '/home/littled3092/Documents/turbo-turret/src/main_control' returned '0': PYTHONPATH=/home/littled3092/Documents/turbo-turret/build/main_control/prefix_override:/home/littled3092/Documents/turbo-turret/install/main_control/lib/python3.10/site-packages:${PYTHONPATH} /usr/bin/python3 setup.py egg_info --egg-base ../../build/main_control build --build-base /home/littled3092/Documents/turbo-turret/build/main_control/build install --record /home/littled3092/Documents/turbo-turret/build/main_control/install.log --single-version-externally-managed
