[1.629s] Invoking command in '/home/littled3092/Documents/turbo-turret/src/target_recognize': PYTHONPATH=/home/littled3092/Documents/turbo-turret/build/target_recognize/prefix_override:/home/littled3092/Documents/turbo-turret/install/target_recognize/lib/python3.10/site-packages:${PYTHONPATH} /usr/bin/python3 setup.py egg_info --egg-base ../../build/target_recognize build --build-base /home/littled3092/Documents/turbo-turret/build/target_recognize/build install --record /home/littled3092/Documents/turbo-turret/build/target_recognize/install.log --single-version-externally-managed
[2.031s] running egg_info
[2.032s] writing ../../build/target_recognize/target_recognize.egg-info/PKG-INFO
[2.032s] writing dependency_links to ../../build/target_recognize/target_recognize.egg-info/dependency_links.txt
[2.033s] writing entry points to ../../build/target_recognize/target_recognize.egg-info/entry_points.txt
[2.033s] writing requirements to ../../build/target_recognize/target_recognize.egg-info/requires.txt
[2.033s] writing top-level names to ../../build/target_recognize/target_recognize.egg-info/top_level.txt
[2.035s] reading manifest file '../../build/target_recognize/target_recognize.egg-info/SOURCES.txt'
[2.038s] writing manifest file '../../build/target_recognize/target_recognize.egg-info/SOURCES.txt'
[2.038s] running build
[2.039s] running build_py
[2.039s] running install
[2.039s] running install_lib
[2.041s] running install_data
[2.042s] running install_egg_info
[2.044s] removing '/home/littled3092/Documents/turbo-turret/install/target_recognize/lib/python3.10/site-packages/target_recognize-0.0.0-py3.10.egg-info' (and everything under it)
[2.045s] Copying ../../build/target_recognize/target_recognize.egg-info to /home/littled3092/Documents/turbo-turret/install/target_recognize/lib/python3.10/site-packages/target_recognize-0.0.0-py3.10.egg-info
[2.046s] running install_scripts
[2.077s] Installing target_recognize script to /home/littled3092/Documents/turbo-turret/install/target_recognize/lib/target_recognize
[2.078s] writing list of installed files to '/home/littled3092/Documents/turbo-turret/build/target_recognize/install.log'
[2.152s] Invoked command in '/home/littled3092/Documents/turbo-turret/src/target_recognize' returned '0': PYTHONPATH=/home/littled3092/Documents/turbo-turret/build/target_recognize/prefix_override:/home/littled3092/Documents/turbo-turret/install/target_recognize/lib/python3.10/site-packages:${PYTHONPATH} /usr/bin/python3 setup.py egg_info --egg-base ../../build/target_recognize build --build-base /home/littled3092/Documents/turbo-turret/build/target_recognize/build install --record /home/littled3092/Documents/turbo-turret/build/target_recognize/install.log --single-version-externally-managed
